<?xml version="1.0" encoding="utf-8"?><testsuites><testsuite name="pytest" errors="0" failures="0" skipped="0" tests="21" time="1.413" timestamp="2022-09-26T00:52:10.628359" hostname="fv-az571-163"><testcase classname="tests.unit_tests.test_client" name="test_client__authentication" time="0.045" /><testcase classname="tests.unit_tests.test_client" name="test_client__online_id" time="0.420" /><testcase classname="tests.unit_tests.test_client" name="test_client__account_id" time="0.021" /><testcase classname="tests.unit_tests.test_client" name="test_client__get_profile_legacy" time="0.037" /><testcase classname="tests.unit_tests.test_client" name="test_client__account_devices" time="0.019" /><testcase classname="tests.unit_tests.test_client" name="test_client__get_friends" time="0.331" /><testcase classname="tests.unit_tests.test_client" name="test_client__available_to_play" time="0.045" /><testcase classname="tests.unit_tests.test_client" name="test_client__blocked_list" time="0.019" /><testcase classname="tests.unit_tests.test_client" name="test_client__repr_and_str" time="0.060" /><testcase classname="tests.unit_tests.test_user" name="test_user__user" time="0.019" /><testcase classname="tests.unit_tests.test_user" name="test_user__user_account_id" time="0.019" /><testcase classname="tests.unit_tests.test_user" name="test_user__user_no_argument" time="0.011" /><testcase classname="tests.unit_tests.test_user" name="test_user__user_wrong_acc_id" time="0.011" /><testcase classname="tests.unit_tests.test_user" name="test_user__prev_online_id" time="0.020" /><testcase classname="tests.unit_tests.test_user" name="test_user__user_not_found" time="0.012" /><testcase classname="tests.unit_tests.test_user" name="test_user__user_acct_id_not_found" time="0.013" /><testcase classname="tests.unit_tests.test_user" name="test_user__get_presence" time="0.028" /><testcase classname="tests.unit_tests.test_user" name="test_user__get_presence_forbidden" time="0.027" /><testcase classname="tests.unit_tests.test_user" name="test_user__friendship" time="0.028" /><testcase classname="tests.unit_tests.test_user" name="test_user__is_blocked" time="0.027" /><testcase classname="tests.unit_tests.test_user" name="test_user__repr_and_str" time="0.022" /></testsuite></testsuites>