<?xml version="1.0" encoding="utf-8"?><testsuites><testsuite name="pytest" errors="0" failures="0" skipped="1" tests="6" time="1.181" timestamp="2022-06-27T17:47:10.645515" hostname="pop-os"><testcase classname="tests.unit_tests.psnawp_client_test" name="test__authentication" time="0.013" /><testcase classname="tests.unit_tests.psnawp_client_test" name="test__online_id" time="1.033" /><testcase classname="tests.unit_tests.psnawp_client_test" name="test__account_id" time="0.009" /><testcase classname="tests.unit_tests.psnawp_client_test" name="test__account_devices" time="0.000"><skipped type="pytest.skip" message="Not implemented yet">/home/kira/drives/samsung-ssd/Programming/Pycharm/psn-python/tests/unit_tests/psnawp_client_test.py:28: Not implemented yet</skipped></testcase><testcase classname="tests.unit_tests.psnawp_client_test" name="test__get_friends" time="0.009" /><testcase classname="tests.unit_tests.psnawp_client_test" name="test__blocked_list" time="0.009" /></testsuite></testsuites>
