<?xml version="1.0" encoding="utf-8"?><testsuites><testsuite name="pytest" errors="0" failures="0" skipped="0" tests="14" time="94.927" timestamp="2025-05-15T23:43:33.246936-04:00" hostname="pop-os"><testcase classname="tests.integration_tests.integration_test_psnawp_api.models.test_group" name="test_group__group_incorrect_args_None" time="0.018" /><testcase classname="tests.integration_tests.integration_test_psnawp_api.models.test_group" name="test_group__group_with_wrong_id" time="6.423" /><testcase classname="tests.integration_tests.integration_test_psnawp_api.models.test_group" name="test_group__group_with_users" time="18.304" /><testcase classname="tests.integration_tests.integration_test_psnawp_api.models.test_group" name="test_group__group_with_id" time="6.158" /><testcase classname="tests.integration_tests.integration_test_psnawp_api.models.test_group" name="test_group__get_group_information" time="5.955" /><testcase classname="tests.integration_tests.integration_test_psnawp_api.models.test_group" name="test_group__repr_and_str" time="3.018" /><testcase classname="tests.integration_tests.integration_test_psnawp_api.models.test_group" name="test_group__change_name_dm" time="6.171" /><testcase classname="tests.integration_tests.integration_test_psnawp_api.models.test_group" name="test_group__dming_blocked_user" time="12.181" /><testcase classname="tests.integration_tests.integration_test_psnawp_api.models.test_group" name="test_group__change_name" time="6.127" /><testcase classname="tests.integration_tests.integration_test_psnawp_api.models.test_group" name="test_group__kick_member" time="6.132" /><testcase classname="tests.integration_tests.integration_test_psnawp_api.models.test_group" name="test_group__kick_member_not_found" time="5.995" /><testcase classname="tests.integration_tests.integration_test_psnawp_api.models.test_group" name="test_group__invite_members" time="6.155" /><testcase classname="tests.integration_tests.integration_test_psnawp_api.models.test_group" name="test_group__invite_members_blocked" time="6.096" /><testcase classname="tests.integration_tests.integration_test_psnawp_api.models.test_group" name="test_group__leave_group" time="6.154" /></testsuite></testsuites>