<?xml version="1.0" encoding="utf-8"?><testsuites><testsuite name="pytest" errors="0" failures="0" skipped="0" tests="21" time="1.323" timestamp="2022-09-19T04:10:33.009421" hostname="fv-az193-488"><testcase classname="tests.unit_tests.test_client" name="test_client__authentication" time="0.035" /><testcase classname="tests.unit_tests.test_client" name="test_client__online_id" time="0.507" /><testcase classname="tests.unit_tests.test_client" name="test_client__account_id" time="0.016" /><testcase classname="tests.unit_tests.test_client" name="test_client__get_profile_legacy" time="0.031" /><testcase classname="tests.unit_tests.test_client" name="test_client__account_devices" time="0.015" /><testcase classname="tests.unit_tests.test_client" name="test_client__get_friends" time="0.272" /><testcase classname="tests.unit_tests.test_client" name="test_client__available_to_play" time="0.037" /><testcase classname="tests.unit_tests.test_client" name="test_client__blocked_list" time="0.016" /><testcase classname="tests.unit_tests.test_client" name="test_client__repr_and_str" time="0.055" /><testcase classname="tests.unit_tests.test_user" name="test_user__user" time="0.016" /><testcase classname="tests.unit_tests.test_user" name="test_user__user_account_id" time="0.016" /><testcase classname="tests.unit_tests.test_user" name="test_user__user_no_argument" time="0.009" /><testcase classname="tests.unit_tests.test_user" name="test_user__user_wrong_acc_id" time="0.009" /><testcase classname="tests.unit_tests.test_user" name="test_user__prev_online_id" time="0.017" /><testcase classname="tests.unit_tests.test_user" name="test_user__user_not_found" time="0.011" /><testcase classname="tests.unit_tests.test_user" name="test_user__user_acct_id_not_found" time="0.011" /><testcase classname="tests.unit_tests.test_user" name="test_user__get_presence" time="0.023" /><testcase classname="tests.unit_tests.test_user" name="test_user__get_presence_forbidden" time="0.023" /><testcase classname="tests.unit_tests.test_user" name="test_user__friendship" time="0.023" /><testcase classname="tests.unit_tests.test_user" name="test_user__is_blocked" time="0.023" /><testcase classname="tests.unit_tests.test_user" name="test_user__repr_and_str" time="0.018" /></testsuite></testsuites>