<?xml version="1.0" encoding="utf-8"?><testsuites><testsuite name="pytest" errors="23" failures="0" skipped="0" tests="87" time="4.404" timestamp="2025-04-16T03:43:47.750443+00:00" hostname="fv-az1338-762"><testcase classname="tests.integration_tests.integration_test_psnawp_api.core.test_authenticator" name="test_authenticator__authentication" time="0.140" /><testcase classname="tests.integration_tests.integration_test_psnawp_api.core.test_authenticator" name="test_authenticator__access_token_from_refresh_token" time="0.058" /><testcase classname="tests.integration_tests.integration_test_psnawp_api.core.test_authenticator" name="test_authenticator__incorrect_npsso" time="0.019" /><testcase classname="tests.integration_tests.integration_test_psnawp_api.models.test_client" name="test_client__online_id" time="0.038" /><testcase classname="tests.integration_tests.integration_test_psnawp_api.models.test_client" name="test_client__account_id" time="0.013" /><testcase classname="tests.integration_tests.integration_test_psnawp_api.models.test_client" name="test_client__get_profile_legacy" time="0.026" /><testcase classname="tests.integration_tests.integration_test_psnawp_api.models.test_client" name="test_client__account_devices" time="0.013" /><testcase classname="tests.integration_tests.integration_test_psnawp_api.models.test_client" name="test_client__get_friends" time="0.033" /><testcase classname="tests.integration_tests.integration_test_psnawp_api.models.test_client" name="test_client__friend_requests" time="0.021" /><testcase classname="tests.integration_tests.integration_test_psnawp_api.models.test_client" name="test_client__get_presences" time="0.048" /><testcase classname="tests.integration_tests.integration_test_psnawp_api.models.test_client" name="test_client__get_groups" time="0.017" /><testcase classname="tests.integration_tests.integration_test_psnawp_api.models.test_client" name="test_client__available_to_play" time="0.014" /><testcase classname="tests.integration_tests.integration_test_psnawp_api.models.test_client" name="test_client__blocked_list" time="0.013" /><testcase classname="tests.integration_tests.integration_test_psnawp_api.models.test_client" name="test_client__get_shareable_profile_link" time="0.022" /><testcase classname="tests.integration_tests.integration_test_psnawp_api.models.test_client" name="test_client__trophy_summary" time="0.014" /><testcase classname="tests.integration_tests.integration_test_psnawp_api.models.test_client" name="test_client__trophy_titles" time="0.014" /><testcase classname="tests.integration_tests.integration_test_psnawp_api.models.test_client" name="test_client__trophy_titles_for_title" time="0.013" /><testcase classname="tests.integration_tests.integration_test_psnawp_api.models.test_client" name="test_client__trophies" time="0.014" /><testcase classname="tests.integration_tests.integration_test_psnawp_api.models.test_client" name="test_client__trophies_with_progress" time="0.023" /><testcase classname="tests.integration_tests.integration_test_psnawp_api.models.test_client" name="test_client__trophy_groups_summary" time="0.014" /><testcase classname="tests.integration_tests.integration_test_psnawp_api.models.test_client" name="test_client__trophy_groups_summary_with_progress" time="0.021" /><testcase classname="tests.integration_tests.integration_test_psnawp_api.models.test_client" name="test_client__title_stats" time="0.014" /><testcase classname="tests.integration_tests.integration_test_psnawp_api.models.test_client" name="test_client__repr_and_str" time="0.022" /><testcase classname="tests.integration_tests.integration_test_psnawp_api.models.test_client" name="test_client__get_region" time="0.036" /><testcase classname="tests.integration_tests.integration_test_psnawp_api.models.test_game_title" name="test_game_title__np_communication_id" time="0.017" /><testcase classname="tests.integration_tests.integration_test_psnawp_api.models.test_game_title" name="test_game_title__wrong_title_id" time="0.014" /><testcase classname="tests.integration_tests.integration_test_psnawp_api.models.test_game_title" name="test_game_title__get_title_details" time="0.023" /><testcase classname="tests.integration_tests.integration_test_psnawp_api.models.test_game_title" name="test_game_title__trophies" time="0.024" /><testcase classname="tests.integration_tests.integration_test_psnawp_api.models.test_game_title" name="test_game_title__trophy_groups_summary" time="0.023" /><testcase classname="tests.integration_tests.integration_test_psnawp_api.models.test_game_title" name="test_game_title__trophies_game_not_owned_by_user" time="0.015" /><testcase classname="tests.integration_tests.integration_test_psnawp_api.models.test_game_title" name="test_game_title__trophy_groups_summary_game_not_owned_by_user" time="0.014" /><testcase classname="tests.integration_tests.integration_test_psnawp_api.models.test_game_title" name="test_game_title__trophies_invalid_np_communication_id" time="0.014" /><testcase classname="tests.integration_tests.integration_test_psnawp_api.models.test_game_title" name="test_game_title__trophy_groups_summary_invalid_np_communication_id" time="0.015" /><testcase classname="tests.integration_tests.integration_test_psnawp_api.models.test_group" name="test_group__group_incorrect_args_None" time="0.006" /><testcase classname="tests.integration_tests.integration_test_psnawp_api.models.test_group" name="test_group__group_with_wrong_id" time="0.016" /><testcase classname="tests.integration_tests.integration_test_psnawp_api.models.test_group" name="test_group__group_with_users" time="0.211"><error message="failed on setup with &quot;psnawp_api.core.psnawp_exceptions.PSNAWPTooManyRequestsError: &lt;!doctype html&gt;&lt;html lang=&quot;en&quot;&gt;&lt;head&gt;&lt;title&gt;HTTP Status 429 – Too Many Requests&lt;/title&gt;&lt;style type=&quot;text/css&quot;&gt;body {font-family:Tahoma,Arial,sans-serif;} h1, h2, h3, b {color:white;background-color:#525D76;} h1 {font-size:22px;} h2 {font-size:16px;} h3 {font-size:14px;} p {font-size:12px;} a {color:black;} .line {height:1px;background-color:#525D76;border:none;}&lt;/style&gt;&lt;/head&gt;&lt;body&gt;&lt;h1&gt;HTTP Status 429 – Too Many Requests&lt;/h1&gt;&lt;/body&gt;&lt;/html&gt;&quot;">@pytest.fixture(scope="session")
    def friend_user() -&gt; User:
        psnawp = PSNAWP(getenv("NPSSO_CODE", "NPSSO_CODE"))
&gt;       return psnawp.user(online_id=FRIEND_USER_NAME)

tests/integration_tests/integration_test_psnawp_api/conftest.py:32: 
_ _ _ _ _ _ _ _ _ _ _ _ _ _ _ _ _ _ _ _ _ _ _ _ _ _ _ _ _ _ _ _ _ _ _ _ _ _ _ _ 
src/psnawp_api/psnawp.py:115: in user
    return User.from_online_id(self.authenticator, online_id)
src/psnawp_api/models/user.py:62: in from_online_id
    response: dict[str, Any] = authenticator.get(
src/psnawp_api/core/authenticator.py:43: in _impl
    authorization_code = authenticator_obj.get_authorization_code()
src/psnawp_api/core/authenticator.py:265: in get_authorization_code
    response = self.request_builder.get(
src/psnawp_api/core/request_builder.py:198: in get
    return self.request(method="get", **kwargs)
src/psnawp_api/core/request_builder.py:178: in request
    response_checker(response)
_ _ _ _ _ _ _ _ _ _ _ _ _ _ _ _ _ _ _ _ _ _ _ _ _ _ _ _ _ _ _ _ _ _ _ _ _ _ _ _ 

response = &lt;Response [429]&gt;

    def response_checker(response: Response) -&gt; None:
        """Checks the HTTP(S) response and raises corresponding PSNAWP exceptions.
    
        This function examines the status code of the HTTP response and raises PSNAWP exceptions based on error conditions.
    
        :param requests.Response response: The HTTP response object.
    
        :raises PSNAWPBadRequestError: If the HTTP response status code is 400.
        :raises PSNAWPUnauthorizedError: If the HTTP response status code is 401.
        :raises PSNAWPForbiddenError: If the HTTP response status code is 403.
        :raises PSNAWPNotFoundError: If the HTTP response status code is 404.
        :raises PSNAWPNotAllowedError: If the HTTP response status code is 405.
        :raises PSNAWPTooManyRequestsError: If the HTTP response status code is 429.
        :raises PSNAWPClientError: If the HTTP response status code is in the 4xx range (excluding those listed above).
        :raises PSNAWPServerError: If the HTTP response status code is 500 or above.
    
        """
        if response.status_code == HTTPStatus.BAD_REQUEST:
            raise PSNAWPBadRequestError(response.text)
        if response.status_code == HTTPStatus.UNAUTHORIZED:
            raise PSNAWPUnauthorizedError(response.text)
        if response.status_code == HTTPStatus.FORBIDDEN:
            raise PSNAWPForbiddenError(response.text)
        if response.status_code == HTTPStatus.NOT_FOUND:
            raise PSNAWPNotFoundError(response.text)
        if response.status_code == HTTPStatus.METHOD_NOT_ALLOWED:
            raise PSNAWPNotAllowedError(response.text)
        if response.status_code == HTTPStatus.TOO_MANY_REQUESTS:
&gt;           raise PSNAWPTooManyRequestsError(response.text)
E           psnawp_api.core.psnawp_exceptions.PSNAWPTooManyRequestsError: &lt;!doctype html&gt;&lt;html lang="en"&gt;&lt;head&gt;&lt;title&gt;HTTP Status 429 – Too Many Requests&lt;/title&gt;&lt;style type="text/css"&gt;body {font-family:Tahoma,Arial,sans-serif;} h1, h2, h3, b {color:white;background-color:#525D76;} h1 {font-size:22px;} h2 {font-size:16px;} h3 {font-size:14px;} p {font-size:12px;} a {color:black;} .line {height:1px;background-color:#525D76;border:none;}&lt;/style&gt;&lt;/head&gt;&lt;body&gt;&lt;h1&gt;HTTP Status 429 – Too Many Requests&lt;/h1&gt;&lt;/body&gt;&lt;/html&gt;

src/psnawp_api/core/request_builder.py:69: PSNAWPTooManyRequestsError</error></testcase><testcase classname="tests.integration_tests.integration_test_psnawp_api.models.test_group" name="test_group__group_with_id" time="0.025" /><testcase classname="tests.integration_tests.integration_test_psnawp_api.models.test_group" name="test_group__get_group_information" time="0.024" /><testcase classname="tests.integration_tests.integration_test_psnawp_api.models.test_group" name="test_group__repr_and_str" time="0.015" /><testcase classname="tests.integration_tests.integration_test_psnawp_api.models.test_group" name="test_group__change_name_dm" time="0.023" /><testcase classname="tests.integration_tests.integration_test_psnawp_api.models.test_group" name="test_group__dming_blocked_user" time="0.111"><error message="failed on setup with &quot;psnawp_api.core.psnawp_exceptions.PSNAWPTooManyRequestsError: &lt;!doctype html&gt;&lt;html lang=&quot;en&quot;&gt;&lt;head&gt;&lt;title&gt;HTTP Status 429 – Too Many Requests&lt;/title&gt;&lt;style type=&quot;text/css&quot;&gt;body {font-family:Tahoma,Arial,sans-serif;} h1, h2, h3, b {color:white;background-color:#525D76;} h1 {font-size:22px;} h2 {font-size:16px;} h3 {font-size:14px;} p {font-size:12px;} a {color:black;} .line {height:1px;background-color:#525D76;border:none;}&lt;/style&gt;&lt;/head&gt;&lt;body&gt;&lt;h1&gt;HTTP Status 429 – Too Many Requests&lt;/h1&gt;&lt;/body&gt;&lt;/html&gt;&quot;">@pytest.fixture(scope="session")
    def blocked_user() -&gt; User:
        psnawp = PSNAWP(getenv("NPSSO_CODE", "NPSSO_CODE"))
&gt;       return psnawp.user(online_id=BLOCKED_USER_NAME)

tests/integration_tests/integration_test_psnawp_api/conftest.py:38: 
_ _ _ _ _ _ _ _ _ _ _ _ _ _ _ _ _ _ _ _ _ _ _ _ _ _ _ _ _ _ _ _ _ _ _ _ _ _ _ _ 
src/psnawp_api/psnawp.py:115: in user
    return User.from_online_id(self.authenticator, online_id)
src/psnawp_api/models/user.py:62: in from_online_id
    response: dict[str, Any] = authenticator.get(
src/psnawp_api/core/authenticator.py:43: in _impl
    authorization_code = authenticator_obj.get_authorization_code()
src/psnawp_api/core/authenticator.py:265: in get_authorization_code
    response = self.request_builder.get(
src/psnawp_api/core/request_builder.py:198: in get
    return self.request(method="get", **kwargs)
src/psnawp_api/core/request_builder.py:178: in request
    response_checker(response)
_ _ _ _ _ _ _ _ _ _ _ _ _ _ _ _ _ _ _ _ _ _ _ _ _ _ _ _ _ _ _ _ _ _ _ _ _ _ _ _ 

response = &lt;Response [429]&gt;

    def response_checker(response: Response) -&gt; None:
        """Checks the HTTP(S) response and raises corresponding PSNAWP exceptions.
    
        This function examines the status code of the HTTP response and raises PSNAWP exceptions based on error conditions.
    
        :param requests.Response response: The HTTP response object.
    
        :raises PSNAWPBadRequestError: If the HTTP response status code is 400.
        :raises PSNAWPUnauthorizedError: If the HTTP response status code is 401.
        :raises PSNAWPForbiddenError: If the HTTP response status code is 403.
        :raises PSNAWPNotFoundError: If the HTTP response status code is 404.
        :raises PSNAWPNotAllowedError: If the HTTP response status code is 405.
        :raises PSNAWPTooManyRequestsError: If the HTTP response status code is 429.
        :raises PSNAWPClientError: If the HTTP response status code is in the 4xx range (excluding those listed above).
        :raises PSNAWPServerError: If the HTTP response status code is 500 or above.
    
        """
        if response.status_code == HTTPStatus.BAD_REQUEST:
            raise PSNAWPBadRequestError(response.text)
        if response.status_code == HTTPStatus.UNAUTHORIZED:
            raise PSNAWPUnauthorizedError(response.text)
        if response.status_code == HTTPStatus.FORBIDDEN:
            raise PSNAWPForbiddenError(response.text)
        if response.status_code == HTTPStatus.NOT_FOUND:
            raise PSNAWPNotFoundError(response.text)
        if response.status_code == HTTPStatus.METHOD_NOT_ALLOWED:
            raise PSNAWPNotAllowedError(response.text)
        if response.status_code == HTTPStatus.TOO_MANY_REQUESTS:
&gt;           raise PSNAWPTooManyRequestsError(response.text)
E           psnawp_api.core.psnawp_exceptions.PSNAWPTooManyRequestsError: &lt;!doctype html&gt;&lt;html lang="en"&gt;&lt;head&gt;&lt;title&gt;HTTP Status 429 – Too Many Requests&lt;/title&gt;&lt;style type="text/css"&gt;body {font-family:Tahoma,Arial,sans-serif;} h1, h2, h3, b {color:white;background-color:#525D76;} h1 {font-size:22px;} h2 {font-size:16px;} h3 {font-size:14px;} p {font-size:12px;} a {color:black;} .line {height:1px;background-color:#525D76;border:none;}&lt;/style&gt;&lt;/head&gt;&lt;body&gt;&lt;h1&gt;HTTP Status 429 – Too Many Requests&lt;/h1&gt;&lt;/body&gt;&lt;/html&gt;

src/psnawp_api/core/request_builder.py:69: PSNAWPTooManyRequestsError</error></testcase><testcase classname="tests.integration_tests.integration_test_psnawp_api.models.test_group" name="test_group__change_name" time="0.000"><error message="failed on setup with &quot;psnawp_api.core.psnawp_exceptions.PSNAWPTooManyRequestsError: &lt;!doctype html&gt;&lt;html lang=&quot;en&quot;&gt;&lt;head&gt;&lt;title&gt;HTTP Status 429 – Too Many Requests&lt;/title&gt;&lt;style type=&quot;text/css&quot;&gt;body {font-family:Tahoma,Arial,sans-serif;} h1, h2, h3, b {color:white;background-color:#525D76;} h1 {font-size:22px;} h2 {font-size:16px;} h3 {font-size:14px;} p {font-size:12px;} a {color:black;} .line {height:1px;background-color:#525D76;border:none;}&lt;/style&gt;&lt;/head&gt;&lt;body&gt;&lt;h1&gt;HTTP Status 429 – Too Many Requests&lt;/h1&gt;&lt;/body&gt;&lt;/html&gt;&quot;">@pytest.fixture(scope="session")
    def friend_user() -&gt; User:
        psnawp = PSNAWP(getenv("NPSSO_CODE", "NPSSO_CODE"))
&gt;       return psnawp.user(online_id=FRIEND_USER_NAME)

tests/integration_tests/integration_test_psnawp_api/conftest.py:32: 
_ _ _ _ _ _ _ _ _ _ _ _ _ _ _ _ _ _ _ _ _ _ _ _ _ _ _ _ _ _ _ _ _ _ _ _ _ _ _ _ 
src/psnawp_api/psnawp.py:115: in user
    return User.from_online_id(self.authenticator, online_id)
src/psnawp_api/models/user.py:62: in from_online_id
    response: dict[str, Any] = authenticator.get(
src/psnawp_api/core/authenticator.py:43: in _impl
    authorization_code = authenticator_obj.get_authorization_code()
src/psnawp_api/core/authenticator.py:265: in get_authorization_code
    response = self.request_builder.get(
src/psnawp_api/core/request_builder.py:198: in get
    return self.request(method="get", **kwargs)
src/psnawp_api/core/request_builder.py:178: in request
    response_checker(response)
_ _ _ _ _ _ _ _ _ _ _ _ _ _ _ _ _ _ _ _ _ _ _ _ _ _ _ _ _ _ _ _ _ _ _ _ _ _ _ _ 

response = &lt;Response [429]&gt;

    def response_checker(response: Response) -&gt; None:
        """Checks the HTTP(S) response and raises corresponding PSNAWP exceptions.
    
        This function examines the status code of the HTTP response and raises PSNAWP exceptions based on error conditions.
    
        :param requests.Response response: The HTTP response object.
    
        :raises PSNAWPBadRequestError: If the HTTP response status code is 400.
        :raises PSNAWPUnauthorizedError: If the HTTP response status code is 401.
        :raises PSNAWPForbiddenError: If the HTTP response status code is 403.
        :raises PSNAWPNotFoundError: If the HTTP response status code is 404.
        :raises PSNAWPNotAllowedError: If the HTTP response status code is 405.
        :raises PSNAWPTooManyRequestsError: If the HTTP response status code is 429.
        :raises PSNAWPClientError: If the HTTP response status code is in the 4xx range (excluding those listed above).
        :raises PSNAWPServerError: If the HTTP response status code is 500 or above.
    
        """
        if response.status_code == HTTPStatus.BAD_REQUEST:
            raise PSNAWPBadRequestError(response.text)
        if response.status_code == HTTPStatus.UNAUTHORIZED:
            raise PSNAWPUnauthorizedError(response.text)
        if response.status_code == HTTPStatus.FORBIDDEN:
            raise PSNAWPForbiddenError(response.text)
        if response.status_code == HTTPStatus.NOT_FOUND:
            raise PSNAWPNotFoundError(response.text)
        if response.status_code == HTTPStatus.METHOD_NOT_ALLOWED:
            raise PSNAWPNotAllowedError(response.text)
        if response.status_code == HTTPStatus.TOO_MANY_REQUESTS:
&gt;           raise PSNAWPTooManyRequestsError(response.text)
E           psnawp_api.core.psnawp_exceptions.PSNAWPTooManyRequestsError: &lt;!doctype html&gt;&lt;html lang="en"&gt;&lt;head&gt;&lt;title&gt;HTTP Status 429 – Too Many Requests&lt;/title&gt;&lt;style type="text/css"&gt;body {font-family:Tahoma,Arial,sans-serif;} h1, h2, h3, b {color:white;background-color:#525D76;} h1 {font-size:22px;} h2 {font-size:16px;} h3 {font-size:14px;} p {font-size:12px;} a {color:black;} .line {height:1px;background-color:#525D76;border:none;}&lt;/style&gt;&lt;/head&gt;&lt;body&gt;&lt;h1&gt;HTTP Status 429 – Too Many Requests&lt;/h1&gt;&lt;/body&gt;&lt;/html&gt;

src/psnawp_api/core/request_builder.py:69: PSNAWPTooManyRequestsError</error></testcase><testcase classname="tests.integration_tests.integration_test_psnawp_api.models.test_group" name="test_group__kick_member" time="0.000"><error message="failed on setup with &quot;psnawp_api.core.psnawp_exceptions.PSNAWPTooManyRequestsError: &lt;!doctype html&gt;&lt;html lang=&quot;en&quot;&gt;&lt;head&gt;&lt;title&gt;HTTP Status 429 – Too Many Requests&lt;/title&gt;&lt;style type=&quot;text/css&quot;&gt;body {font-family:Tahoma,Arial,sans-serif;} h1, h2, h3, b {color:white;background-color:#525D76;} h1 {font-size:22px;} h2 {font-size:16px;} h3 {font-size:14px;} p {font-size:12px;} a {color:black;} .line {height:1px;background-color:#525D76;border:none;}&lt;/style&gt;&lt;/head&gt;&lt;body&gt;&lt;h1&gt;HTTP Status 429 – Too Many Requests&lt;/h1&gt;&lt;/body&gt;&lt;/html&gt;&quot;">@pytest.fixture(scope="session")
    def friend_user() -&gt; User:
        psnawp = PSNAWP(getenv("NPSSO_CODE", "NPSSO_CODE"))
&gt;       return psnawp.user(online_id=FRIEND_USER_NAME)

tests/integration_tests/integration_test_psnawp_api/conftest.py:32: 
_ _ _ _ _ _ _ _ _ _ _ _ _ _ _ _ _ _ _ _ _ _ _ _ _ _ _ _ _ _ _ _ _ _ _ _ _ _ _ _ 
src/psnawp_api/psnawp.py:115: in user
    return User.from_online_id(self.authenticator, online_id)
src/psnawp_api/models/user.py:62: in from_online_id
    response: dict[str, Any] = authenticator.get(
src/psnawp_api/core/authenticator.py:43: in _impl
    authorization_code = authenticator_obj.get_authorization_code()
src/psnawp_api/core/authenticator.py:265: in get_authorization_code
    response = self.request_builder.get(
src/psnawp_api/core/request_builder.py:198: in get
    return self.request(method="get", **kwargs)
src/psnawp_api/core/request_builder.py:178: in request
    response_checker(response)
_ _ _ _ _ _ _ _ _ _ _ _ _ _ _ _ _ _ _ _ _ _ _ _ _ _ _ _ _ _ _ _ _ _ _ _ _ _ _ _ 

response = &lt;Response [429]&gt;

    def response_checker(response: Response) -&gt; None:
        """Checks the HTTP(S) response and raises corresponding PSNAWP exceptions.
    
        This function examines the status code of the HTTP response and raises PSNAWP exceptions based on error conditions.
    
        :param requests.Response response: The HTTP response object.
    
        :raises PSNAWPBadRequestError: If the HTTP response status code is 400.
        :raises PSNAWPUnauthorizedError: If the HTTP response status code is 401.
        :raises PSNAWPForbiddenError: If the HTTP response status code is 403.
        :raises PSNAWPNotFoundError: If the HTTP response status code is 404.
        :raises PSNAWPNotAllowedError: If the HTTP response status code is 405.
        :raises PSNAWPTooManyRequestsError: If the HTTP response status code is 429.
        :raises PSNAWPClientError: If the HTTP response status code is in the 4xx range (excluding those listed above).
        :raises PSNAWPServerError: If the HTTP response status code is 500 or above.
    
        """
        if response.status_code == HTTPStatus.BAD_REQUEST:
            raise PSNAWPBadRequestError(response.text)
        if response.status_code == HTTPStatus.UNAUTHORIZED:
            raise PSNAWPUnauthorizedError(response.text)
        if response.status_code == HTTPStatus.FORBIDDEN:
            raise PSNAWPForbiddenError(response.text)
        if response.status_code == HTTPStatus.NOT_FOUND:
            raise PSNAWPNotFoundError(response.text)
        if response.status_code == HTTPStatus.METHOD_NOT_ALLOWED:
            raise PSNAWPNotAllowedError(response.text)
        if response.status_code == HTTPStatus.TOO_MANY_REQUESTS:
&gt;           raise PSNAWPTooManyRequestsError(response.text)
E           psnawp_api.core.psnawp_exceptions.PSNAWPTooManyRequestsError: &lt;!doctype html&gt;&lt;html lang="en"&gt;&lt;head&gt;&lt;title&gt;HTTP Status 429 – Too Many Requests&lt;/title&gt;&lt;style type="text/css"&gt;body {font-family:Tahoma,Arial,sans-serif;} h1, h2, h3, b {color:white;background-color:#525D76;} h1 {font-size:22px;} h2 {font-size:16px;} h3 {font-size:14px;} p {font-size:12px;} a {color:black;} .line {height:1px;background-color:#525D76;border:none;}&lt;/style&gt;&lt;/head&gt;&lt;body&gt;&lt;h1&gt;HTTP Status 429 – Too Many Requests&lt;/h1&gt;&lt;/body&gt;&lt;/html&gt;

src/psnawp_api/core/request_builder.py:69: PSNAWPTooManyRequestsError</error></testcase><testcase classname="tests.integration_tests.integration_test_psnawp_api.models.test_group" name="test_group__kick_member_not_found" time="0.000"><error message="failed on setup with &quot;psnawp_api.core.psnawp_exceptions.PSNAWPTooManyRequestsError: &lt;!doctype html&gt;&lt;html lang=&quot;en&quot;&gt;&lt;head&gt;&lt;title&gt;HTTP Status 429 – Too Many Requests&lt;/title&gt;&lt;style type=&quot;text/css&quot;&gt;body {font-family:Tahoma,Arial,sans-serif;} h1, h2, h3, b {color:white;background-color:#525D76;} h1 {font-size:22px;} h2 {font-size:16px;} h3 {font-size:14px;} p {font-size:12px;} a {color:black;} .line {height:1px;background-color:#525D76;border:none;}&lt;/style&gt;&lt;/head&gt;&lt;body&gt;&lt;h1&gt;HTTP Status 429 – Too Many Requests&lt;/h1&gt;&lt;/body&gt;&lt;/html&gt;&quot;">@pytest.fixture(scope="session")
    def blocked_user() -&gt; User:
        psnawp = PSNAWP(getenv("NPSSO_CODE", "NPSSO_CODE"))
&gt;       return psnawp.user(online_id=BLOCKED_USER_NAME)

tests/integration_tests/integration_test_psnawp_api/conftest.py:38: 
_ _ _ _ _ _ _ _ _ _ _ _ _ _ _ _ _ _ _ _ _ _ _ _ _ _ _ _ _ _ _ _ _ _ _ _ _ _ _ _ 
src/psnawp_api/psnawp.py:115: in user
    return User.from_online_id(self.authenticator, online_id)
src/psnawp_api/models/user.py:62: in from_online_id
    response: dict[str, Any] = authenticator.get(
src/psnawp_api/core/authenticator.py:43: in _impl
    authorization_code = authenticator_obj.get_authorization_code()
src/psnawp_api/core/authenticator.py:265: in get_authorization_code
    response = self.request_builder.get(
src/psnawp_api/core/request_builder.py:198: in get
    return self.request(method="get", **kwargs)
src/psnawp_api/core/request_builder.py:178: in request
    response_checker(response)
_ _ _ _ _ _ _ _ _ _ _ _ _ _ _ _ _ _ _ _ _ _ _ _ _ _ _ _ _ _ _ _ _ _ _ _ _ _ _ _ 

response = &lt;Response [429]&gt;

    def response_checker(response: Response) -&gt; None:
        """Checks the HTTP(S) response and raises corresponding PSNAWP exceptions.
    
        This function examines the status code of the HTTP response and raises PSNAWP exceptions based on error conditions.
    
        :param requests.Response response: The HTTP response object.
    
        :raises PSNAWPBadRequestError: If the HTTP response status code is 400.
        :raises PSNAWPUnauthorizedError: If the HTTP response status code is 401.
        :raises PSNAWPForbiddenError: If the HTTP response status code is 403.
        :raises PSNAWPNotFoundError: If the HTTP response status code is 404.
        :raises PSNAWPNotAllowedError: If the HTTP response status code is 405.
        :raises PSNAWPTooManyRequestsError: If the HTTP response status code is 429.
        :raises PSNAWPClientError: If the HTTP response status code is in the 4xx range (excluding those listed above).
        :raises PSNAWPServerError: If the HTTP response status code is 500 or above.
    
        """
        if response.status_code == HTTPStatus.BAD_REQUEST:
            raise PSNAWPBadRequestError(response.text)
        if response.status_code == HTTPStatus.UNAUTHORIZED:
            raise PSNAWPUnauthorizedError(response.text)
        if response.status_code == HTTPStatus.FORBIDDEN:
            raise PSNAWPForbiddenError(response.text)
        if response.status_code == HTTPStatus.NOT_FOUND:
            raise PSNAWPNotFoundError(response.text)
        if response.status_code == HTTPStatus.METHOD_NOT_ALLOWED:
            raise PSNAWPNotAllowedError(response.text)
        if response.status_code == HTTPStatus.TOO_MANY_REQUESTS:
&gt;           raise PSNAWPTooManyRequestsError(response.text)
E           psnawp_api.core.psnawp_exceptions.PSNAWPTooManyRequestsError: &lt;!doctype html&gt;&lt;html lang="en"&gt;&lt;head&gt;&lt;title&gt;HTTP Status 429 – Too Many Requests&lt;/title&gt;&lt;style type="text/css"&gt;body {font-family:Tahoma,Arial,sans-serif;} h1, h2, h3, b {color:white;background-color:#525D76;} h1 {font-size:22px;} h2 {font-size:16px;} h3 {font-size:14px;} p {font-size:12px;} a {color:black;} .line {height:1px;background-color:#525D76;border:none;}&lt;/style&gt;&lt;/head&gt;&lt;body&gt;&lt;h1&gt;HTTP Status 429 – Too Many Requests&lt;/h1&gt;&lt;/body&gt;&lt;/html&gt;

src/psnawp_api/core/request_builder.py:69: PSNAWPTooManyRequestsError</error></testcase><testcase classname="tests.integration_tests.integration_test_psnawp_api.models.test_group" name="test_group__invite_members" time="0.000"><error message="failed on setup with &quot;psnawp_api.core.psnawp_exceptions.PSNAWPTooManyRequestsError: &lt;!doctype html&gt;&lt;html lang=&quot;en&quot;&gt;&lt;head&gt;&lt;title&gt;HTTP Status 429 – Too Many Requests&lt;/title&gt;&lt;style type=&quot;text/css&quot;&gt;body {font-family:Tahoma,Arial,sans-serif;} h1, h2, h3, b {color:white;background-color:#525D76;} h1 {font-size:22px;} h2 {font-size:16px;} h3 {font-size:14px;} p {font-size:12px;} a {color:black;} .line {height:1px;background-color:#525D76;border:none;}&lt;/style&gt;&lt;/head&gt;&lt;body&gt;&lt;h1&gt;HTTP Status 429 – Too Many Requests&lt;/h1&gt;&lt;/body&gt;&lt;/html&gt;&quot;">@pytest.fixture(scope="session")
    def friend_user() -&gt; User:
        psnawp = PSNAWP(getenv("NPSSO_CODE", "NPSSO_CODE"))
&gt;       return psnawp.user(online_id=FRIEND_USER_NAME)

tests/integration_tests/integration_test_psnawp_api/conftest.py:32: 
_ _ _ _ _ _ _ _ _ _ _ _ _ _ _ _ _ _ _ _ _ _ _ _ _ _ _ _ _ _ _ _ _ _ _ _ _ _ _ _ 
src/psnawp_api/psnawp.py:115: in user
    return User.from_online_id(self.authenticator, online_id)
src/psnawp_api/models/user.py:62: in from_online_id
    response: dict[str, Any] = authenticator.get(
src/psnawp_api/core/authenticator.py:43: in _impl
    authorization_code = authenticator_obj.get_authorization_code()
src/psnawp_api/core/authenticator.py:265: in get_authorization_code
    response = self.request_builder.get(
src/psnawp_api/core/request_builder.py:198: in get
    return self.request(method="get", **kwargs)
src/psnawp_api/core/request_builder.py:178: in request
    response_checker(response)
_ _ _ _ _ _ _ _ _ _ _ _ _ _ _ _ _ _ _ _ _ _ _ _ _ _ _ _ _ _ _ _ _ _ _ _ _ _ _ _ 

response = &lt;Response [429]&gt;

    def response_checker(response: Response) -&gt; None:
        """Checks the HTTP(S) response and raises corresponding PSNAWP exceptions.
    
        This function examines the status code of the HTTP response and raises PSNAWP exceptions based on error conditions.
    
        :param requests.Response response: The HTTP response object.
    
        :raises PSNAWPBadRequestError: If the HTTP response status code is 400.
        :raises PSNAWPUnauthorizedError: If the HTTP response status code is 401.
        :raises PSNAWPForbiddenError: If the HTTP response status code is 403.
        :raises PSNAWPNotFoundError: If the HTTP response status code is 404.
        :raises PSNAWPNotAllowedError: If the HTTP response status code is 405.
        :raises PSNAWPTooManyRequestsError: If the HTTP response status code is 429.
        :raises PSNAWPClientError: If the HTTP response status code is in the 4xx range (excluding those listed above).
        :raises PSNAWPServerError: If the HTTP response status code is 500 or above.
    
        """
        if response.status_code == HTTPStatus.BAD_REQUEST:
            raise PSNAWPBadRequestError(response.text)
        if response.status_code == HTTPStatus.UNAUTHORIZED:
            raise PSNAWPUnauthorizedError(response.text)
        if response.status_code == HTTPStatus.FORBIDDEN:
            raise PSNAWPForbiddenError(response.text)
        if response.status_code == HTTPStatus.NOT_FOUND:
            raise PSNAWPNotFoundError(response.text)
        if response.status_code == HTTPStatus.METHOD_NOT_ALLOWED:
            raise PSNAWPNotAllowedError(response.text)
        if response.status_code == HTTPStatus.TOO_MANY_REQUESTS:
&gt;           raise PSNAWPTooManyRequestsError(response.text)
E           psnawp_api.core.psnawp_exceptions.PSNAWPTooManyRequestsError: &lt;!doctype html&gt;&lt;html lang="en"&gt;&lt;head&gt;&lt;title&gt;HTTP Status 429 – Too Many Requests&lt;/title&gt;&lt;style type="text/css"&gt;body {font-family:Tahoma,Arial,sans-serif;} h1, h2, h3, b {color:white;background-color:#525D76;} h1 {font-size:22px;} h2 {font-size:16px;} h3 {font-size:14px;} p {font-size:12px;} a {color:black;} .line {height:1px;background-color:#525D76;border:none;}&lt;/style&gt;&lt;/head&gt;&lt;body&gt;&lt;h1&gt;HTTP Status 429 – Too Many Requests&lt;/h1&gt;&lt;/body&gt;&lt;/html&gt;

src/psnawp_api/core/request_builder.py:69: PSNAWPTooManyRequestsError</error></testcase><testcase classname="tests.integration_tests.integration_test_psnawp_api.models.test_group" name="test_group__invite_members_blocked" time="0.000"><error message="failed on setup with &quot;psnawp_api.core.psnawp_exceptions.PSNAWPTooManyRequestsError: &lt;!doctype html&gt;&lt;html lang=&quot;en&quot;&gt;&lt;head&gt;&lt;title&gt;HTTP Status 429 – Too Many Requests&lt;/title&gt;&lt;style type=&quot;text/css&quot;&gt;body {font-family:Tahoma,Arial,sans-serif;} h1, h2, h3, b {color:white;background-color:#525D76;} h1 {font-size:22px;} h2 {font-size:16px;} h3 {font-size:14px;} p {font-size:12px;} a {color:black;} .line {height:1px;background-color:#525D76;border:none;}&lt;/style&gt;&lt;/head&gt;&lt;body&gt;&lt;h1&gt;HTTP Status 429 – Too Many Requests&lt;/h1&gt;&lt;/body&gt;&lt;/html&gt;&quot;">@pytest.fixture(scope="session")
    def blocked_user() -&gt; User:
        psnawp = PSNAWP(getenv("NPSSO_CODE", "NPSSO_CODE"))
&gt;       return psnawp.user(online_id=BLOCKED_USER_NAME)

tests/integration_tests/integration_test_psnawp_api/conftest.py:38: 
_ _ _ _ _ _ _ _ _ _ _ _ _ _ _ _ _ _ _ _ _ _ _ _ _ _ _ _ _ _ _ _ _ _ _ _ _ _ _ _ 
src/psnawp_api/psnawp.py:115: in user
    return User.from_online_id(self.authenticator, online_id)
src/psnawp_api/models/user.py:62: in from_online_id
    response: dict[str, Any] = authenticator.get(
src/psnawp_api/core/authenticator.py:43: in _impl
    authorization_code = authenticator_obj.get_authorization_code()
src/psnawp_api/core/authenticator.py:265: in get_authorization_code
    response = self.request_builder.get(
src/psnawp_api/core/request_builder.py:198: in get
    return self.request(method="get", **kwargs)
src/psnawp_api/core/request_builder.py:178: in request
    response_checker(response)
_ _ _ _ _ _ _ _ _ _ _ _ _ _ _ _ _ _ _ _ _ _ _ _ _ _ _ _ _ _ _ _ _ _ _ _ _ _ _ _ 

response = &lt;Response [429]&gt;

    def response_checker(response: Response) -&gt; None:
        """Checks the HTTP(S) response and raises corresponding PSNAWP exceptions.
    
        This function examines the status code of the HTTP response and raises PSNAWP exceptions based on error conditions.
    
        :param requests.Response response: The HTTP response object.
    
        :raises PSNAWPBadRequestError: If the HTTP response status code is 400.
        :raises PSNAWPUnauthorizedError: If the HTTP response status code is 401.
        :raises PSNAWPForbiddenError: If the HTTP response status code is 403.
        :raises PSNAWPNotFoundError: If the HTTP response status code is 404.
        :raises PSNAWPNotAllowedError: If the HTTP response status code is 405.
        :raises PSNAWPTooManyRequestsError: If the HTTP response status code is 429.
        :raises PSNAWPClientError: If the HTTP response status code is in the 4xx range (excluding those listed above).
        :raises PSNAWPServerError: If the HTTP response status code is 500 or above.
    
        """
        if response.status_code == HTTPStatus.BAD_REQUEST:
            raise PSNAWPBadRequestError(response.text)
        if response.status_code == HTTPStatus.UNAUTHORIZED:
            raise PSNAWPUnauthorizedError(response.text)
        if response.status_code == HTTPStatus.FORBIDDEN:
            raise PSNAWPForbiddenError(response.text)
        if response.status_code == HTTPStatus.NOT_FOUND:
            raise PSNAWPNotFoundError(response.text)
        if response.status_code == HTTPStatus.METHOD_NOT_ALLOWED:
            raise PSNAWPNotAllowedError(response.text)
        if response.status_code == HTTPStatus.TOO_MANY_REQUESTS:
&gt;           raise PSNAWPTooManyRequestsError(response.text)
E           psnawp_api.core.psnawp_exceptions.PSNAWPTooManyRequestsError: &lt;!doctype html&gt;&lt;html lang="en"&gt;&lt;head&gt;&lt;title&gt;HTTP Status 429 – Too Many Requests&lt;/title&gt;&lt;style type="text/css"&gt;body {font-family:Tahoma,Arial,sans-serif;} h1, h2, h3, b {color:white;background-color:#525D76;} h1 {font-size:22px;} h2 {font-size:16px;} h3 {font-size:14px;} p {font-size:12px;} a {color:black;} .line {height:1px;background-color:#525D76;border:none;}&lt;/style&gt;&lt;/head&gt;&lt;body&gt;&lt;h1&gt;HTTP Status 429 – Too Many Requests&lt;/h1&gt;&lt;/body&gt;&lt;/html&gt;

src/psnawp_api/core/request_builder.py:69: PSNAWPTooManyRequestsError</error></testcase><testcase classname="tests.integration_tests.integration_test_psnawp_api.models.test_group" name="test_group__leave_group" time="0.025" /><testcase classname="tests.integration_tests.integration_test_psnawp_api.models.test_search" name="test_search__universal_search" time="0.019" /><testcase classname="tests.integration_tests.integration_test_psnawp_api.models.test_search" name="test_search__get_game_content_id" time="0.019" /><testcase classname="tests.integration_tests.integration_test_psnawp_api.models.test_search" name="test_search__get_addon_content_id" time="0.018" /><testcase classname="tests.integration_tests.integration_test_psnawp_api.models.test_user" name="test_user__user" time="0.016" /><testcase classname="tests.integration_tests.integration_test_psnawp_api.models.test_user" name="test_user__user_account_id" time="0.014" /><testcase classname="tests.integration_tests.integration_test_psnawp_api.models.test_user" name="test_user__user_no_argument" time="0.006" /><testcase classname="tests.integration_tests.integration_test_psnawp_api.models.test_user" name="test_user__user_wrong_acc_id" time="0.015" /><testcase classname="tests.integration_tests.integration_test_psnawp_api.models.test_user" name="test_user__prev_online_id" time="0.015" /><testcase classname="tests.integration_tests.integration_test_psnawp_api.models.test_user" name="test_user__user_not_found" time="0.015" /><testcase classname="tests.integration_tests.integration_test_psnawp_api.models.test_user" name="test_user__user_acct_id_not_found" time="0.015" /><testcase classname="tests.integration_tests.integration_test_psnawp_api.models.test_user" name="test_user__get_profile" time="0.024" /><testcase classname="tests.integration_tests.integration_test_psnawp_api.models.test_user" name="test_user__get_presence" time="0.000"><error message="failed on setup with &quot;psnawp_api.core.psnawp_exceptions.PSNAWPTooManyRequestsError: &lt;!doctype html&gt;&lt;html lang=&quot;en&quot;&gt;&lt;head&gt;&lt;title&gt;HTTP Status 429 – Too Many Requests&lt;/title&gt;&lt;style type=&quot;text/css&quot;&gt;body {font-family:Tahoma,Arial,sans-serif;} h1, h2, h3, b {color:white;background-color:#525D76;} h1 {font-size:22px;} h2 {font-size:16px;} h3 {font-size:14px;} p {font-size:12px;} a {color:black;} .line {height:1px;background-color:#525D76;border:none;}&lt;/style&gt;&lt;/head&gt;&lt;body&gt;&lt;h1&gt;HTTP Status 429 – Too Many Requests&lt;/h1&gt;&lt;/body&gt;&lt;/html&gt;&quot;">@pytest.fixture(scope="session")
    def friend_user() -&gt; User:
        psnawp = PSNAWP(getenv("NPSSO_CODE", "NPSSO_CODE"))
&gt;       return psnawp.user(online_id=FRIEND_USER_NAME)

tests/integration_tests/integration_test_psnawp_api/conftest.py:32: 
_ _ _ _ _ _ _ _ _ _ _ _ _ _ _ _ _ _ _ _ _ _ _ _ _ _ _ _ _ _ _ _ _ _ _ _ _ _ _ _ 
src/psnawp_api/psnawp.py:115: in user
    return User.from_online_id(self.authenticator, online_id)
src/psnawp_api/models/user.py:62: in from_online_id
    response: dict[str, Any] = authenticator.get(
src/psnawp_api/core/authenticator.py:43: in _impl
    authorization_code = authenticator_obj.get_authorization_code()
src/psnawp_api/core/authenticator.py:265: in get_authorization_code
    response = self.request_builder.get(
src/psnawp_api/core/request_builder.py:198: in get
    return self.request(method="get", **kwargs)
src/psnawp_api/core/request_builder.py:178: in request
    response_checker(response)
_ _ _ _ _ _ _ _ _ _ _ _ _ _ _ _ _ _ _ _ _ _ _ _ _ _ _ _ _ _ _ _ _ _ _ _ _ _ _ _ 

response = &lt;Response [429]&gt;

    def response_checker(response: Response) -&gt; None:
        """Checks the HTTP(S) response and raises corresponding PSNAWP exceptions.
    
        This function examines the status code of the HTTP response and raises PSNAWP exceptions based on error conditions.
    
        :param requests.Response response: The HTTP response object.
    
        :raises PSNAWPBadRequestError: If the HTTP response status code is 400.
        :raises PSNAWPUnauthorizedError: If the HTTP response status code is 401.
        :raises PSNAWPForbiddenError: If the HTTP response status code is 403.
        :raises PSNAWPNotFoundError: If the HTTP response status code is 404.
        :raises PSNAWPNotAllowedError: If the HTTP response status code is 405.
        :raises PSNAWPTooManyRequestsError: If the HTTP response status code is 429.
        :raises PSNAWPClientError: If the HTTP response status code is in the 4xx range (excluding those listed above).
        :raises PSNAWPServerError: If the HTTP response status code is 500 or above.
    
        """
        if response.status_code == HTTPStatus.BAD_REQUEST:
            raise PSNAWPBadRequestError(response.text)
        if response.status_code == HTTPStatus.UNAUTHORIZED:
            raise PSNAWPUnauthorizedError(response.text)
        if response.status_code == HTTPStatus.FORBIDDEN:
            raise PSNAWPForbiddenError(response.text)
        if response.status_code == HTTPStatus.NOT_FOUND:
            raise PSNAWPNotFoundError(response.text)
        if response.status_code == HTTPStatus.METHOD_NOT_ALLOWED:
            raise PSNAWPNotAllowedError(response.text)
        if response.status_code == HTTPStatus.TOO_MANY_REQUESTS:
&gt;           raise PSNAWPTooManyRequestsError(response.text)
E           psnawp_api.core.psnawp_exceptions.PSNAWPTooManyRequestsError: &lt;!doctype html&gt;&lt;html lang="en"&gt;&lt;head&gt;&lt;title&gt;HTTP Status 429 – Too Many Requests&lt;/title&gt;&lt;style type="text/css"&gt;body {font-family:Tahoma,Arial,sans-serif;} h1, h2, h3, b {color:white;background-color:#525D76;} h1 {font-size:22px;} h2 {font-size:16px;} h3 {font-size:14px;} p {font-size:12px;} a {color:black;} .line {height:1px;background-color:#525D76;border:none;}&lt;/style&gt;&lt;/head&gt;&lt;body&gt;&lt;h1&gt;HTTP Status 429 – Too Many Requests&lt;/h1&gt;&lt;/body&gt;&lt;/html&gt;

src/psnawp_api/core/request_builder.py:69: PSNAWPTooManyRequestsError</error></testcase><testcase classname="tests.integration_tests.integration_test_psnawp_api.models.test_user" name="test_user__get_presence_forbidden" time="0.000"><error message="failed on setup with &quot;psnawp_api.core.psnawp_exceptions.PSNAWPTooManyRequestsError: &lt;!doctype html&gt;&lt;html lang=&quot;en&quot;&gt;&lt;head&gt;&lt;title&gt;HTTP Status 429 – Too Many Requests&lt;/title&gt;&lt;style type=&quot;text/css&quot;&gt;body {font-family:Tahoma,Arial,sans-serif;} h1, h2, h3, b {color:white;background-color:#525D76;} h1 {font-size:22px;} h2 {font-size:16px;} h3 {font-size:14px;} p {font-size:12px;} a {color:black;} .line {height:1px;background-color:#525D76;border:none;}&lt;/style&gt;&lt;/head&gt;&lt;body&gt;&lt;h1&gt;HTTP Status 429 – Too Many Requests&lt;/h1&gt;&lt;/body&gt;&lt;/html&gt;&quot;">@pytest.fixture(scope="session")
    def blocked_user() -&gt; User:
        psnawp = PSNAWP(getenv("NPSSO_CODE", "NPSSO_CODE"))
&gt;       return psnawp.user(online_id=BLOCKED_USER_NAME)

tests/integration_tests/integration_test_psnawp_api/conftest.py:38: 
_ _ _ _ _ _ _ _ _ _ _ _ _ _ _ _ _ _ _ _ _ _ _ _ _ _ _ _ _ _ _ _ _ _ _ _ _ _ _ _ 
src/psnawp_api/psnawp.py:115: in user
    return User.from_online_id(self.authenticator, online_id)
src/psnawp_api/models/user.py:62: in from_online_id
    response: dict[str, Any] = authenticator.get(
src/psnawp_api/core/authenticator.py:43: in _impl
    authorization_code = authenticator_obj.get_authorization_code()
src/psnawp_api/core/authenticator.py:265: in get_authorization_code
    response = self.request_builder.get(
src/psnawp_api/core/request_builder.py:198: in get
    return self.request(method="get", **kwargs)
src/psnawp_api/core/request_builder.py:178: in request
    response_checker(response)
_ _ _ _ _ _ _ _ _ _ _ _ _ _ _ _ _ _ _ _ _ _ _ _ _ _ _ _ _ _ _ _ _ _ _ _ _ _ _ _ 

response = &lt;Response [429]&gt;

    def response_checker(response: Response) -&gt; None:
        """Checks the HTTP(S) response and raises corresponding PSNAWP exceptions.
    
        This function examines the status code of the HTTP response and raises PSNAWP exceptions based on error conditions.
    
        :param requests.Response response: The HTTP response object.
    
        :raises PSNAWPBadRequestError: If the HTTP response status code is 400.
        :raises PSNAWPUnauthorizedError: If the HTTP response status code is 401.
        :raises PSNAWPForbiddenError: If the HTTP response status code is 403.
        :raises PSNAWPNotFoundError: If the HTTP response status code is 404.
        :raises PSNAWPNotAllowedError: If the HTTP response status code is 405.
        :raises PSNAWPTooManyRequestsError: If the HTTP response status code is 429.
        :raises PSNAWPClientError: If the HTTP response status code is in the 4xx range (excluding those listed above).
        :raises PSNAWPServerError: If the HTTP response status code is 500 or above.
    
        """
        if response.status_code == HTTPStatus.BAD_REQUEST:
            raise PSNAWPBadRequestError(response.text)
        if response.status_code == HTTPStatus.UNAUTHORIZED:
            raise PSNAWPUnauthorizedError(response.text)
        if response.status_code == HTTPStatus.FORBIDDEN:
            raise PSNAWPForbiddenError(response.text)
        if response.status_code == HTTPStatus.NOT_FOUND:
            raise PSNAWPNotFoundError(response.text)
        if response.status_code == HTTPStatus.METHOD_NOT_ALLOWED:
            raise PSNAWPNotAllowedError(response.text)
        if response.status_code == HTTPStatus.TOO_MANY_REQUESTS:
&gt;           raise PSNAWPTooManyRequestsError(response.text)
E           psnawp_api.core.psnawp_exceptions.PSNAWPTooManyRequestsError: &lt;!doctype html&gt;&lt;html lang="en"&gt;&lt;head&gt;&lt;title&gt;HTTP Status 429 – Too Many Requests&lt;/title&gt;&lt;style type="text/css"&gt;body {font-family:Tahoma,Arial,sans-serif;} h1, h2, h3, b {color:white;background-color:#525D76;} h1 {font-size:22px;} h2 {font-size:16px;} h3 {font-size:14px;} p {font-size:12px;} a {color:black;} .line {height:1px;background-color:#525D76;border:none;}&lt;/style&gt;&lt;/head&gt;&lt;body&gt;&lt;h1&gt;HTTP Status 429 – Too Many Requests&lt;/h1&gt;&lt;/body&gt;&lt;/html&gt;

src/psnawp_api/core/request_builder.py:69: PSNAWPTooManyRequestsError</error></testcase><testcase classname="tests.integration_tests.integration_test_psnawp_api.models.test_user" name="test_user__friendship" time="0.000"><error message="failed on setup with &quot;psnawp_api.core.psnawp_exceptions.PSNAWPTooManyRequestsError: &lt;!doctype html&gt;&lt;html lang=&quot;en&quot;&gt;&lt;head&gt;&lt;title&gt;HTTP Status 429 – Too Many Requests&lt;/title&gt;&lt;style type=&quot;text/css&quot;&gt;body {font-family:Tahoma,Arial,sans-serif;} h1, h2, h3, b {color:white;background-color:#525D76;} h1 {font-size:22px;} h2 {font-size:16px;} h3 {font-size:14px;} p {font-size:12px;} a {color:black;} .line {height:1px;background-color:#525D76;border:none;}&lt;/style&gt;&lt;/head&gt;&lt;body&gt;&lt;h1&gt;HTTP Status 429 – Too Many Requests&lt;/h1&gt;&lt;/body&gt;&lt;/html&gt;&quot;">@pytest.fixture(scope="session")
    def friend_user() -&gt; User:
        psnawp = PSNAWP(getenv("NPSSO_CODE", "NPSSO_CODE"))
&gt;       return psnawp.user(online_id=FRIEND_USER_NAME)

tests/integration_tests/integration_test_psnawp_api/conftest.py:32: 
_ _ _ _ _ _ _ _ _ _ _ _ _ _ _ _ _ _ _ _ _ _ _ _ _ _ _ _ _ _ _ _ _ _ _ _ _ _ _ _ 
src/psnawp_api/psnawp.py:115: in user
    return User.from_online_id(self.authenticator, online_id)
src/psnawp_api/models/user.py:62: in from_online_id
    response: dict[str, Any] = authenticator.get(
src/psnawp_api/core/authenticator.py:43: in _impl
    authorization_code = authenticator_obj.get_authorization_code()
src/psnawp_api/core/authenticator.py:265: in get_authorization_code
    response = self.request_builder.get(
src/psnawp_api/core/request_builder.py:198: in get
    return self.request(method="get", **kwargs)
src/psnawp_api/core/request_builder.py:178: in request
    response_checker(response)
_ _ _ _ _ _ _ _ _ _ _ _ _ _ _ _ _ _ _ _ _ _ _ _ _ _ _ _ _ _ _ _ _ _ _ _ _ _ _ _ 

response = &lt;Response [429]&gt;

    def response_checker(response: Response) -&gt; None:
        """Checks the HTTP(S) response and raises corresponding PSNAWP exceptions.
    
        This function examines the status code of the HTTP response and raises PSNAWP exceptions based on error conditions.
    
        :param requests.Response response: The HTTP response object.
    
        :raises PSNAWPBadRequestError: If the HTTP response status code is 400.
        :raises PSNAWPUnauthorizedError: If the HTTP response status code is 401.
        :raises PSNAWPForbiddenError: If the HTTP response status code is 403.
        :raises PSNAWPNotFoundError: If the HTTP response status code is 404.
        :raises PSNAWPNotAllowedError: If the HTTP response status code is 405.
        :raises PSNAWPTooManyRequestsError: If the HTTP response status code is 429.
        :raises PSNAWPClientError: If the HTTP response status code is in the 4xx range (excluding those listed above).
        :raises PSNAWPServerError: If the HTTP response status code is 500 or above.
    
        """
        if response.status_code == HTTPStatus.BAD_REQUEST:
            raise PSNAWPBadRequestError(response.text)
        if response.status_code == HTTPStatus.UNAUTHORIZED:
            raise PSNAWPUnauthorizedError(response.text)
        if response.status_code == HTTPStatus.FORBIDDEN:
            raise PSNAWPForbiddenError(response.text)
        if response.status_code == HTTPStatus.NOT_FOUND:
            raise PSNAWPNotFoundError(response.text)
        if response.status_code == HTTPStatus.METHOD_NOT_ALLOWED:
            raise PSNAWPNotAllowedError(response.text)
        if response.status_code == HTTPStatus.TOO_MANY_REQUESTS:
&gt;           raise PSNAWPTooManyRequestsError(response.text)
E           psnawp_api.core.psnawp_exceptions.PSNAWPTooManyRequestsError: &lt;!doctype html&gt;&lt;html lang="en"&gt;&lt;head&gt;&lt;title&gt;HTTP Status 429 – Too Many Requests&lt;/title&gt;&lt;style type="text/css"&gt;body {font-family:Tahoma,Arial,sans-serif;} h1, h2, h3, b {color:white;background-color:#525D76;} h1 {font-size:22px;} h2 {font-size:16px;} h3 {font-size:14px;} p {font-size:12px;} a {color:black;} .line {height:1px;background-color:#525D76;border:none;}&lt;/style&gt;&lt;/head&gt;&lt;body&gt;&lt;h1&gt;HTTP Status 429 – Too Many Requests&lt;/h1&gt;&lt;/body&gt;&lt;/html&gt;

src/psnawp_api/core/request_builder.py:69: PSNAWPTooManyRequestsError</error></testcase><testcase classname="tests.integration_tests.integration_test_psnawp_api.models.test_user" name="test_user__accept_friend_request" time="0.000"><error message="failed on setup with &quot;psnawp_api.core.psnawp_exceptions.PSNAWPTooManyRequestsError: &lt;!doctype html&gt;&lt;html lang=&quot;en&quot;&gt;&lt;head&gt;&lt;title&gt;HTTP Status 429 – Too Many Requests&lt;/title&gt;&lt;style type=&quot;text/css&quot;&gt;body {font-family:Tahoma,Arial,sans-serif;} h1, h2, h3, b {color:white;background-color:#525D76;} h1 {font-size:22px;} h2 {font-size:16px;} h3 {font-size:14px;} p {font-size:12px;} a {color:black;} .line {height:1px;background-color:#525D76;border:none;}&lt;/style&gt;&lt;/head&gt;&lt;body&gt;&lt;h1&gt;HTTP Status 429 – Too Many Requests&lt;/h1&gt;&lt;/body&gt;&lt;/html&gt;&quot;">@pytest.fixture(scope="session")
    def friend_user() -&gt; User:
        psnawp = PSNAWP(getenv("NPSSO_CODE", "NPSSO_CODE"))
&gt;       return psnawp.user(online_id=FRIEND_USER_NAME)

tests/integration_tests/integration_test_psnawp_api/conftest.py:32: 
_ _ _ _ _ _ _ _ _ _ _ _ _ _ _ _ _ _ _ _ _ _ _ _ _ _ _ _ _ _ _ _ _ _ _ _ _ _ _ _ 
src/psnawp_api/psnawp.py:115: in user
    return User.from_online_id(self.authenticator, online_id)
src/psnawp_api/models/user.py:62: in from_online_id
    response: dict[str, Any] = authenticator.get(
src/psnawp_api/core/authenticator.py:43: in _impl
    authorization_code = authenticator_obj.get_authorization_code()
src/psnawp_api/core/authenticator.py:265: in get_authorization_code
    response = self.request_builder.get(
src/psnawp_api/core/request_builder.py:198: in get
    return self.request(method="get", **kwargs)
src/psnawp_api/core/request_builder.py:178: in request
    response_checker(response)
_ _ _ _ _ _ _ _ _ _ _ _ _ _ _ _ _ _ _ _ _ _ _ _ _ _ _ _ _ _ _ _ _ _ _ _ _ _ _ _ 

response = &lt;Response [429]&gt;

    def response_checker(response: Response) -&gt; None:
        """Checks the HTTP(S) response and raises corresponding PSNAWP exceptions.
    
        This function examines the status code of the HTTP response and raises PSNAWP exceptions based on error conditions.
    
        :param requests.Response response: The HTTP response object.
    
        :raises PSNAWPBadRequestError: If the HTTP response status code is 400.
        :raises PSNAWPUnauthorizedError: If the HTTP response status code is 401.
        :raises PSNAWPForbiddenError: If the HTTP response status code is 403.
        :raises PSNAWPNotFoundError: If the HTTP response status code is 404.
        :raises PSNAWPNotAllowedError: If the HTTP response status code is 405.
        :raises PSNAWPTooManyRequestsError: If the HTTP response status code is 429.
        :raises PSNAWPClientError: If the HTTP response status code is in the 4xx range (excluding those listed above).
        :raises PSNAWPServerError: If the HTTP response status code is 500 or above.
    
        """
        if response.status_code == HTTPStatus.BAD_REQUEST:
            raise PSNAWPBadRequestError(response.text)
        if response.status_code == HTTPStatus.UNAUTHORIZED:
            raise PSNAWPUnauthorizedError(response.text)
        if response.status_code == HTTPStatus.FORBIDDEN:
            raise PSNAWPForbiddenError(response.text)
        if response.status_code == HTTPStatus.NOT_FOUND:
            raise PSNAWPNotFoundError(response.text)
        if response.status_code == HTTPStatus.METHOD_NOT_ALLOWED:
            raise PSNAWPNotAllowedError(response.text)
        if response.status_code == HTTPStatus.TOO_MANY_REQUESTS:
&gt;           raise PSNAWPTooManyRequestsError(response.text)
E           psnawp_api.core.psnawp_exceptions.PSNAWPTooManyRequestsError: &lt;!doctype html&gt;&lt;html lang="en"&gt;&lt;head&gt;&lt;title&gt;HTTP Status 429 – Too Many Requests&lt;/title&gt;&lt;style type="text/css"&gt;body {font-family:Tahoma,Arial,sans-serif;} h1, h2, h3, b {color:white;background-color:#525D76;} h1 {font-size:22px;} h2 {font-size:16px;} h3 {font-size:14px;} p {font-size:12px;} a {color:black;} .line {height:1px;background-color:#525D76;border:none;}&lt;/style&gt;&lt;/head&gt;&lt;body&gt;&lt;h1&gt;HTTP Status 429 – Too Many Requests&lt;/h1&gt;&lt;/body&gt;&lt;/html&gt;

src/psnawp_api/core/request_builder.py:69: PSNAWPTooManyRequestsError</error></testcase><testcase classname="tests.integration_tests.integration_test_psnawp_api.models.test_user" name="test_user__remove_friend" time="0.000"><error message="failed on setup with &quot;psnawp_api.core.psnawp_exceptions.PSNAWPTooManyRequestsError: &lt;!doctype html&gt;&lt;html lang=&quot;en&quot;&gt;&lt;head&gt;&lt;title&gt;HTTP Status 429 – Too Many Requests&lt;/title&gt;&lt;style type=&quot;text/css&quot;&gt;body {font-family:Tahoma,Arial,sans-serif;} h1, h2, h3, b {color:white;background-color:#525D76;} h1 {font-size:22px;} h2 {font-size:16px;} h3 {font-size:14px;} p {font-size:12px;} a {color:black;} .line {height:1px;background-color:#525D76;border:none;}&lt;/style&gt;&lt;/head&gt;&lt;body&gt;&lt;h1&gt;HTTP Status 429 – Too Many Requests&lt;/h1&gt;&lt;/body&gt;&lt;/html&gt;&quot;">@pytest.fixture(scope="session")
    def friend_user() -&gt; User:
        psnawp = PSNAWP(getenv("NPSSO_CODE", "NPSSO_CODE"))
&gt;       return psnawp.user(online_id=FRIEND_USER_NAME)

tests/integration_tests/integration_test_psnawp_api/conftest.py:32: 
_ _ _ _ _ _ _ _ _ _ _ _ _ _ _ _ _ _ _ _ _ _ _ _ _ _ _ _ _ _ _ _ _ _ _ _ _ _ _ _ 
src/psnawp_api/psnawp.py:115: in user
    return User.from_online_id(self.authenticator, online_id)
src/psnawp_api/models/user.py:62: in from_online_id
    response: dict[str, Any] = authenticator.get(
src/psnawp_api/core/authenticator.py:43: in _impl
    authorization_code = authenticator_obj.get_authorization_code()
src/psnawp_api/core/authenticator.py:265: in get_authorization_code
    response = self.request_builder.get(
src/psnawp_api/core/request_builder.py:198: in get
    return self.request(method="get", **kwargs)
src/psnawp_api/core/request_builder.py:178: in request
    response_checker(response)
_ _ _ _ _ _ _ _ _ _ _ _ _ _ _ _ _ _ _ _ _ _ _ _ _ _ _ _ _ _ _ _ _ _ _ _ _ _ _ _ 

response = &lt;Response [429]&gt;

    def response_checker(response: Response) -&gt; None:
        """Checks the HTTP(S) response and raises corresponding PSNAWP exceptions.
    
        This function examines the status code of the HTTP response and raises PSNAWP exceptions based on error conditions.
    
        :param requests.Response response: The HTTP response object.
    
        :raises PSNAWPBadRequestError: If the HTTP response status code is 400.
        :raises PSNAWPUnauthorizedError: If the HTTP response status code is 401.
        :raises PSNAWPForbiddenError: If the HTTP response status code is 403.
        :raises PSNAWPNotFoundError: If the HTTP response status code is 404.
        :raises PSNAWPNotAllowedError: If the HTTP response status code is 405.
        :raises PSNAWPTooManyRequestsError: If the HTTP response status code is 429.
        :raises PSNAWPClientError: If the HTTP response status code is in the 4xx range (excluding those listed above).
        :raises PSNAWPServerError: If the HTTP response status code is 500 or above.
    
        """
        if response.status_code == HTTPStatus.BAD_REQUEST:
            raise PSNAWPBadRequestError(response.text)
        if response.status_code == HTTPStatus.UNAUTHORIZED:
            raise PSNAWPUnauthorizedError(response.text)
        if response.status_code == HTTPStatus.FORBIDDEN:
            raise PSNAWPForbiddenError(response.text)
        if response.status_code == HTTPStatus.NOT_FOUND:
            raise PSNAWPNotFoundError(response.text)
        if response.status_code == HTTPStatus.METHOD_NOT_ALLOWED:
            raise PSNAWPNotAllowedError(response.text)
        if response.status_code == HTTPStatus.TOO_MANY_REQUESTS:
&gt;           raise PSNAWPTooManyRequestsError(response.text)
E           psnawp_api.core.psnawp_exceptions.PSNAWPTooManyRequestsError: &lt;!doctype html&gt;&lt;html lang="en"&gt;&lt;head&gt;&lt;title&gt;HTTP Status 429 – Too Many Requests&lt;/title&gt;&lt;style type="text/css"&gt;body {font-family:Tahoma,Arial,sans-serif;} h1, h2, h3, b {color:white;background-color:#525D76;} h1 {font-size:22px;} h2 {font-size:16px;} h3 {font-size:14px;} p {font-size:12px;} a {color:black;} .line {height:1px;background-color:#525D76;border:none;}&lt;/style&gt;&lt;/head&gt;&lt;body&gt;&lt;h1&gt;HTTP Status 429 – Too Many Requests&lt;/h1&gt;&lt;/body&gt;&lt;/html&gt;

src/psnawp_api/core/request_builder.py:69: PSNAWPTooManyRequestsError</error></testcase><testcase classname="tests.integration_tests.integration_test_psnawp_api.models.test_user" name="test_user__get_friends" time="0.000"><error message="failed on setup with &quot;psnawp_api.core.psnawp_exceptions.PSNAWPTooManyRequestsError: &lt;!doctype html&gt;&lt;html lang=&quot;en&quot;&gt;&lt;head&gt;&lt;title&gt;HTTP Status 429 – Too Many Requests&lt;/title&gt;&lt;style type=&quot;text/css&quot;&gt;body {font-family:Tahoma,Arial,sans-serif;} h1, h2, h3, b {color:white;background-color:#525D76;} h1 {font-size:22px;} h2 {font-size:16px;} h3 {font-size:14px;} p {font-size:12px;} a {color:black;} .line {height:1px;background-color:#525D76;border:none;}&lt;/style&gt;&lt;/head&gt;&lt;body&gt;&lt;h1&gt;HTTP Status 429 – Too Many Requests&lt;/h1&gt;&lt;/body&gt;&lt;/html&gt;&quot;">@pytest.fixture(scope="session")
    def friend_user() -&gt; User:
        psnawp = PSNAWP(getenv("NPSSO_CODE", "NPSSO_CODE"))
&gt;       return psnawp.user(online_id=FRIEND_USER_NAME)

tests/integration_tests/integration_test_psnawp_api/conftest.py:32: 
_ _ _ _ _ _ _ _ _ _ _ _ _ _ _ _ _ _ _ _ _ _ _ _ _ _ _ _ _ _ _ _ _ _ _ _ _ _ _ _ 
src/psnawp_api/psnawp.py:115: in user
    return User.from_online_id(self.authenticator, online_id)
src/psnawp_api/models/user.py:62: in from_online_id
    response: dict[str, Any] = authenticator.get(
src/psnawp_api/core/authenticator.py:43: in _impl
    authorization_code = authenticator_obj.get_authorization_code()
src/psnawp_api/core/authenticator.py:265: in get_authorization_code
    response = self.request_builder.get(
src/psnawp_api/core/request_builder.py:198: in get
    return self.request(method="get", **kwargs)
src/psnawp_api/core/request_builder.py:178: in request
    response_checker(response)
_ _ _ _ _ _ _ _ _ _ _ _ _ _ _ _ _ _ _ _ _ _ _ _ _ _ _ _ _ _ _ _ _ _ _ _ _ _ _ _ 

response = &lt;Response [429]&gt;

    def response_checker(response: Response) -&gt; None:
        """Checks the HTTP(S) response and raises corresponding PSNAWP exceptions.
    
        This function examines the status code of the HTTP response and raises PSNAWP exceptions based on error conditions.
    
        :param requests.Response response: The HTTP response object.
    
        :raises PSNAWPBadRequestError: If the HTTP response status code is 400.
        :raises PSNAWPUnauthorizedError: If the HTTP response status code is 401.
        :raises PSNAWPForbiddenError: If the HTTP response status code is 403.
        :raises PSNAWPNotFoundError: If the HTTP response status code is 404.
        :raises PSNAWPNotAllowedError: If the HTTP response status code is 405.
        :raises PSNAWPTooManyRequestsError: If the HTTP response status code is 429.
        :raises PSNAWPClientError: If the HTTP response status code is in the 4xx range (excluding those listed above).
        :raises PSNAWPServerError: If the HTTP response status code is 500 or above.
    
        """
        if response.status_code == HTTPStatus.BAD_REQUEST:
            raise PSNAWPBadRequestError(response.text)
        if response.status_code == HTTPStatus.UNAUTHORIZED:
            raise PSNAWPUnauthorizedError(response.text)
        if response.status_code == HTTPStatus.FORBIDDEN:
            raise PSNAWPForbiddenError(response.text)
        if response.status_code == HTTPStatus.NOT_FOUND:
            raise PSNAWPNotFoundError(response.text)
        if response.status_code == HTTPStatus.METHOD_NOT_ALLOWED:
            raise PSNAWPNotAllowedError(response.text)
        if response.status_code == HTTPStatus.TOO_MANY_REQUESTS:
&gt;           raise PSNAWPTooManyRequestsError(response.text)
E           psnawp_api.core.psnawp_exceptions.PSNAWPTooManyRequestsError: &lt;!doctype html&gt;&lt;html lang="en"&gt;&lt;head&gt;&lt;title&gt;HTTP Status 429 – Too Many Requests&lt;/title&gt;&lt;style type="text/css"&gt;body {font-family:Tahoma,Arial,sans-serif;} h1, h2, h3, b {color:white;background-color:#525D76;} h1 {font-size:22px;} h2 {font-size:16px;} h3 {font-size:14px;} p {font-size:12px;} a {color:black;} .line {height:1px;background-color:#525D76;border:none;}&lt;/style&gt;&lt;/head&gt;&lt;body&gt;&lt;h1&gt;HTTP Status 429 – Too Many Requests&lt;/h1&gt;&lt;/body&gt;&lt;/html&gt;

src/psnawp_api/core/request_builder.py:69: PSNAWPTooManyRequestsError</error></testcase><testcase classname="tests.integration_tests.integration_test_psnawp_api.models.test_user" name="test_user__get_friends_forbidden" time="0.000"><error message="failed on setup with &quot;psnawp_api.core.psnawp_exceptions.PSNAWPTooManyRequestsError: &lt;!doctype html&gt;&lt;html lang=&quot;en&quot;&gt;&lt;head&gt;&lt;title&gt;HTTP Status 429 – Too Many Requests&lt;/title&gt;&lt;style type=&quot;text/css&quot;&gt;body {font-family:Tahoma,Arial,sans-serif;} h1, h2, h3, b {color:white;background-color:#525D76;} h1 {font-size:22px;} h2 {font-size:16px;} h3 {font-size:14px;} p {font-size:12px;} a {color:black;} .line {height:1px;background-color:#525D76;border:none;}&lt;/style&gt;&lt;/head&gt;&lt;body&gt;&lt;h1&gt;HTTP Status 429 – Too Many Requests&lt;/h1&gt;&lt;/body&gt;&lt;/html&gt;&quot;">@pytest.fixture(scope="session")
    def blocked_user() -&gt; User:
        psnawp = PSNAWP(getenv("NPSSO_CODE", "NPSSO_CODE"))
&gt;       return psnawp.user(online_id=BLOCKED_USER_NAME)

tests/integration_tests/integration_test_psnawp_api/conftest.py:38: 
_ _ _ _ _ _ _ _ _ _ _ _ _ _ _ _ _ _ _ _ _ _ _ _ _ _ _ _ _ _ _ _ _ _ _ _ _ _ _ _ 
src/psnawp_api/psnawp.py:115: in user
    return User.from_online_id(self.authenticator, online_id)
src/psnawp_api/models/user.py:62: in from_online_id
    response: dict[str, Any] = authenticator.get(
src/psnawp_api/core/authenticator.py:43: in _impl
    authorization_code = authenticator_obj.get_authorization_code()
src/psnawp_api/core/authenticator.py:265: in get_authorization_code
    response = self.request_builder.get(
src/psnawp_api/core/request_builder.py:198: in get
    return self.request(method="get", **kwargs)
src/psnawp_api/core/request_builder.py:178: in request
    response_checker(response)
_ _ _ _ _ _ _ _ _ _ _ _ _ _ _ _ _ _ _ _ _ _ _ _ _ _ _ _ _ _ _ _ _ _ _ _ _ _ _ _ 

response = &lt;Response [429]&gt;

    def response_checker(response: Response) -&gt; None:
        """Checks the HTTP(S) response and raises corresponding PSNAWP exceptions.
    
        This function examines the status code of the HTTP response and raises PSNAWP exceptions based on error conditions.
    
        :param requests.Response response: The HTTP response object.
    
        :raises PSNAWPBadRequestError: If the HTTP response status code is 400.
        :raises PSNAWPUnauthorizedError: If the HTTP response status code is 401.
        :raises PSNAWPForbiddenError: If the HTTP response status code is 403.
        :raises PSNAWPNotFoundError: If the HTTP response status code is 404.
        :raises PSNAWPNotAllowedError: If the HTTP response status code is 405.
        :raises PSNAWPTooManyRequestsError: If the HTTP response status code is 429.
        :raises PSNAWPClientError: If the HTTP response status code is in the 4xx range (excluding those listed above).
        :raises PSNAWPServerError: If the HTTP response status code is 500 or above.
    
        """
        if response.status_code == HTTPStatus.BAD_REQUEST:
            raise PSNAWPBadRequestError(response.text)
        if response.status_code == HTTPStatus.UNAUTHORIZED:
            raise PSNAWPUnauthorizedError(response.text)
        if response.status_code == HTTPStatus.FORBIDDEN:
            raise PSNAWPForbiddenError(response.text)
        if response.status_code == HTTPStatus.NOT_FOUND:
            raise PSNAWPNotFoundError(response.text)
        if response.status_code == HTTPStatus.METHOD_NOT_ALLOWED:
            raise PSNAWPNotAllowedError(response.text)
        if response.status_code == HTTPStatus.TOO_MANY_REQUESTS:
&gt;           raise PSNAWPTooManyRequestsError(response.text)
E           psnawp_api.core.psnawp_exceptions.PSNAWPTooManyRequestsError: &lt;!doctype html&gt;&lt;html lang="en"&gt;&lt;head&gt;&lt;title&gt;HTTP Status 429 – Too Many Requests&lt;/title&gt;&lt;style type="text/css"&gt;body {font-family:Tahoma,Arial,sans-serif;} h1, h2, h3, b {color:white;background-color:#525D76;} h1 {font-size:22px;} h2 {font-size:16px;} h3 {font-size:14px;} p {font-size:12px;} a {color:black;} .line {height:1px;background-color:#525D76;border:none;}&lt;/style&gt;&lt;/head&gt;&lt;body&gt;&lt;h1&gt;HTTP Status 429 – Too Many Requests&lt;/h1&gt;&lt;/body&gt;&lt;/html&gt;

src/psnawp_api/core/request_builder.py:69: PSNAWPTooManyRequestsError</error></testcase><testcase classname="tests.integration_tests.integration_test_psnawp_api.models.test_user" name="test_user__is_blocked" time="0.001"><error message="failed on setup with &quot;psnawp_api.core.psnawp_exceptions.PSNAWPTooManyRequestsError: &lt;!doctype html&gt;&lt;html lang=&quot;en&quot;&gt;&lt;head&gt;&lt;title&gt;HTTP Status 429 – Too Many Requests&lt;/title&gt;&lt;style type=&quot;text/css&quot;&gt;body {font-family:Tahoma,Arial,sans-serif;} h1, h2, h3, b {color:white;background-color:#525D76;} h1 {font-size:22px;} h2 {font-size:16px;} h3 {font-size:14px;} p {font-size:12px;} a {color:black;} .line {height:1px;background-color:#525D76;border:none;}&lt;/style&gt;&lt;/head&gt;&lt;body&gt;&lt;h1&gt;HTTP Status 429 – Too Many Requests&lt;/h1&gt;&lt;/body&gt;&lt;/html&gt;&quot;">@pytest.fixture(scope="session")
    def friend_user() -&gt; User:
        psnawp = PSNAWP(getenv("NPSSO_CODE", "NPSSO_CODE"))
&gt;       return psnawp.user(online_id=FRIEND_USER_NAME)

tests/integration_tests/integration_test_psnawp_api/conftest.py:32: 
_ _ _ _ _ _ _ _ _ _ _ _ _ _ _ _ _ _ _ _ _ _ _ _ _ _ _ _ _ _ _ _ _ _ _ _ _ _ _ _ 
src/psnawp_api/psnawp.py:115: in user
    return User.from_online_id(self.authenticator, online_id)
src/psnawp_api/models/user.py:62: in from_online_id
    response: dict[str, Any] = authenticator.get(
src/psnawp_api/core/authenticator.py:43: in _impl
    authorization_code = authenticator_obj.get_authorization_code()
src/psnawp_api/core/authenticator.py:265: in get_authorization_code
    response = self.request_builder.get(
src/psnawp_api/core/request_builder.py:198: in get
    return self.request(method="get", **kwargs)
src/psnawp_api/core/request_builder.py:178: in request
    response_checker(response)
_ _ _ _ _ _ _ _ _ _ _ _ _ _ _ _ _ _ _ _ _ _ _ _ _ _ _ _ _ _ _ _ _ _ _ _ _ _ _ _ 

response = &lt;Response [429]&gt;

    def response_checker(response: Response) -&gt; None:
        """Checks the HTTP(S) response and raises corresponding PSNAWP exceptions.
    
        This function examines the status code of the HTTP response and raises PSNAWP exceptions based on error conditions.
    
        :param requests.Response response: The HTTP response object.
    
        :raises PSNAWPBadRequestError: If the HTTP response status code is 400.
        :raises PSNAWPUnauthorizedError: If the HTTP response status code is 401.
        :raises PSNAWPForbiddenError: If the HTTP response status code is 403.
        :raises PSNAWPNotFoundError: If the HTTP response status code is 404.
        :raises PSNAWPNotAllowedError: If the HTTP response status code is 405.
        :raises PSNAWPTooManyRequestsError: If the HTTP response status code is 429.
        :raises PSNAWPClientError: If the HTTP response status code is in the 4xx range (excluding those listed above).
        :raises PSNAWPServerError: If the HTTP response status code is 500 or above.
    
        """
        if response.status_code == HTTPStatus.BAD_REQUEST:
            raise PSNAWPBadRequestError(response.text)
        if response.status_code == HTTPStatus.UNAUTHORIZED:
            raise PSNAWPUnauthorizedError(response.text)
        if response.status_code == HTTPStatus.FORBIDDEN:
            raise PSNAWPForbiddenError(response.text)
        if response.status_code == HTTPStatus.NOT_FOUND:
            raise PSNAWPNotFoundError(response.text)
        if response.status_code == HTTPStatus.METHOD_NOT_ALLOWED:
            raise PSNAWPNotAllowedError(response.text)
        if response.status_code == HTTPStatus.TOO_MANY_REQUESTS:
&gt;           raise PSNAWPTooManyRequestsError(response.text)
E           psnawp_api.core.psnawp_exceptions.PSNAWPTooManyRequestsError: &lt;!doctype html&gt;&lt;html lang="en"&gt;&lt;head&gt;&lt;title&gt;HTTP Status 429 – Too Many Requests&lt;/title&gt;&lt;style type="text/css"&gt;body {font-family:Tahoma,Arial,sans-serif;} h1, h2, h3, b {color:white;background-color:#525D76;} h1 {font-size:22px;} h2 {font-size:16px;} h3 {font-size:14px;} p {font-size:12px;} a {color:black;} .line {height:1px;background-color:#525D76;border:none;}&lt;/style&gt;&lt;/head&gt;&lt;body&gt;&lt;h1&gt;HTTP Status 429 – Too Many Requests&lt;/h1&gt;&lt;/body&gt;&lt;/html&gt;

src/psnawp_api/core/request_builder.py:69: PSNAWPTooManyRequestsError</error></testcase><testcase classname="tests.integration_tests.integration_test_psnawp_api.models.test_user" name="test_user__get_shareable_profile_link" time="0.000"><error message="failed on setup with &quot;psnawp_api.core.psnawp_exceptions.PSNAWPTooManyRequestsError: &lt;!doctype html&gt;&lt;html lang=&quot;en&quot;&gt;&lt;head&gt;&lt;title&gt;HTTP Status 429 – Too Many Requests&lt;/title&gt;&lt;style type=&quot;text/css&quot;&gt;body {font-family:Tahoma,Arial,sans-serif;} h1, h2, h3, b {color:white;background-color:#525D76;} h1 {font-size:22px;} h2 {font-size:16px;} h3 {font-size:14px;} p {font-size:12px;} a {color:black;} .line {height:1px;background-color:#525D76;border:none;}&lt;/style&gt;&lt;/head&gt;&lt;body&gt;&lt;h1&gt;HTTP Status 429 – Too Many Requests&lt;/h1&gt;&lt;/body&gt;&lt;/html&gt;&quot;">@pytest.fixture(scope="session")
    def friend_user() -&gt; User:
        psnawp = PSNAWP(getenv("NPSSO_CODE", "NPSSO_CODE"))
&gt;       return psnawp.user(online_id=FRIEND_USER_NAME)

tests/integration_tests/integration_test_psnawp_api/conftest.py:32: 
_ _ _ _ _ _ _ _ _ _ _ _ _ _ _ _ _ _ _ _ _ _ _ _ _ _ _ _ _ _ _ _ _ _ _ _ _ _ _ _ 
src/psnawp_api/psnawp.py:115: in user
    return User.from_online_id(self.authenticator, online_id)
src/psnawp_api/models/user.py:62: in from_online_id
    response: dict[str, Any] = authenticator.get(
src/psnawp_api/core/authenticator.py:43: in _impl
    authorization_code = authenticator_obj.get_authorization_code()
src/psnawp_api/core/authenticator.py:265: in get_authorization_code
    response = self.request_builder.get(
src/psnawp_api/core/request_builder.py:198: in get
    return self.request(method="get", **kwargs)
src/psnawp_api/core/request_builder.py:178: in request
    response_checker(response)
_ _ _ _ _ _ _ _ _ _ _ _ _ _ _ _ _ _ _ _ _ _ _ _ _ _ _ _ _ _ _ _ _ _ _ _ _ _ _ _ 

response = &lt;Response [429]&gt;

    def response_checker(response: Response) -&gt; None:
        """Checks the HTTP(S) response and raises corresponding PSNAWP exceptions.
    
        This function examines the status code of the HTTP response and raises PSNAWP exceptions based on error conditions.
    
        :param requests.Response response: The HTTP response object.
    
        :raises PSNAWPBadRequestError: If the HTTP response status code is 400.
        :raises PSNAWPUnauthorizedError: If the HTTP response status code is 401.
        :raises PSNAWPForbiddenError: If the HTTP response status code is 403.
        :raises PSNAWPNotFoundError: If the HTTP response status code is 404.
        :raises PSNAWPNotAllowedError: If the HTTP response status code is 405.
        :raises PSNAWPTooManyRequestsError: If the HTTP response status code is 429.
        :raises PSNAWPClientError: If the HTTP response status code is in the 4xx range (excluding those listed above).
        :raises PSNAWPServerError: If the HTTP response status code is 500 or above.
    
        """
        if response.status_code == HTTPStatus.BAD_REQUEST:
            raise PSNAWPBadRequestError(response.text)
        if response.status_code == HTTPStatus.UNAUTHORIZED:
            raise PSNAWPUnauthorizedError(response.text)
        if response.status_code == HTTPStatus.FORBIDDEN:
            raise PSNAWPForbiddenError(response.text)
        if response.status_code == HTTPStatus.NOT_FOUND:
            raise PSNAWPNotFoundError(response.text)
        if response.status_code == HTTPStatus.METHOD_NOT_ALLOWED:
            raise PSNAWPNotAllowedError(response.text)
        if response.status_code == HTTPStatus.TOO_MANY_REQUESTS:
&gt;           raise PSNAWPTooManyRequestsError(response.text)
E           psnawp_api.core.psnawp_exceptions.PSNAWPTooManyRequestsError: &lt;!doctype html&gt;&lt;html lang="en"&gt;&lt;head&gt;&lt;title&gt;HTTP Status 429 – Too Many Requests&lt;/title&gt;&lt;style type="text/css"&gt;body {font-family:Tahoma,Arial,sans-serif;} h1, h2, h3, b {color:white;background-color:#525D76;} h1 {font-size:22px;} h2 {font-size:16px;} h3 {font-size:14px;} p {font-size:12px;} a {color:black;} .line {height:1px;background-color:#525D76;border:none;}&lt;/style&gt;&lt;/head&gt;&lt;body&gt;&lt;h1&gt;HTTP Status 429 – Too Many Requests&lt;/h1&gt;&lt;/body&gt;&lt;/html&gt;

src/psnawp_api/core/request_builder.py:69: PSNAWPTooManyRequestsError</error></testcase><testcase classname="tests.integration_tests.integration_test_psnawp_api.models.test_user" name="test_user__trophy_summary" time="0.027" /><testcase classname="tests.integration_tests.integration_test_psnawp_api.models.test_user" name="test_user__trophy_summary_forbidden" time="0.000"><error message="failed on setup with &quot;psnawp_api.core.psnawp_exceptions.PSNAWPTooManyRequestsError: &lt;!doctype html&gt;&lt;html lang=&quot;en&quot;&gt;&lt;head&gt;&lt;title&gt;HTTP Status 429 – Too Many Requests&lt;/title&gt;&lt;style type=&quot;text/css&quot;&gt;body {font-family:Tahoma,Arial,sans-serif;} h1, h2, h3, b {color:white;background-color:#525D76;} h1 {font-size:22px;} h2 {font-size:16px;} h3 {font-size:14px;} p {font-size:12px;} a {color:black;} .line {height:1px;background-color:#525D76;border:none;}&lt;/style&gt;&lt;/head&gt;&lt;body&gt;&lt;h1&gt;HTTP Status 429 – Too Many Requests&lt;/h1&gt;&lt;/body&gt;&lt;/html&gt;&quot;">@pytest.fixture(scope="session")
    def blocked_user() -&gt; User:
        psnawp = PSNAWP(getenv("NPSSO_CODE", "NPSSO_CODE"))
&gt;       return psnawp.user(online_id=BLOCKED_USER_NAME)

tests/integration_tests/integration_test_psnawp_api/conftest.py:38: 
_ _ _ _ _ _ _ _ _ _ _ _ _ _ _ _ _ _ _ _ _ _ _ _ _ _ _ _ _ _ _ _ _ _ _ _ _ _ _ _ 
src/psnawp_api/psnawp.py:115: in user
    return User.from_online_id(self.authenticator, online_id)
src/psnawp_api/models/user.py:62: in from_online_id
    response: dict[str, Any] = authenticator.get(
src/psnawp_api/core/authenticator.py:43: in _impl
    authorization_code = authenticator_obj.get_authorization_code()
src/psnawp_api/core/authenticator.py:265: in get_authorization_code
    response = self.request_builder.get(
src/psnawp_api/core/request_builder.py:198: in get
    return self.request(method="get", **kwargs)
src/psnawp_api/core/request_builder.py:178: in request
    response_checker(response)
_ _ _ _ _ _ _ _ _ _ _ _ _ _ _ _ _ _ _ _ _ _ _ _ _ _ _ _ _ _ _ _ _ _ _ _ _ _ _ _ 

response = &lt;Response [429]&gt;

    def response_checker(response: Response) -&gt; None:
        """Checks the HTTP(S) response and raises corresponding PSNAWP exceptions.
    
        This function examines the status code of the HTTP response and raises PSNAWP exceptions based on error conditions.
    
        :param requests.Response response: The HTTP response object.
    
        :raises PSNAWPBadRequestError: If the HTTP response status code is 400.
        :raises PSNAWPUnauthorizedError: If the HTTP response status code is 401.
        :raises PSNAWPForbiddenError: If the HTTP response status code is 403.
        :raises PSNAWPNotFoundError: If the HTTP response status code is 404.
        :raises PSNAWPNotAllowedError: If the HTTP response status code is 405.
        :raises PSNAWPTooManyRequestsError: If the HTTP response status code is 429.
        :raises PSNAWPClientError: If the HTTP response status code is in the 4xx range (excluding those listed above).
        :raises PSNAWPServerError: If the HTTP response status code is 500 or above.
    
        """
        if response.status_code == HTTPStatus.BAD_REQUEST:
            raise PSNAWPBadRequestError(response.text)
        if response.status_code == HTTPStatus.UNAUTHORIZED:
            raise PSNAWPUnauthorizedError(response.text)
        if response.status_code == HTTPStatus.FORBIDDEN:
            raise PSNAWPForbiddenError(response.text)
[...]
    
        """
        if response.status_code == HTTPStatus.BAD_REQUEST:
            raise PSNAWPBadRequestError(response.text)
        if response.status_code == HTTPStatus.UNAUTHORIZED:
            raise PSNAWPUnauthorizedError(response.text)
        if response.status_code == HTTPStatus.FORBIDDEN:
            raise PSNAWPForbiddenError(response.text)
        if response.status_code == HTTPStatus.NOT_FOUND:
            raise PSNAWPNotFoundError(response.text)
        if response.status_code == HTTPStatus.METHOD_NOT_ALLOWED:
            raise PSNAWPNotAllowedError(response.text)
        if response.status_code == HTTPStatus.TOO_MANY_REQUESTS:
&gt;           raise PSNAWPTooManyRequestsError(response.text)
E           psnawp_api.core.psnawp_exceptions.PSNAWPTooManyRequestsError: &lt;!doctype html&gt;&lt;html lang="en"&gt;&lt;head&gt;&lt;title&gt;HTTP Status 429 – Too Many Requests&lt;/title&gt;&lt;style type="text/css"&gt;body {font-family:Tahoma,Arial,sans-serif;} h1, h2, h3, b {color:white;background-color:#525D76;} h1 {font-size:22px;} h2 {font-size:16px;} h3 {font-size:14px;} p {font-size:12px;} a {color:black;} .line {height:1px;background-color:#525D76;border:none;}&lt;/style&gt;&lt;/head&gt;&lt;body&gt;&lt;h1&gt;HTTP Status 429 – Too Many Requests&lt;/h1&gt;&lt;/body&gt;&lt;/html&gt;

src/psnawp_api/core/request_builder.py:69: PSNAWPTooManyRequestsError</error></testcase><testcase classname="tests.integration_tests.integration_test_psnawp_api.models.test_user" name="test_user__trophies" time="0.048" /><testcase classname="tests.integration_tests.integration_test_psnawp_api.models.test_user" name="test_user__trophies_with_progress_forbidden" time="0.000"><error message="failed on setup with &quot;psnawp_api.core.psnawp_exceptions.PSNAWPTooManyRequestsError: &lt;!doctype html&gt;&lt;html lang=&quot;en&quot;&gt;&lt;head&gt;&lt;title&gt;HTTP Status 429 – Too Many Requests&lt;/title&gt;&lt;style type=&quot;text/css&quot;&gt;body {font-family:Tahoma,Arial,sans-serif;} h1, h2, h3, b {color:white;background-color:#525D76;} h1 {font-size:22px;} h2 {font-size:16px;} h3 {font-size:14px;} p {font-size:12px;} a {color:black;} .line {height:1px;background-color:#525D76;border:none;}&lt;/style&gt;&lt;/head&gt;&lt;body&gt;&lt;h1&gt;HTTP Status 429 – Too Many Requests&lt;/h1&gt;&lt;/body&gt;&lt;/html&gt;&quot;">@pytest.fixture(scope="session")
    def blocked_user() -&gt; User:
        psnawp = PSNAWP(getenv("NPSSO_CODE", "NPSSO_CODE"))
&gt;       return psnawp.user(online_id=BLOCKED_USER_NAME)

tests/integration_tests/integration_test_psnawp_api/conftest.py:38: 
_ _ _ _ _ _ _ _ _ _ _ _ _ _ _ _ _ _ _ _ _ _ _ _ _ _ _ _ _ _ _ _ _ _ _ _ _ _ _ _ 
src/psnawp_api/psnawp.py:115: in user
    return User.from_online_id(self.authenticator, online_id)
src/psnawp_api/models/user.py:62: in from_online_id
    response: dict[str, Any] = authenticator.get(
src/psnawp_api/core/authenticator.py:43: in _impl
    authorization_code = authenticator_obj.get_authorization_code()
src/psnawp_api/core/authenticator.py:265: in get_authorization_code
    response = self.request_builder.get(
src/psnawp_api/core/request_builder.py:198: in get
    return self.request(method="get", **kwargs)
src/psnawp_api/core/request_builder.py:178: in request
    response_checker(response)
_ _ _ _ _ _ _ _ _ _ _ _ _ _ _ _ _ _ _ _ _ _ _ _ _ _ _ _ _ _ _ _ _ _ _ _ _ _ _ _ 

response = &lt;Response [429]&gt;

    def response_checker(response: Response) -&gt; None:
        """Checks the HTTP(S) response and raises corresponding PSNAWP exceptions.
    
        This function examines the status code of the HTTP response and raises PSNAWP exceptions based on error conditions.
    
        :param requests.Response response: The HTTP response object.
    
        :raises PSNAWPBadRequestError: If the HTTP response status code is 400.
        :raises PSNAWPUnauthorizedError: If the HTTP response status code is 401.
        :raises PSNAWPForbiddenError: If the HTTP response status code is 403.
        :raises PSNAWPNotFoundError: If the HTTP response status code is 404.
        :raises PSNAWPNotAllowedError: If the HTTP response status code is 405.
        :raises PSNAWPTooManyRequestsError: If the HTTP response status code is 429.
        :raises PSNAWPClientError: If the HTTP response status code is in the 4xx range (excluding those listed above).
        :raises PSNAWPServerError: If the HTTP response status code is 500 or above.
    
        """
        if response.status_code == HTTPStatus.BAD_REQUEST:
            raise PSNAWPBadRequestError(response.text)
        if response.status_code == HTTPStatus.UNAUTHORIZED:
            raise PSNAWPUnauthorizedError(response.text)
        if response.status_code == HTTPStatus.FORBIDDEN:
            raise PSNAWPForbiddenError(response.text)
        if response.status_code == HTTPStatus.NOT_FOUND:
            raise PSNAWPNotFoundError(response.text)
        if response.status_code == HTTPStatus.METHOD_NOT_ALLOWED:
            raise PSNAWPNotAllowedError(response.text)
        if response.status_code == HTTPStatus.TOO_MANY_REQUESTS:
&gt;           raise PSNAWPTooManyRequestsError(response.text)
E           psnawp_api.core.psnawp_exceptions.PSNAWPTooManyRequestsError: &lt;!doctype html&gt;&lt;html lang="en"&gt;&lt;head&gt;&lt;title&gt;HTTP Status 429 – Too Many Requests&lt;/title&gt;&lt;style type="text/css"&gt;body {font-family:Tahoma,Arial,sans-serif;} h1, h2, h3, b {color:white;background-color:#525D76;} h1 {font-size:22px;} h2 {font-size:16px;} h3 {font-size:14px;} p {font-size:12px;} a {color:black;} .line {height:1px;background-color:#525D76;border:none;}&lt;/style&gt;&lt;/head&gt;&lt;body&gt;&lt;h1&gt;HTTP Status 429 – Too Many Requests&lt;/h1&gt;&lt;/body&gt;&lt;/html&gt;

src/psnawp_api/core/request_builder.py:69: PSNAWPTooManyRequestsError</error></testcase><testcase classname="tests.integration_tests.integration_test_psnawp_api.models.test_user" name="test_user__trophies_pagination_test" time="0.049" /><testcase classname="tests.integration_tests.integration_test_psnawp_api.models.test_user" name="test_user__trophy_groups_summary" time="0.047" /><testcase classname="tests.integration_tests.integration_test_psnawp_api.models.test_user" name="test_user__trophy_groups_summary_forbidden" time="0.000"><error message="failed on setup with &quot;psnawp_api.core.psnawp_exceptions.PSNAWPTooManyRequestsError: &lt;!doctype html&gt;&lt;html lang=&quot;en&quot;&gt;&lt;head&gt;&lt;title&gt;HTTP Status 429 – Too Many Requests&lt;/title&gt;&lt;style type=&quot;text/css&quot;&gt;body {font-family:Tahoma,Arial,sans-serif;} h1, h2, h3, b {color:white;background-color:#525D76;} h1 {font-size:22px;} h2 {font-size:16px;} h3 {font-size:14px;} p {font-size:12px;} a {color:black;} .line {height:1px;background-color:#525D76;border:none;}&lt;/style&gt;&lt;/head&gt;&lt;body&gt;&lt;h1&gt;HTTP Status 429 – Too Many Requests&lt;/h1&gt;&lt;/body&gt;&lt;/html&gt;&quot;">@pytest.fixture(scope="session")
    def blocked_user() -&gt; User:
        psnawp = PSNAWP(getenv("NPSSO_CODE", "NPSSO_CODE"))
&gt;       return psnawp.user(online_id=BLOCKED_USER_NAME)

tests/integration_tests/integration_test_psnawp_api/conftest.py:38: 
_ _ _ _ _ _ _ _ _ _ _ _ _ _ _ _ _ _ _ _ _ _ _ _ _ _ _ _ _ _ _ _ _ _ _ _ _ _ _ _ 
src/psnawp_api/psnawp.py:115: in user
    return User.from_online_id(self.authenticator, online_id)
src/psnawp_api/models/user.py:62: in from_online_id
    response: dict[str, Any] = authenticator.get(
src/psnawp_api/core/authenticator.py:43: in _impl
    authorization_code = authenticator_obj.get_authorization_code()
src/psnawp_api/core/authenticator.py:265: in get_authorization_code
    response = self.request_builder.get(
src/psnawp_api/core/request_builder.py:198: in get
    return self.request(method="get", **kwargs)
src/psnawp_api/core/request_builder.py:178: in request
    response_checker(response)
_ _ _ _ _ _ _ _ _ _ _ _ _ _ _ _ _ _ _ _ _ _ _ _ _ _ _ _ _ _ _ _ _ _ _ _ _ _ _ _ 

response = &lt;Response [429]&gt;

    def response_checker(response: Response) -&gt; None:
        """Checks the HTTP(S) response and raises corresponding PSNAWP exceptions.
    
        This function examines the status code of the HTTP response and raises PSNAWP exceptions based on error conditions.
    
        :param requests.Response response: The HTTP response object.
    
        :raises PSNAWPBadRequestError: If the HTTP response status code is 400.
        :raises PSNAWPUnauthorizedError: If the HTTP response status code is 401.
        :raises PSNAWPForbiddenError: If the HTTP response status code is 403.
        :raises PSNAWPNotFoundError: If the HTTP response status code is 404.
        :raises PSNAWPNotAllowedError: If the HTTP response status code is 405.
        :raises PSNAWPTooManyRequestsError: If the HTTP response status code is 429.
        :raises PSNAWPClientError: If the HTTP response status code is in the 4xx range (excluding those listed above).
        :raises PSNAWPServerError: If the HTTP response status code is 500 or above.
    
        """
        if response.status_code == HTTPStatus.BAD_REQUEST:
            raise PSNAWPBadRequestError(response.text)
        if response.status_code == HTTPStatus.UNAUTHORIZED:
            raise PSNAWPUnauthorizedError(response.text)
        if response.status_code == HTTPStatus.FORBIDDEN:
            raise PSNAWPForbiddenError(response.text)
        if response.status_code == HTTPStatus.NOT_FOUND:
            raise PSNAWPNotFoundError(response.text)
        if response.status_code == HTTPStatus.METHOD_NOT_ALLOWED:
            raise PSNAWPNotAllowedError(response.text)
        if response.status_code == HTTPStatus.TOO_MANY_REQUESTS:
&gt;           raise PSNAWPTooManyRequestsError(response.text)
E           psnawp_api.core.psnawp_exceptions.PSNAWPTooManyRequestsError: &lt;!doctype html&gt;&lt;html lang="en"&gt;&lt;head&gt;&lt;title&gt;HTTP Status 429 – Too Many Requests&lt;/title&gt;&lt;style type="text/css"&gt;body {font-family:Tahoma,Arial,sans-serif;} h1, h2, h3, b {color:white;background-color:#525D76;} h1 {font-size:22px;} h2 {font-size:16px;} h3 {font-size:14px;} p {font-size:12px;} a {color:black;} .line {height:1px;background-color:#525D76;border:none;}&lt;/style&gt;&lt;/head&gt;&lt;body&gt;&lt;h1&gt;HTTP Status 429 – Too Many Requests&lt;/h1&gt;&lt;/body&gt;&lt;/html&gt;

src/psnawp_api/core/request_builder.py:69: PSNAWPTooManyRequestsError</error></testcase><testcase classname="tests.integration_tests.integration_test_psnawp_api.models.test_user" name="test_user__title_stats" time="0.000"><error message="failed on setup with &quot;psnawp_api.core.psnawp_exceptions.PSNAWPTooManyRequestsError: &lt;!doctype html&gt;&lt;html lang=&quot;en&quot;&gt;&lt;head&gt;&lt;title&gt;HTTP Status 429 – Too Many Requests&lt;/title&gt;&lt;style type=&quot;text/css&quot;&gt;body {font-family:Tahoma,Arial,sans-serif;} h1, h2, h3, b {color:white;background-color:#525D76;} h1 {font-size:22px;} h2 {font-size:16px;} h3 {font-size:14px;} p {font-size:12px;} a {color:black;} .line {height:1px;background-color:#525D76;border:none;}&lt;/style&gt;&lt;/head&gt;&lt;body&gt;&lt;h1&gt;HTTP Status 429 – Too Many Requests&lt;/h1&gt;&lt;/body&gt;&lt;/html&gt;&quot;">@pytest.fixture(scope="session")
    def friend_user() -&gt; User:
        psnawp = PSNAWP(getenv("NPSSO_CODE", "NPSSO_CODE"))
&gt;       return psnawp.user(online_id=FRIEND_USER_NAME)

tests/integration_tests/integration_test_psnawp_api/conftest.py:32: 
_ _ _ _ _ _ _ _ _ _ _ _ _ _ _ _ _ _ _ _ _ _ _ _ _ _ _ _ _ _ _ _ _ _ _ _ _ _ _ _ 
src/psnawp_api/psnawp.py:115: in user
    return User.from_online_id(self.authenticator, online_id)
src/psnawp_api/models/user.py:62: in from_online_id
    response: dict[str, Any] = authenticator.get(
src/psnawp_api/core/authenticator.py:43: in _impl
    authorization_code = authenticator_obj.get_authorization_code()
src/psnawp_api/core/authenticator.py:265: in get_authorization_code
    response = self.request_builder.get(
src/psnawp_api/core/request_builder.py:198: in get
    return self.request(method="get", **kwargs)
src/psnawp_api/core/request_builder.py:178: in request
    response_checker(response)
_ _ _ _ _ _ _ _ _ _ _ _ _ _ _ _ _ _ _ _ _ _ _ _ _ _ _ _ _ _ _ _ _ _ _ _ _ _ _ _ 

response = &lt;Response [429]&gt;

    def response_checker(response: Response) -&gt; None:
        """Checks the HTTP(S) response and raises corresponding PSNAWP exceptions.
    
        This function examines the status code of the HTTP response and raises PSNAWP exceptions based on error conditions.
    
        :param requests.Response response: The HTTP response object.
    
        :raises PSNAWPBadRequestError: If the HTTP response status code is 400.
        :raises PSNAWPUnauthorizedError: If the HTTP response status code is 401.
        :raises PSNAWPForbiddenError: If the HTTP response status code is 403.
        :raises PSNAWPNotFoundError: If the HTTP response status code is 404.
        :raises PSNAWPNotAllowedError: If the HTTP response status code is 405.
        :raises PSNAWPTooManyRequestsError: If the HTTP response status code is 429.
        :raises PSNAWPClientError: If the HTTP response status code is in the 4xx range (excluding those listed above).
        :raises PSNAWPServerError: If the HTTP response status code is 500 or above.
    
        """
        if response.status_code == HTTPStatus.BAD_REQUEST:
            raise PSNAWPBadRequestError(response.text)
        if response.status_code == HTTPStatus.UNAUTHORIZED:
            raise PSNAWPUnauthorizedError(response.text)
        if response.status_code == HTTPStatus.FORBIDDEN:
            raise PSNAWPForbiddenError(response.text)
        if response.status_code == HTTPStatus.NOT_FOUND:
            raise PSNAWPNotFoundError(response.text)
        if response.status_code == HTTPStatus.METHOD_NOT_ALLOWED:
            raise PSNAWPNotAllowedError(response.text)
        if response.status_code == HTTPStatus.TOO_MANY_REQUESTS:
&gt;           raise PSNAWPTooManyRequestsError(response.text)
E           psnawp_api.core.psnawp_exceptions.PSNAWPTooManyRequestsError: &lt;!doctype html&gt;&lt;html lang="en"&gt;&lt;head&gt;&lt;title&gt;HTTP Status 429 – Too Many Requests&lt;/title&gt;&lt;style type="text/css"&gt;body {font-family:Tahoma,Arial,sans-serif;} h1, h2, h3, b {color:white;background-color:#525D76;} h1 {font-size:22px;} h2 {font-size:16px;} h3 {font-size:14px;} p {font-size:12px;} a {color:black;} .line {height:1px;background-color:#525D76;border:none;}&lt;/style&gt;&lt;/head&gt;&lt;body&gt;&lt;h1&gt;HTTP Status 429 – Too Many Requests&lt;/h1&gt;&lt;/body&gt;&lt;/html&gt;

src/psnawp_api/core/request_builder.py:69: PSNAWPTooManyRequestsError</error></testcase><testcase classname="tests.integration_tests.integration_test_psnawp_api.models.test_user" name="test_user__title_stats_with_limit" time="0.223" /><testcase classname="tests.integration_tests.integration_test_psnawp_api.models.test_user" name="test_user__title_stats_with_jump" time="0.048" /><testcase classname="tests.integration_tests.integration_test_psnawp_api.models.test_user" name="test_user__repr_and_str" time="0.000"><error message="failed on setup with &quot;psnawp_api.core.psnawp_exceptions.PSNAWPTooManyRequestsError: &lt;!doctype html&gt;&lt;html lang=&quot;en&quot;&gt;&lt;head&gt;&lt;title&gt;HTTP Status 429 – Too Many Requests&lt;/title&gt;&lt;style type=&quot;text/css&quot;&gt;body {font-family:Tahoma,Arial,sans-serif;} h1, h2, h3, b {color:white;background-color:#525D76;} h1 {font-size:22px;} h2 {font-size:16px;} h3 {font-size:14px;} p {font-size:12px;} a {color:black;} .line {height:1px;background-color:#525D76;border:none;}&lt;/style&gt;&lt;/head&gt;&lt;body&gt;&lt;h1&gt;HTTP Status 429 – Too Many Requests&lt;/h1&gt;&lt;/body&gt;&lt;/html&gt;&quot;">@pytest.fixture(scope="session")
    def friend_user() -&gt; User:
        psnawp = PSNAWP(getenv("NPSSO_CODE", "NPSSO_CODE"))
&gt;       return psnawp.user(online_id=FRIEND_USER_NAME)

tests/integration_tests/integration_test_psnawp_api/conftest.py:32: 
_ _ _ _ _ _ _ _ _ _ _ _ _ _ _ _ _ _ _ _ _ _ _ _ _ _ _ _ _ _ _ _ _ _ _ _ _ _ _ _ 
src/psnawp_api/psnawp.py:115: in user
    return User.from_online_id(self.authenticator, online_id)
src/psnawp_api/models/user.py:62: in from_online_id
    response: dict[str, Any] = authenticator.get(
src/psnawp_api/core/authenticator.py:43: in _impl
    authorization_code = authenticator_obj.get_authorization_code()
src/psnawp_api/core/authenticator.py:265: in get_authorization_code
    response = self.request_builder.get(
src/psnawp_api/core/request_builder.py:198: in get
    return self.request(method="get", **kwargs)
src/psnawp_api/core/request_builder.py:178: in request
    response_checker(response)
_ _ _ _ _ _ _ _ _ _ _ _ _ _ _ _ _ _ _ _ _ _ _ _ _ _ _ _ _ _ _ _ _ _ _ _ _ _ _ _ 

response = &lt;Response [429]&gt;

    def response_checker(response: Response) -&gt; None:
        """Checks the HTTP(S) response and raises corresponding PSNAWP exceptions.
    
        This function examines the status code of the HTTP response and raises PSNAWP exceptions based on error conditions.
    
        :param requests.Response response: The HTTP response object.
    
        :raises PSNAWPBadRequestError: If the HTTP response status code is 400.
        :raises PSNAWPUnauthorizedError: If the HTTP response status code is 401.
        :raises PSNAWPForbiddenError: If the HTTP response status code is 403.
        :raises PSNAWPNotFoundError: If the HTTP response status code is 404.
        :raises PSNAWPNotAllowedError: If the HTTP response status code is 405.
        :raises PSNAWPTooManyRequestsError: If the HTTP response status code is 429.
        :raises PSNAWPClientError: If the HTTP response status code is in the 4xx range (excluding those listed above).
        :raises PSNAWPServerError: If the HTTP response status code is 500 or above.
    
        """
        if response.status_code == HTTPStatus.BAD_REQUEST:
            raise PSNAWPBadRequestError(response.text)
        if response.status_code == HTTPStatus.UNAUTHORIZED:
            raise PSNAWPUnauthorizedError(response.text)
        if response.status_code == HTTPStatus.FORBIDDEN:
            raise PSNAWPForbiddenError(response.text)
        if response.status_code == HTTPStatus.NOT_FOUND:
            raise PSNAWPNotFoundError(response.text)
        if response.status_code == HTTPStatus.METHOD_NOT_ALLOWED:
            raise PSNAWPNotAllowedError(response.text)
        if response.status_code == HTTPStatus.TOO_MANY_REQUESTS:
&gt;           raise PSNAWPTooManyRequestsError(response.text)
E           psnawp_api.core.psnawp_exceptions.PSNAWPTooManyRequestsError: &lt;!doctype html&gt;&lt;html lang="en"&gt;&lt;head&gt;&lt;title&gt;HTTP Status 429 – Too Many Requests&lt;/title&gt;&lt;style type="text/css"&gt;body {font-family:Tahoma,Arial,sans-serif;} h1, h2, h3, b {color:white;background-color:#525D76;} h1 {font-size:22px;} h2 {font-size:16px;} h3 {font-size:14px;} p {font-size:12px;} a {color:black;} .line {height:1px;background-color:#525D76;border:none;}&lt;/style&gt;&lt;/head&gt;&lt;body&gt;&lt;h1&gt;HTTP Status 429 – Too Many Requests&lt;/h1&gt;&lt;/body&gt;&lt;/html&gt;

src/psnawp_api/core/request_builder.py:69: PSNAWPTooManyRequestsError</error></testcase><testcase classname="tests.integration_tests.integration_test_psnawp_api.models.test_user" name="test_user__get_region" time="0.029" /><testcase classname="tests.integration_tests.integration_test_psnawp_api.utils.test_utils_misc" name="test_play_duration_to_timedelta_valid_inputs" time="0.001" /><testcase classname="tests.integration_tests.integration_test_psnawp_api.utils.test_utils_misc" name="test_play_duration_to_timedelta_invalid_inputs" time="0.001" /><testcase classname="tests.integration_tests.integration_test_psnawp_api.utils.test_utils_misc" name="test_extract_region_from_npid" time="0.001" /></testsuite></testsuites>