============================= test session starts ==============================
platform linux -- Python 3.10.12, pytest-8.2.2, pluggy-1.5.0
rootdir: /home/runner/work/psnawp/psnawp
configfile: pyproject.toml
testpaths: tests
plugins: cov-5.0.0, vcr-1.0.2
collected 81 items

tests/integration_tests/integration_test_psnawp_api/core/test_authenticator.py . [  1%]
..                                                                       [  3%]
tests/integration_tests/integration_test_psnawp_api/models/test_client.py . [  4%]
.................                                                        [ 25%]
tests/integration_tests/integration_test_psnawp_api/models/test_game_title.py . [ 27%]
........                                                                 [ 37%]
tests/integration_tests/integration_test_psnawp_api/models/test_group.py . [ 38%]
.............                                                            [ 54%]
tests/integration_tests/integration_test_psnawp_api/models/test_search.py . [ 55%]
..                                                                       [ 58%]
tests/integration_tests/integration_test_psnawp_api/models/test_user.py . [ 59%]
...............................                                          [ 97%]
tests/integration_tests/integration_test_psnawp_api/utils/test_utils_misc.py . [ 98%]
.                                                                        [100%]

-------- generated xml file: /home/runner/work/psnawp/psnawp/pytest.xml --------

---------- coverage: platform linux, python 3.10.12-final-0 ----------
Coverage HTML written to dir htmlcov

============================== 81 passed in 3.99s ==============================
