============================= test session starts ==============================
platform linux -- Python 3.11.11, pytest-8.3.4, pluggy-1.5.0
rootdir: /home/runner/work/psnawp/psnawp
configfile: pyproject.toml
testpaths: tests
plugins: vcr-1.0.2, cov-6.0.0
collected 84 items

tests/integration_tests/integration_test_psnawp_api/core/test_authenticator.py . [  1%]
..                                                                       [  3%]
tests/integration_tests/integration_test_psnawp_api/models/test_client.py . [  4%]
..................                                                       [ 26%]
tests/integration_tests/integration_test_psnawp_api/models/test_game_title.py . [ 27%]
........                                                                 [ 36%]
tests/integration_tests/integration_test_psnawp_api/models/test_group.py . [ 38%]
.............                                                            [ 53%]
tests/integration_tests/integration_test_psnawp_api/models/test_search.py . [ 54%]
..                                                                       [ 57%]
tests/integration_tests/integration_test_psnawp_api/models/test_user.py . [ 58%]
................................                                         [ 96%]
tests/integration_tests/integration_test_psnawp_api/utils/test_utils_misc.py . [ 97%]
..                                                                       [100%]

-------- generated xml file: /home/runner/work/psnawp/psnawp/pytest.xml --------

---------- coverage: platform linux, python 3.11.11-final-0 ----------
Coverage HTML written to dir htmlcov

============================== 84 passed in 4.53s ==============================
