============================= test session starts ==============================
platform linux -- Python 3.11.9, pytest-8.2.0, pluggy-1.5.0
rootdir: /home/runner/work/psnawp/psnawp
configfile: pyproject.toml
testpaths: tests
plugins: cov-5.0.0, vcr-1.0.2
collected 69 items

tests/unit_tests/test_authenticator.py .                                 [  1%]
tests/unit_tests/test_client.py .................                        [ 26%]
tests/unit_tests/test_game_title.py .........                            [ 39%]
tests/unit_tests/test_group.py ......F..                                 [ 52%]
tests/unit_tests/test_search.py FFF                                      [ 56%]
tests/unit_tests/test_user.py .........F...F.F..F.F..F....               [ 97%]
tests/unit_tests/test_utils_misc.py ..                                   [100%]

=================================== FAILURES ===================================
________________________ test_group__dming_blocked_user ________________________

psnawp_fixture = <psnawp_api.psnawp.PSNAWP object at 0x7f41c8dbfc10>

    @pytest.mark.vcr()
    def test_group__dming_blocked_user(psnawp_fixture):
        with my_vcr.use_cassette(f"{inspect.currentframe().f_code.co_name}.yaml"):
            with pytest.raises(PSNAWPForbidden):
                is_fake_account = psnawp_fixture.user(online_id="isFakeAccount")
>               group = psnawp_fixture.group(users_list=[is_fake_account])

tests/unit_tests/test_group.py:69: 
_ _ _ _ _ _ _ _ _ _ _ _ _ _ _ _ _ _ _ _ _ _ _ _ _ _ _ _ _ _ _ _ _ _ _ _ _ _ _ _ 
src/psnawp_api/psnawp.py:159: in group
    return Group(self._request_builder, group_id=group_id, users=users)
src/psnawp_api/models/group.py:51: in __init__
    self._create_group()
src/psnawp_api/models/group.py:64: in _create_group
    response = self._request_builder.post(
src/psnawp_api/core/request_builder.py:123: in post
    response_checker(response)
_ _ _ _ _ _ _ _ _ _ _ _ _ _ _ _ _ _ _ _ _ _ _ _ _ _ _ _ _ _ _ _ _ _ _ _ _ _ _ _ 

response = <Response [400]>

    def response_checker(response: requests.Response) -> None:
        """Checks the HTTP(S) response and re-raises them as PSNAWP Exceptions
    
        :param response: :class:`Response <Response>` object
        :type response: requests.Response
    
        :returns: None
    
        """
        if response.status_code == 400:
>           raise PSNAWPBadRequest(response.text)
E           psnawp_api.core.psnawp_exceptions.PSNAWPBadRequest: {"error": {"referenceId": "84e72191-15ad-11ef-9720-f7ea5ba06b96", "code": 2285696, "message": "Bad Request"}}

src/psnawp_api/core/request_builder.py:27: PSNAWPBadRequest
________________________ test_search__universal_search _________________________

psnawp_fixture = <psnawp_api.psnawp.PSNAWP object at 0x7f41c8dbfc10>

    @pytest.mark.vcr()
    def test_search__universal_search(psnawp_fixture):
        with my_vcr.use_cassette(f"{inspect.currentframe().f_code.co_name}.yaml"):
            search = psnawp_fixture.search()
>           search.universal_search(search_query="GTA", limit=1)

tests/unit_tests/test_search.py:13: 
_ _ _ _ _ _ _ _ _ _ _ _ _ _ _ _ _ _ _ _ _ _ _ _ _ _ _ _ _ _ _ _ _ _ _ _ _ _ _ _ 
src/psnawp_api/models/search.py:86: in universal_search
    response: dict[str, Any] = self._request_builder.post(url=f"{BASE_PATH['universal_search']}", data=json.dumps(data)).json()
src/psnawp_api/core/request_builder.py:123: in post
    response_checker(response)
_ _ _ _ _ _ _ _ _ _ _ _ _ _ _ _ _ _ _ _ _ _ _ _ _ _ _ _ _ _ _ _ _ _ _ _ _ _ _ _ 

response = <Response [400]>

    def response_checker(response: requests.Response) -> None:
        """Checks the HTTP(S) response and re-raises them as PSNAWP Exceptions
    
        :param response: :class:`Response <Response>` object
        :type response: requests.Response
    
        :returns: None
    
        """
        if response.status_code == 400:
>           raise PSNAWPBadRequest(response.text)
E           psnawp_api.core.psnawp_exceptions.PSNAWPBadRequest: {"error": {"referenceId": "22d5fd39-9f70-4f56-bef9-9c2a1b823fa0", "code": 3415813, "message": "JSON parse error: Cannot construct instance of `com.sony.sie.kamaji.search.universal.model.openapi.SearchDomain`, problem: Unexpected value 'ConceptGameMobileApp'; nested exception is com.fasterxml.jackson.databind.exc.ValueInstantiationException: Cannot construct instance of `com.sony.sie.kamaji.search.universal.model.openapi.SearchDomain`, problem: Unexpected value 'ConceptGameMobileApp'\n at [Source: (org.springframework.util.StreamUtils$NonClosingInputStream); line: 1, column: 53] (through reference chain: com.sony.sie.kamaji.search.universal.model.openapi.UniversalSearchRequest[\"domainRequests\"]->java.util.ArrayList[0]->com.sony.sie.kamaji.search.universal.model.openapi.SearchDomainRequest[\"domain\"])", "reason": "invalid_parameter", "source": "api"}}

src/psnawp_api/core/request_builder.py:27: PSNAWPBadRequest
__________________________ test_search__get_title_id ___________________________

psnawp_fixture = <psnawp_api.psnawp.PSNAWP object at 0x7f41c8dbfc10>

    @pytest.mark.vcr()
    def test_search__get_title_id(psnawp_fixture):
        with my_vcr.use_cassette(f"{inspect.currentframe().f_code.co_name}.yaml"):
            search = psnawp_fixture.search()
>           assert search.get_title_id("Minecraft") == ("Minecraft", "CUSA00744_00")

tests/unit_tests/test_search.py:20: 
_ _ _ _ _ _ _ _ _ _ _ _ _ _ _ _ _ _ _ _ _ _ _ _ _ _ _ _ _ _ _ _ _ _ _ _ _ _ _ _ 
src/psnawp_api/models/search.py:117: in get_title_id
    response: dict[str, Any] = self._request_builder.post(url=f"{BASE_PATH['universal_search']}", data=json.dumps(data)).json()
src/psnawp_api/core/request_builder.py:123: in post
    response_checker(response)
_ _ _ _ _ _ _ _ _ _ _ _ _ _ _ _ _ _ _ _ _ _ _ _ _ _ _ _ _ _ _ _ _ _ _ _ _ _ _ _ 

response = <Response [400]>

    def response_checker(response: requests.Response) -> None:
        """Checks the HTTP(S) response and re-raises them as PSNAWP Exceptions
    
        :param response: :class:`Response <Response>` object
        :type response: requests.Response
    
        :returns: None
    
        """
        if response.status_code == 400:
>           raise PSNAWPBadRequest(response.text)
E           psnawp_api.core.psnawp_exceptions.PSNAWPBadRequest: {"error": {"referenceId": "bd904960-9fcf-43e6-9084-14a768691e84", "code": 3415813, "message": "JSON parse error: Cannot construct instance of `com.sony.sie.kamaji.search.universal.model.openapi.SearchDomain`, problem: Unexpected value 'ConceptGameMobileApp'; nested exception is com.fasterxml.jackson.databind.exc.ValueInstantiationException: Cannot construct instance of `com.sony.sie.kamaji.search.universal.model.openapi.SearchDomain`, problem: Unexpected value 'ConceptGameMobileApp'\n at [Source: (org.springframework.util.StreamUtils$NonClosingInputStream); line: 1, column: 59] (through reference chain: com.sony.sie.kamaji.search.universal.model.openapi.UniversalSearchRequest[\"domainRequests\"]->java.util.ArrayList[0]->com.sony.sie.kamaji.search.universal.model.openapi.SearchDomainRequest[\"domain\"])", "reason": "invalid_parameter", "source": "api"}}

src/psnawp_api/core/request_builder.py:27: PSNAWPBadRequest
____________________ test_search__get_title_id_wrong_title _____________________

psnawp_fixture = <psnawp_api.psnawp.PSNAWP object at 0x7f41c8dbfc10>

    @pytest.mark.vcr()
    def test_search__get_title_id_wrong_title(psnawp_fixture):
        with my_vcr.use_cassette(f"{inspect.currentframe().f_code.co_name}.yaml"):
            with pytest.raises(PSNAWPNotFound):
                search = psnawp_fixture.search()
>               search.get_title_id("dsfasdfadsf")

tests/unit_tests/test_search.py:30: 
_ _ _ _ _ _ _ _ _ _ _ _ _ _ _ _ _ _ _ _ _ _ _ _ _ _ _ _ _ _ _ _ _ _ _ _ _ _ _ _ 
src/psnawp_api/models/search.py:117: in get_title_id
    response: dict[str, Any] = self._request_builder.post(url=f"{BASE_PATH['universal_search']}", data=json.dumps(data)).json()
src/psnawp_api/core/request_builder.py:123: in post
    response_checker(response)
_ _ _ _ _ _ _ _ _ _ _ _ _ _ _ _ _ _ _ _ _ _ _ _ _ _ _ _ _ _ _ _ _ _ _ _ _ _ _ _ 

response = <Response [400]>

    def response_checker(response: requests.Response) -> None:
        """Checks the HTTP(S) response and re-raises them as PSNAWP Exceptions
    
        :param response: :class:`Response <Response>` object
        :type response: requests.Response
    
        :returns: None
    
        """
        if response.status_code == 400:
>           raise PSNAWPBadRequest(response.text)
E           psnawp_api.core.psnawp_exceptions.PSNAWPBadRequest: {"error": {"referenceId": "77fdadda-e71a-46ce-bc29-a5e5cd0f26e1", "code": 3415813, "message": "JSON parse error: Cannot construct instance of `com.sony.sie.kamaji.search.universal.model.openapi.SearchDomain`, problem: Unexpected value 'ConceptGameMobileApp'; nested exception is com.fasterxml.jackson.databind.exc.ValueInstantiationException: Cannot construct instance of `com.sony.sie.kamaji.search.universal.model.openapi.SearchDomain`, problem: Unexpected value 'ConceptGameMobileApp'\n at [Source: (org.springframework.util.StreamUtils$NonClosingInputStream); line: 1, column: 61] (through reference chain: com.sony.sie.kamaji.search.universal.model.openapi.UniversalSearchRequest[\"domainRequests\"]->java.util.ArrayList[0]->com.sony.sie.kamaji.search.universal.model.openapi.SearchDomainRequest[\"domain\"])", "reason": "invalid_parameter", "source": "api"}}

src/psnawp_api/core/request_builder.py:27: PSNAWPBadRequest
______________________ test_user__get_presence_forbidden _______________________

psnawp_fixture = <psnawp_api.psnawp.PSNAWP object at 0x7f41c8dbfc10>

    @pytest.mark.vcr()
    def test_user__get_presence_forbidden(psnawp_fixture):
        with my_vcr.use_cassette(f"{inspect.currentframe().f_code.co_name}.yaml"):
>           with pytest.raises(PSNAWPForbidden):
E           Failed: DID NOT RAISE <class 'psnawp_api.core.psnawp_exceptions.PSNAWPForbidden'>

tests/unit_tests/test_user.py:83: Failed
_____________________ test_user__trophy_summary_forbidden ______________________

psnawp_fixture = <psnawp_api.psnawp.PSNAWP object at 0x7f41c8dbfc10>

    @pytest.mark.vcr()
    def test_user__trophy_summary_forbidden(psnawp_fixture):
        with my_vcr.use_cassette(f"{inspect.currentframe().f_code.co_name}.yaml"):
>           with pytest.raises(PSNAWPForbidden):
E           Failed: DID NOT RAISE <class 'psnawp_api.core.psnawp_exceptions.PSNAWPForbidden'>

tests/unit_tests/test_user.py:116: Failed
______________________ test_user__trophy_titles_forbidden ______________________

psnawp_fixture = <psnawp_api.psnawp.PSNAWP object at 0x7f41c8dbfc10>

    @pytest.mark.vcr()
    def test_user__trophy_titles_forbidden(psnawp_fixture):
        with my_vcr.use_cassette(f"{inspect.currentframe().f_code.co_name}.yaml"):
>           with pytest.raises(PSNAWPForbidden):
E           Failed: DID NOT RAISE <class 'psnawp_api.core.psnawp_exceptions.PSNAWPForbidden'>

tests/unit_tests/test_user.py:139: Failed
----------------------------- Captured stdout call -----------------------------
TrophyTitle(total_items_count=148, np_service_name='trophy', np_communication_id='NPWR11887_00', trophy_set_version='01.00', title_name='Pox Nora', title_detail='The trophy set of Pox Nora', title_icon_url='https://image.api.playstation.com/trophy/np/NPWR11887_00_00CD1763C5BA6E0DDF29AB99E756B89FB23C049656/4DD0155C1D10FADA0A092365A910E243E433C281.PNG', title_platform=frozenset({<PlatformType.PS4: 'PS4'>, <PlatformType.PS_VITA: 'PSVITA'>}), has_trophy_groups=False, progress=0, hidden_flag=False, earned_trophies=TrophySet(bronze=0, silver=0, gold=0, platinum=0), defined_trophies=TrophySet(bronze=12, silver=8, gold=6, platinum=1), last_updated_date_time=datetime.datetime(2024, 3, 24, 22, 22, 49, tzinfo=datetime.timezone.utc), np_title_id=None, rarest_trophies=[])
TrophyTitle(total_items_count=148, np_service_name='trophy2', np_communication_id='NPWR36059_00', trophy_set_version='01.00', title_name='Plants At War', title_detail=None, title_icon_url='https://psnobj.prod.dl.playstation.net/psnobj/NPWR36059_00/397a77a2-fa0f-44a4-820d-666ddb6d1e4b.png', title_platform=frozenset({<PlatformType.PS5: 'PS5'>}), has_trophy_groups=False, progress=0, hidden_flag=False, earned_trophies=TrophySet(bronze=0, silver=0, gold=0, platinum=0), defined_trophies=TrophySet(bronze=4, silver=3, gold=2, platinum=0), last_updated_date_time=datetime.datetime(2024, 3, 24, 0, 50, 41, tzinfo=datetime.timezone.utc), np_title_id=None, rarest_trophies=[])
TrophyTitle(total_items_count=148, np_service_name='trophy', np_communication_id='NPWR09618_00', trophy_set_version='01.00', title_name='Kitten Squad', title_detail='The Core Trophies of Kitten Squad', title_icon_url='https://image.api.playstation.com/trophy/np/NPWR09618_00_002E0C969927ABA11384BB72C67C79A3DD089012E2/A566E75A6FEA54BBF4377A7B0009E6BC4F787374.PNG', title_platform=frozenset({<PlatformType.PS4: 'PS4'>}), has_trophy_groups=False, progress=0, hidden_flag=False, earned_trophies=TrophySet(bronze=0, silver=0, gold=0, platinum=0), defined_trophies=TrophySet(bronze=9, silver=0, gold=0, platinum=0), last_updated_date_time=datetime.datetime(2024, 3, 24, 0, 32, 49, tzinfo=datetime.timezone.utc), np_title_id=None, rarest_trophies=[])
TrophyTitle(total_items_count=148, np_service_name='trophy', np_communication_id='NPWR22014_00', trophy_set_version='01.01', title_name='Live Or Die', title_detail='Main Set', title_icon_url='https://image.api.playstation.com/trophy/np/NPWR22014_00_009A159ABD5F0746AE62AF65E01F4A98D2BBEF6140/6CBA7D33DDC1CB8B3D641CECCDC2CB6D9FF0781C.PNG', title_platform=frozenset({<PlatformType.PS4: 'PS4'>}), has_trophy_groups=False, progress=0, hidden_flag=False, earned_trophies=TrophySet(bronze=0, silver=0, gold=0, platinum=0), defined_trophies=TrophySet(bronze=9, silver=3, gold=1, platinum=0), last_updated_date_time=datetime.datetime(2024, 3, 24, 0, 21, 17, tzinfo=datetime.timezone.utc), np_title_id=None, rarest_trophies=[])
TrophyTitle(total_items_count=148, np_service_name='trophy', np_communication_id='NPWR17130_00', trophy_set_version='01.08', title_name='DAYS GONE', title_detail='DAYS GONE', title_icon_url='https://image.api.playstation.com/trophy/np/NPWR17130_00_002D14DB28AA079AB444D1AA3527D40F8F780DBAEE/81687E4B5151D16193E5EC2A558719BBCB6BD363.PNG', title_platform=frozenset({<PlatformType.PS4: 'PS4'>}), has_trophy_groups=True, progress=11, hidden_flag=False, earned_trophies=TrophySet(bronze=9, silver=1, gold=0, platinum=0), defined_trophies=TrophySet(bronze=37, silver=19, gold=4, platinum=1), last_updated_date_time=datetime.datetime(2024, 3, 21, 4, 44, 47, tzinfo=datetime.timezone.utc), np_title_id=None, rarest_trophies=[])
TrophyTitle(total_items_count=148, np_service_name='trophy', np_communication_id='NPWR13550_00', trophy_set_version='01.05', title_name='SWORD ART ONLINE: FATAL BULLET', title_detail='SWORD ART ONLINE: FATAL BULLET Trophies', title_icon_url='https://image.api.playstation.com/trophy/np/NPWR13550_00_00D8B4DE09477F449994A8BCC6C3A1F735F8729BF2/287923FA5B425F709B678169993CF3B43DFE9287.PNG', title_platform=frozenset({<PlatformType.PS4: 'PS4'>}), has_trophy_groups=True, progress=0, hidden_flag=False, earned_trophies=TrophySet(bronze=0, silver=0, gold=0, platinum=0), defined_trophies=TrophySet(bronze=50, silver=9, gold=3, platinum=1), last_updated_date_time=datetime.datetime(2024, 3, 19, 3, 46, 55, tzinfo=datetime.timezone.utc), np_title_id=None, rarest_trophies=[])
TrophyTitle(total_items_count=148, np_service_name='trophy2', np_communication_id='NPWR21190_00', trophy_set_version='01.13', title_name='Tom Clancy’s Rainbow Six® Siege', title_detail=None, title_icon_url='https://psnobj.prod.dl.playstation.net/psnobj/NPWR21190_00/340e328a-b200-42aa-a711-35660bbe0f29.png', title_platform=frozenset({<PlatformType.PS5: 'PS5'>}), has_trophy_groups=False, progress=71, hidden_flag=False, earned_trophies=TrophySet(bronze=26, silver=9, gold=1, platinum=0), defined_trophies=TrophySet(bronze=34, silver=12, gold=2, platinum=1), last_updated_date_time=datetime.datetime(2024, 3, 10, 7, 22, 8, tzinfo=datetime.timezone.utc), np_title_id=None, rarest_trophies=[])
TrophyTitle(total_items_count=148, np_service_name='trophy2', np_communication_id='NPWR28054_00', trophy_set_version='01.00', title_name='Session: Skateboard Sim', title_detail=None, title_icon_url='https://psnobj.prod.dl.playstation.net/psnobj/NPWR28054_00/08cdb5a5-db89-478e-8a8b-572961ea83be.png', title_platform=frozenset({<PlatformType.PS5: 'PS5'>}), has_trophy_groups=False, progress=0, hidden_flag=False, earned_trophies=TrophySet(bronze=0, silver=0, gold=0, platinum=0), defined_trophies=TrophySet(bronze=40, silver=6, gold=2, platinum=1), last_updated_date_time=datetime.datetime(2024, 2, 17, 5, 38, tzinfo=datetime.timezone.utc), np_title_id=None, rarest_trophies=[])
TrophyTitle(total_items_count=148, np_service_name='trophy', np_communication_id='NPWR38289_00', trophy_set_version='01.00', title_name='Roblox', title_detail='Trophies for playing Roblox!', title_icon_url='https://image.api.playstation.com/trophy/np/NPWR38289_00_0059EE350DDB76966F1B4FCDFD94DD0AD2EC27B7CB/EC7DF04C99BBEBAEECE2D94E4888D7A879AD5863.PNG', title_platform=frozenset({<PlatformType.PS4: 'PS4'>}), has_trophy_groups=False, progress=0, hidden_flag=False, earned_trophies=TrophySet(bronze=0, silver=0, gold=0, platinum=0), defined_trophies=TrophySet(bronze=4, silver=2, gold=2, platinum=0), last_updated_date_time=datetime.datetime(2024, 2, 17, 4, 55, 38, tzinfo=datetime.timezone.utc), np_title_id=None, rarest_trophies=[])
TrophyTitle(total_items_count=148, np_service_name='trophy', np_communication_id='NPWR12667_00', trophy_set_version='01.02', title_name='Insurgency: Sandstorm', title_detail='Insurgency: Sandstorm', title_icon_url='https://image.api.playstation.com/trophy/np/NPWR12667_00_001980D0856D53A81EE629B028189781FC446703E2/5CD7EB05BF1AEB8BDC0C37E2FAF0198F67C57C06.PNG', title_platform=frozenset({<PlatformType.PS4: 'PS4'>}), has_trophy_groups=False, progress=2, hidden_flag=False, earned_trophies=TrophySet(bronze=2, silver=0, gold=0, platinum=0), defined_trophies=TrophySet(bronze=14, silver=10, gold=6, platinum=1), last_updated_date_time=datetime.datetime(2023, 12, 27, 2, 19, 54, tzinfo=datetime.timezone.utc), np_title_id=None, rarest_trophies=[])
TrophyTitle(total_items_count=148, np_service_name='trophy', np_communication_id='NPWR08648_00', trophy_set_version='01.01', title_name='METAL SLUG 3', title_detail='METAL SLUG 3', title_icon_url='https://image.api.playstation.com/trophy/np/NPWR08648_00_00BCE1AE5D427D924F620ED395BCE972FDC7F33012/70F9C8A89075A4E2C45E1D231EDEA3CD31CD8D95.PNG', title_platform=frozenset({<PlatformType.PS4: 'PS4'>, <PlatformType.PS3: 'PS3'>, <PlatformType.PS_VITA: 'PSVITA'>}), has_trophy_groups=False, progress=4, hidden_flag=False, earned_trophies=TrophySet(bronze=1, silver=0, gold=0, platinum=0), defined_trophies=TrophySet(bronze=11, silver=2, gold=1, platinum=0), last_updated_date_time=datetime.datetime(2023, 12, 27, 1, 57, 12, tzinfo=datetime.timezone.utc), np_title_id=None, rarest_trophies=[])
TrophyTitle(total_items_count=148, np_service_name='trophy', np_communication_id='NPWR12205_00', trophy_set_version='01.00', title_name='I, Zombie', title_detail='The trophy set of I, Zombie.', title_icon_url='https://image.api.playstation.com/trophy/np/NPWR12205_00_00459ED8CACF0D1C56DF08B832B28A012013A200DF/8E8923CE9EBC2950BC45245204BF8953978E3F47.PNG', title_platform=frozenset({<PlatformType.PS4: 'PS4'>}), has_trophy_groups=False, progress=19, hidden_flag=False, earned_trophies=TrophySet(bronze=4, silver=0, gold=0, platinum=0), defined_trophies=TrophySet(bronze=5, silver=5, gold=1, platinum=0), last_updated_date_time=datetime.datetime(2023, 12, 3, 0, 15, 7, tzinfo=datetime.timezone.utc), np_title_id=None, rarest_trophies=[])
TrophyTitle(total_items_count=148, np_service_name='trophy', np_communication_id='NPWR14927_00', trophy_set_version='01.00', title_name='Plants vs. Zombies: Battle for Neighborville', title_detail='Plants vs. Zombies: Battle for Neighborville', title_icon_url='https://image.api.playstation.com/trophy/np/NPWR14927_00_008EAF73C51FA007D070D82CB7F6133764963BE212/53D62DA296C12E7C7F90C4C30798D8F5FD26CDE0.PNG', title_platform=frozenset({<PlatformType.PS4: 'PS4'>}), has_trophy_groups=False, progress=3, hidden_flag=False, earned_trophies=TrophySet(bronze=2, silver=0, gold=0, platinum=0), defined_trophies=TrophySet(bronze=38, silver=11, gold=1, platinum=1), last_updated_date_time=datetime.datetime(2023, 10, 6, 3, 45, 35, tzinfo=datetime.timezone.utc), np_title_id=None, rarest_trophies=[])
TrophyTitle(total_items_count=148, np_service_name='trophy', np_communication_id='NPWR05706_00', trophy_set_version='01.22', title_name='Minecraft: PlayStation®4 Edition', title_detail='Minecraft Trophy Set', title_icon_url='https://image.api.playstation.com/trophy/np/NPWR05706_00_003C44BDCCF6EB21301F194F8CEF00BD1F4DC538D0/82D9739A2BD62B99475DD8B0E1ABE8C33C7A58D1.PNG', title_platform=frozenset({<PlatformType.PS4: 'PS4'>}), has_trophy_groups=True, progress=49, hidden_flag=False, earned_trophies=TrophySet(bronze=51, silver=16, gold=4, platinum=0), defined_trophies=TrophySet(bronze=79, silver=36, gold=11, platinum=1), last_updated_date_time=datetime.datetime(2023, 8, 4, 6, 24, 39, tzinfo=datetime.timezone.utc), np_title_id=None, rarest_trophies=[])
TrophyTitle(total_items_count=148, np_service_name='trophy', np_communication_id='NPWR17407_00', trophy_set_version='01.04', title_name='Call of Duty®: Black Ops Cold War', title_detail='Call of Duty®: Black Ops Cold War', title_icon_url='https://image.api.playstation.com/trophy/np/NPWR17407_00_005C7A653E289DB76858517F05529649FF1DAFBD12/2AB5F2A929692B9EABAF6FC75E422BAFA61638C4.PNG', title_platform=frozenset({<PlatformType.PS4: 'PS4'>}), has_trophy_groups=True, progress=14, hidden_flag=False, earned_trophies=TrophySet(bronze=6, silver=2, gold=0, platinum=0), defined_trophies=TrophySet(bronze=33, silver=12, gold=2, platinum=1), last_updated_date_time=datetime.datetime(2023, 7, 27, 23, 5, 26, tzinfo=datetime.timezone.utc), np_title_id=None, rarest_trophies=[])
TrophyTitle(total_items_count=148, np_service_name='trophy', np_communication_id='NPWR15091_00', trophy_set_version='01.01', title_name='Adventure Time: Pirates of the Enchiridion', title_detail='Adventure Time: Pirates of the Enchiridion', title_icon_url='https://image.api.playstation.com/trophy/np/NPWR15091_00_002CDA3FE99AF35C4FC1300014F4357C85377C168A/77F9671604B55C282490FA97FAE4F270232CF34E.PNG', title_platform=frozenset({<PlatformType.PS4: 'PS4'>}), has_trophy_groups=False, progress=1, hidden_flag=False, earned_trophies=TrophySet(bronze=1, silver=0, gold=0, platinum=0), defined_trophies=TrophySet(bronze=20, silver=10, gold=5, platinum=1), last_updated_date_time=datetime.datetime(2023, 6, 29, 3, 29, 9, tzinfo=datetime.timezone.utc), np_title_id=None, rarest_trophies=[])
TrophyTitle(total_items_count=148, np_service_name='trophy', np_communication_id='NPWR10664_00', trophy_set_version='01.02', title_name='WATCH_DOGS® 2', title_detail='WATCH_DOGS® 2', title_icon_url='https://image.api.playstation.com/trophy/np/NPWR10664_00_00BAACC91992A4BE505DA8EB812912D69C6213263D/AFCE1FCA1C353496D7CAFBAAE5F89DDC6BFD5356.PNG', title_platform=frozenset({<PlatformType.PS4: 'PS4'>}), has_trophy_groups=True, progress=3, hidden_flag=False, earned_trophies=TrophySet(bronze=3, silver=0, gold=0, platinum=0), defined_trophies=TrophySet(bronze=34, silver=20, gold=1, platinum=1), last_updated_date_time=datetime.datetime(2023, 6, 23, 2, 53, 24, tzinfo=datetime.timezone.utc), np_title_id=None, rarest_trophies=[])
TrophyTitle(total_items_count=148, np_service_name='trophy', np_communication_id='NPWR20567_00', trophy_set_version='01.27', title_name='Minecraft: PlayStation®4 Edition (2)', title_detail='Minecraft Trophy Set (2)', title_icon_url='https://image.api.playstation.com/trophy/np/NPWR20567_00_00EB1693CD75B00EF3CAD0D20B219CB4B01629F9EE/EDE580566744E9734D576CBF7E47FAD7E8EC1CBE.PNG', title_platform=frozenset({<PlatformType.PS4: 'PS4'>}), has_trophy_groups=True, progress=5, hidden_flag=False, earned_trophies=TrophySet(bronze=2, silver=0, gold=0, platinum=0), defined_trophies=TrophySet(bronze=8, silver=2, gold=4, platinum=0), last_updated_date_time=datetime.datetime(2023, 6, 14, 2, 11, 22, tzinfo=datetime.timezone.utc), np_title_id=None, rarest_trophies=[])
TrophyTitle(total_items_count=148, np_service_name='trophy', np_communication_id='NPWR18622_00', trophy_set_version='01.00', title_name='The Walking Dead: The Telltale Definitive Series', title_detail='The Walking Dead: The Telltale Definitive Series - Trophies', title_icon_url='https://image.api.playstation.com/trophy/np/NPWR18622_00_00011F37781DC647CA1587C039D9B099BF49668883/89140CEA3B44BE429DFE47F60D08EB26FACCB560.PNG', title_platform=frozenset({<PlatformType.PS4: 'PS4'>}), has_trophy_groups=False, progress=4, hidden_flag=False, earned_trophies=TrophySet(bronze=1, silver=1, gold=0, platinum=0), defined_trophies=TrophySet(bronze=5, silver=12, gold=6, platinum=1), last_updated_date_time=datetime.datetime(2023, 6, 8, 20, 42, 14, tzinfo=datetime.timezone.utc), np_title_id=None, rarest_trophies=[])
TrophyTitle(total_items_count=148, np_service_name='trophy2', np_communication_id='NPWR24327_00', trophy_set_version='01.01', title_name='Crossout', title_detail=None, title_icon_url='https://psnobj.prod.dl.playstation.net/psnobj/NPWR24327_00/e335ed72-da8e-4eb0-81a4-59a87e79b874.png', title_platform=frozenset({<PlatformType.PS5: 'PS5'>}), has_trophy_groups=False, progress=4, hidden_flag=False, earned_trophies=TrophySet(bronze=1, silver=0, gold=0, platinum=0), defined_trophies=TrophySet(bronze=9, silver=3, gold=1, platinum=0), last_updated_date_time=datetime.datetime(2023, 5, 20, 21, 9, 34, tzinfo=datetime.timezone.utc), np_title_id=None, rarest_trophies=[])
TrophyTitle(total_items_count=148, np_service_name='trophy', np_communication_id='NPWR04270_00', trophy_set_version='01.06', title_name='Terraria', title_detail='Trophies for Terraria', title_icon_url='https://image.api.playstation.com/trophy/np/NPWR04270_00_0022396415F240178A00F09426BFC3D467DB3A10DE/728F695A98AD44DA1238DAF81C849033E966B0C1.PNG', title_platform=frozenset({<PlatformType.PS4: 'PS4'>, <PlatformType.PS3: 'PS3'>, <PlatformType.PS_VITA: 'PSVITA'>}), has_trophy_groups=True, progress=2, hidden_flag=False, earned_trophies=TrophySet(bronze=0, silver=1, gold=0, platinum=0), defined_trophies=TrophySet(bronze=25, silver=20, gold=2, platinum=1), last_updated_date_time=datetime.datetime(2023, 4, 23, 0, 48, 44, tzinfo=datetime.timezone.utc), np_title_id=None, rarest_trophies=[])
TrophyTitle(total_items_count=148, np_service_name='trophy', np_communication_id='NPWR16071_00', trophy_set_version='01.00', title_name='For The King', title_detail='For The King', title_icon_url='https://image.api.playstation.com/trophy/np/NPWR16071_00_00C8961D807D77F075A312073D5EF7389AE3FC23A2/01C73F32A957103FAD0B3CB5BFB3327F4CB596D4.PNG', title_platform=frozenset({<PlatformType.PS4: 'PS4'>}), has_trophy_groups=False, progress=0, hidden_flag=False, earned_trophies=TrophySet(bronze=0, silver=0, gold=0, platinum=0), defined_trophies=TrophySet(bronze=46, silver=9, gold=1, platinum=1), last_updated_date_time=datetime.datetime(2023, 4, 23, 0, 32, 12, tzinfo=datetime.timezone.utc), np_title_id=None, rarest_trophies=[])
TrophyTitle(total_items_count=148, np_service_name='trophy', np_communication_id='NPWR13303_00', trophy_set_version='01.04', title_name='DRAGON BALL FighterZ', title_detail='DRAGON BALL FighterZ', title_icon_url='https://image.api.playstation.com/trophy/np/NPWR13303_00_005E3482033946A86FE084989510004F525B9C2DD9/9C5B5BA05A8645EC48172B8A7274DA7AB11C3A91.PNG', title_platform=frozenset({<PlatformType.PS4: 'PS4'>}), has_trophy_groups=False, progress=0, hidden_flag=False, earned_trophies=TrophySet(bronze=0, silver=0, gold=0, platinum=0), defined_trophies=TrophySet(bronze=20, silver=10, gold=5, platinum=1), last_updated_date_time=datetime.datetime(2023, 4, 15, 1, 4, 9, tzinfo=datetime.timezone.utc), np_title_id=None, rarest_trophies=[])
TrophyTitle(total_items_count=148, np_service_name='trophy', np_communication_id='NPWR30866_00', trophy_set_version='01.00', title_name="I'm in Love With Your Dead Grandmother Trophy Set", title_detail='This is the trophy set for the game "I\'m in Love With Your Dead Grandmother"', title_icon_url='https://image.api.playstation.com/trophy/np/NPWR30866_00_00AFE98C95CC79938EE5C8A7E04D5376D532C8AB29/82893B7710B2562650151289542FD5EF830212C0.PNG', title_platform=frozenset({<PlatformType.PS4: 'PS4'>}), has_trophy_groups=False, progress=100, hidden_flag=False, earned_trophies=TrophySet(bronze=1, silver=0, gold=11, platinum=1), defined_trophies=TrophySet(bronze=1, silver=0, gold=11, platinum=1), last_updated_date_time=datetime.datetime(2023, 4, 14, 4, 41, 47, tzinfo=datetime.timezone.utc), np_title_id=None, rarest_trophies=[])
TrophyTitle(total_items_count=148, np_service_name='trophy', np_communication_id='NPWR20066_00', trophy_set_version='01.76', title_name='Minecraft Dungeons', title_detail='Minecraft Dungeons.', title_icon_url='https://image.api.playstation.com/trophy/np/NPWR20066_00_00405258440815CB57BC4E4736D989E15EFCB6589F/8F07CECB60B3E1F2C4D09F914769249293B52ABB.PNG', title_platform=frozenset({<PlatformType.PS4: 'PS4'>}), has_trophy_groups=True, progress=56, hidden_flag=False, earned_trophies=TrophySet(bronze=19, silver=18, gold=7, platinum=1), defined_trophies=TrophySet(bronze=63, silver=34, gold=7, platinum=1), last_updated_date_time=datetime.datetime(2023, 4, 12, 23, 53, 12, tzinfo=datetime.timezone.utc), np_title_id=None, rarest_trophies=[])
TrophyTitle(total_items_count=148, np_service_name='trophy2', np_communication_id='NPWR20188_00', trophy_set_version='01.40', title_name='ASTRO’s PLAYROOM', title_detail=None, title_icon_url='https://psnobj.prod.dl.playstation.net/psnobj/NPWR20188_00/035a02db-e64f-4572-8653-4a3db37fe2f6.png', title_platform=frozenset({<PlatformType.PS5: 'PS5'>}), has_trophy_groups=True, progress=2, hidden_flag=False, earned_trophies=TrophySet(bronze=2, silver=0, gold=0, platinum=0), defined_trophies=TrophySet(bronze=27, silver=13, gold=5, platinum=1), last_updated_date_time=datetime.datetime(2023, 4, 12, 23, 27, 40, tzinfo=datetime.timezone.utc), np_title_id=None, rarest_trophies=[])
TrophyTitle(total_items_count=148, np_service_name='trophy2', np_communication_id='NPWR24108_00', trophy_set_version='01.00', title_name='Hentai vs. Evil', title_detail=None, title_icon_url='https://psnobj.prod.dl.playstation.net/psnobj/NPWR24108_00/7e3e7bb0-f7b5-4480-ae07-d6c6a895a2d8.PNG', title_platform=frozenset({<PlatformType.PS5: 'PS5'>}), has_trophy_groups=False, progress=100, hidden_flag=False, earned_trophies=TrophySet(bronze=0, silver=5, gold=10, platinum=1), defined_trophies=TrophySet(bronze=0, silver=5, gold=10, platinum=1), last_updated_date_time=datetime.datetime(2023, 4, 12, 7, 2, 16, tzinfo=datetime.timezone.utc), np_title_id=None, rarest_trophies=[])
TrophyTitle(total_items_count=148, np_service_name='trophy', np_communication_id='NPWR11631_00', trophy_set_version='01.05', title_name='Monster Hunter: World', title_detail='Monster Hunter: World trophy set.', title_icon_url='https://image.api.playstation.com/trophy/np/NPWR11631_00_00AF96CD661F7ECAC2E9F9DBADC3A1C0C2BBB04299/67E948C61D595CD07C289191E47DAE647C0E7811.PNG', title_platform=frozenset({<PlatformType.PS4: 'PS4'>}), has_trophy_groups=False, progress=1, hidden_flag=False, earned_trophies=TrophySet(bronze=1, silver=0, gold=0, platinum=0), defined_trophies=TrophySet(bronze=36, silver=11, gold=2, platinum=1), last_updated_date_time=datetime.datetime(2023, 4, 10, 3, 49, 15, tzinfo=datetime.timezone.utc), np_title_id=None, rarest_trophies=[])
TrophyTitle(total_items_count=148, np_service_name='trophy', np_communication_id='NPWR15473_00', trophy_set_version='01.00', title_name='Stick Fight: The Game', title_detail='Stick Fight: The Game - Trophies', title_icon_url='https://image.api.playstation.com/trophy/np/NPWR15473_00_00BC4332108A87A776174BB7C8FADE00E3FC6B9952/BA11A9F99B3C43A1B8AC9EFDD05B8729CD04541B.PNG', title_platform=frozenset({<PlatformType.PS4: 'PS4'>}), has_trophy_groups=False, progress=48, hidden_flag=False, earned_trophies=TrophySet(bronze=9, silver=8, gold=1, platinum=0), defined_trophies=TrophySet(bronze=10, silver=12, gold=5, platinum=1), last_updated_date_time=datetime.datetime(2023, 4, 5, 17, 39, 9, tzinfo=datetime.timezone.utc), np_title_id=None, rarest_trophies=[])
TrophyTitle(total_items_count=148, np_service_name='trophy', np_communication_id='NPWR16977_00', trophy_set_version='01.02', title_name="Tom Clancy's Ghost Recon® Breakpoint", title_detail="Trophy set for Tom Clancy's Ghost Recon® Breakpoint", title_icon_url='https://image.api.playstation.com/trophy/np/NPWR16977_00_00383753760AA47E82535EB0BCA37664E2C5001018/1AEFB68BAA09AD79097094E1410D53568DDC0C15.PNG', title_platform=frozenset({<PlatformType.PS4: 'PS4'>}), has_trophy_groups=False, progress=0, hidden_flag=False, earned_trophies=TrophySet(bronze=0, silver=0, gold=0, platinum=0), defined_trophies=TrophySet(bronze=39, silver=9, gold=2, platinum=1), last_updated_date_time=datetime.datetime(2023, 4, 4, 20, 6, 17, tzinfo=datetime.timezone.utc), np_title_id=None, rarest_trophies=[])
TrophyTitle(total_items_count=148, np_service_name='trophy', np_communication_id='NPWR08306_00', trophy_set_version='01.16', title_name='Tom Clancy’s Rainbow Six® Siege', title_detail='Tom Clancy’s Rainbow Six® Siege', title_icon_url='https://image.api.playstation.com/trophy/np/NPWR08306_00_00409A8E5600C6C1C8E023931C4DE6809D305498D9/4BF4C12FB5DE77A8947E7676D2D09AA7F54DA662.PNG', title_platform=frozenset({<PlatformType.PS4: 'PS4'>}), has_trophy_groups=False, progress=62, hidden_flag=False, earned_trophies=TrophySet(bronze=24, silver=7, gold=1, platinum=0), defined_trophies=TrophySet(bronze=34, silver=12, gold=2, platinum=1), last_updated_date_time=datetime.datetime(2023, 3, 29, 21, 39, 50, tzinfo=datetime.timezone.utc), np_title_id=None, rarest_trophies=[])
TrophyTitle(total_items_count=148, np_service_name='trophy2', np_communication_id='NPWR21090_00', trophy_set_version='01.00', title_name='Tom Clancy’s Rainbow Six® Extraction', title_detail=None, title_icon_url='https://psnobj.prod.dl.playstation.net/psnobj/NPWR21090_00/8c75e9eb-3113-400d-bf04-eebcca4f3314.png', title_platform=frozenset({<PlatformType.PS5: 'PS5'>}), has_trophy_groups=False, progress=0, hidden_flag=False, earned_trophies=TrophySet(bronze=0, silver=0, gold=0, platinum=0), defined_trophies=TrophySet(bronze=26, silver=13, gold=3, platinum=1), last_updated_date_time=datetime.datetime(2023, 3, 27, 23, 30, 51, tzinfo=datetime.timezone.utc), np_title_id=None, rarest_trophies=[])
TrophyTitle(total_items_count=148, np_service_name='trophy', np_communication_id='NPWR15895_00', trophy_set_version='01.10', title_name='Tom Clancy’s The Division®2', title_detail='Tom Clancy’s The Division®2', title_icon_url='https://image.api.playstation.com/trophy/np/NPWR15895_00_006A250E088FDBA0DBBBF7E1289A630DDD59E23B3B/1171667E4233C7C2972D811CD7783B47A5FE4D62.PNG', title_platform=frozenset({<PlatformType.PS4: 'PS4'>}), has_trophy_groups=True, progress=0, hidden_flag=False, earned_trophies=TrophySet(bronze=0, silver=0, gold=0, platinum=0), defined_trophies=TrophySet(bronze=46, silver=10, gold=4, platinum=1), last_updated_date_time=datetime.datetime(2023, 3, 25, 23, 7, 19, tzinfo=datetime.timezone.utc), np_title_id=None, rarest_trophies=[])
TrophyTitle(total_items_count=148, np_service_name='trophy', np_communication_id='NPWR10979_00', trophy_set_version='01.02', title_name='Brawlhalla', title_detail='Brawlhalla launch Trophies', title_icon_url='https://image.api.playstation.com/trophy/np/NPWR10979_00_00B56D7900147A80DF060E64B22FD716A96ECDA724/4B7924D3FD5CE9A4D19DF70E79D01DC2A732E24C.PNG', title_platform=frozenset({<PlatformType.PS4: 'PS4'>}), has_trophy_groups=True, progress=37, hidden_flag=False, earned_trophies=TrophySet(bronze=25, silver=5, gold=0, platinum=0), defined_trophies=TrophySet(bronze=41, silver=11, gold=5, platinum=1), last_updated_date_time=datetime.datetime(2023, 3, 13, 0, 33, 33, tzinfo=datetime.timezone.utc), np_title_id=None, rarest_trophies=[])
TrophyTitle(total_items_count=148, np_service_name='trophy', np_communication_id='NPWR08801_00', trophy_set_version='01.07', title_name='Call of Duty®: Black Ops III', title_detail='Call of Duty: Black Ops 3 deploys its players into a future where bio-technology has enabled a new breed of Black Ops soldier. Players are now always on and always connected to the intelligence grid and their fellow operatives during battle. In a world more divided than ever, this elite squad consists of men and women who have enhanced their combat capabilities to fight faster, stronger, and smarter. Every soldier has to make difficult decisions and visit dark places in this engaging, gritty narrative.', title_icon_url='https://image.api.playstation.com/trophy/np/NPWR08801_00_00164BF2B729BCF4C3F5083E55A49F3BCD6E4A0F91/CFA5D56C27423A504D7F63AEB01033BED6EB50D1.PNG', title_platform=frozenset({<PlatformType.PS4: 'PS4'>}), has_trophy_groups=True, progress=10, hidden_flag=False, earned_trophies=TrophySet(bronze=10, silver=2, gold=0, platinum=0), defined_trophies=TrophySet(bronze=72, silver=25, gold=1, platinum=1), last_updated_date_time=datetime.datetime(2023, 1, 16, 5, 54, 16, tzinfo=datetime.timezone.utc), np_title_id=None, rarest_trophies=[])
TrophyTitle(total_items_count=148, np_service_name='trophy2', np_communication_id='NPWR25959_00', trophy_set_version='01.00', title_name='Apex Legends Trophies', title_detail=None, title_icon_url='https://psnobj.prod.dl.playstation.net/psnobj/NPWR25959_00/13fe9d83-7453-4466-b27c-9662c5039dec.png', title_platform=frozenset({<PlatformType.PS5: 'PS5'>}), has_trophy_groups=False, progress=5, hidden_flag=False, earned_trophies=TrophySet(bronze=1, silver=0, gold=0, platinum=0), defined_trophies=TrophySet(bronze=9, silver=2, gold=1, platinum=0), last_updated_date_time=datetime.datetime(2023, 1, 2, 4, 28, 22, tzinfo=datetime.timezone.utc), np_title_id=None, rarest_trophies=[])
TrophyTitle(total_items_count=148, np_service_name='trophy', np_communication_id='NPWR17543_00', trophy_set_version='01.00', title_name='VA-11 Hall A', title_detail='Trophies of The VA-11 Hall A', title_icon_url='https://image.api.playstation.com/trophy/np/NPWR17543_00_005FC0E36CA2D79CBBC1C3B455EE0392F8EEB791AB/35BBEF33460BAC2C46E1FD02FC676DFECCCD7E75.PNG', title_platform=frozenset({<PlatformType.PS4: 'PS4'>}), has_trophy_groups=False, progress=2, hidden_flag=False, earned_trophies=TrophySet(bronze=2, silver=0, gold=0, platinum=0), defined_trophies=TrophySet(bronze=16, silver=12, gold=5, platinum=1), last_updated_date_time=datetime.datetime(2022, 12, 27, 1, 51, 11, tzinfo=datetime.timezone.utc), np_title_id=None, rarest_trophies=[])
TrophyTitle(total_items_count=148, np_service_name='trophy2', np_communication_id='NPWR27330_00', trophy_set_version='01.00', title_name='Police Simulator: Patrol Officers', title_detail=None, title_icon_url='https://psnobj.prod.dl.playstation.net/psnobj/NPWR27330_00/3dd5c4db-b894-4bd1-b121-da00447de7dc.png', title_platform=frozenset({<PlatformType.PS5: 'PS5'>}), has_trophy_groups=False, progress=1, hidden_flag=False, earned_trophies=TrophySet(bronze=1, silver=0, gold=0, platinum=0), defined_trophies=TrophySet(bronze=12, silver=6, gold=7, platinum=1), last_updated_date_time=datetime.datetime(2022, 12, 27, 1, 29, 7, tzinfo=datetime.timezone.utc), np_title_id=None, rarest_trophies=[])
TrophyTitle(total_items_count=148, np_service_name='trophy', np_communication_id='NPWR20714_00', trophy_set_version='01.01', title_name='Skater XL', title_detail='Trophy list for Skater XL', title_icon_url='https://image.api.playstation.com/trophy/np/NPWR20714_00_0095BA9E0EA6423B84EA7742B14153ACE2656AE21E/9B148CD3BC3BB6D74A1FA27A2EDA6AD705D9FB03.PNG', title_platform=frozenset({<PlatformType.PS4: 'PS4'>}), has_trophy_groups=False, progress=17, hidden_flag=False, earned_trophies=TrophySet(bronze=4, silver=1, gold=1, platinum=0), defined_trophies=TrophySet(bronze=7, silver=6, gold=8, platinum=1), last_updated_date_time=datetime.datetime(2022, 12, 10, 6, 5, 6, tzinfo=datetime.timezone.utc), np_title_id=None, rarest_trophies=[])
TrophyTitle(total_items_count=148, np_service_name='trophy2', np_communication_id='NPWR24223_00', trophy_set_version='01.00', title_name='Call of Duty® Modern Warfare® II', title_detail=None, title_icon_url='https://psnobj.prod.dl.playstation.net/psnobj/NPWR24223_00/4bf6ce0f-4c4c-42a2-b3d0-66c295cbd7aa.png', title_platform=frozenset({<PlatformType.PS5: 'PS5'>}), has_trophy_groups=True, progress=0, hidden_flag=False, earned_trophies=TrophySet(bronze=0, silver=0, gold=0, platinum=0), defined_trophies=TrophySet(bronze=33, silver=19, gold=11, platinum=1), last_updated_date_time=datetime.datetime(2022, 11, 21, 1, 49, 7, tzinfo=datetime.timezone.utc), np_title_id=None, rarest_trophies=[])
TrophyTitle(total_items_count=148, np_service_name='trophy', np_communication_id='NPWR21835_00', trophy_set_version='01.00', title_name='Drawngeon: Dungeons of Ink and Paper', title_detail='Your trophies in Drawngeon: Dungeons of Ink and Paper', title_icon_url='https://image.api.playstation.com/trophy/np/NPWR21835_00_003BB5850705E4223E69F64115A9F49E84B83C2E86/137E15A9EDEA4AD1796576D43A16F0E64F49109A.PNG', title_platform=frozenset({<PlatformType.PS4: 'PS4'>}), has_trophy_groups=False, progress=0, hidden_flag=False, earned_trophies=TrophySet(bronze=0, silver=0, gold=0, platinum=0), defined_trophies=TrophySet(bronze=6, silver=8, gold=8, platinum=1), last_updated_date_time=datetime.datetime(2022, 10, 31, 2, 3, 40, tzinfo=datetime.timezone.utc), np_title_id=None, rarest_trophies=[])
TrophyTitle(total_items_count=148, np_service_name='trophy', np_communication_id='NPWR07731_00', trophy_set_version='01.03', title_name="Tom Clancy's The Division™", title_detail="Tom Clancy's The Division™", title_icon_url='https://image.api.playstation.com/trophy/np/NPWR07731_00_0005CB40540B74C7C1D25734106ADC4DD7D8EE46A2/E4398EED8ECF86D2C830A6B22B778BD5288BA589.PNG', title_platform=frozenset({<PlatformType.PS4: 'PS4'>}), has_trophy_groups=True, progress=8, hidden_flag=False, earned_trophies=TrophySet(bronze=8, silver=0, gold=0, platinum=0), defined_trophies=TrophySet(bronze=48, silver=14, gold=3, platinum=1), last_updated_date_time=datetime.datetime(2022, 10, 20, 1, 2, 54, tzinfo=datetime.timezone.utc), np_title_id=None, rarest_trophies=[])
TrophyTitle(total_items_count=148, np_service_name='trophy', np_communication_id='NPWR16304_00', trophy_set_version='01.00', title_name='The Forest', title_detail='Trophies for The Forest', title_icon_url='https://image.api.playstation.com/trophy/np/NPWR16304_00_0024AADC3658FB319C2B75FE936E199C3EFC08749E/52D52AC0C490E7C97C22A7BADCAE952E1F1CE891.PNG', title_platform=frozenset({<PlatformType.PS4: 'PS4'>}), has_trophy_groups=False, progress=10, hidden_flag=False, earned_trophies=TrophySet(bronze=7, silver=0, gold=0, platinum=0), defined_trophies=TrophySet(bronze=22, silver=11, gold=4, platinum=1), last_updated_date_time=datetime.datetime(2022, 10, 11, 0, 13, 46, tzinfo=datetime.timezone.utc), np_title_id=None, rarest_trophies=[])
TrophyTitle(total_items_count=148, np_service_name='trophy', np_communication_id='NPWR05818_00', trophy_set_version='01.03', title_name='Bloodborne', title_detail='Bloodborne Trophy Set', title_icon_url='https://image.api.playstation.com/trophy/np/NPWR05818_00_00347A646D41E9660F4153AD7A0274E2BC597C5A27/AE3477BA91121142BEB82AB2B7E2F8BAB9B3C17A.PNG', title_platform=frozenset({<PlatformType.PS4: 'PS4'>}), has_trophy_groups=True, progress=0, hidden_flag=False, earned_trophies=TrophySet(bronze=0, silver=0, gold=0, platinum=0), defined_trophies=TrophySet(bronze=24, silver=8, gold=7, platinum=1), last_updated_date_time=datetime.datetime(2022, 10, 10, 23, 37, 5, tzinfo=datetime.timezone.utc), np_title_id=None, rarest_trophies=[])
TrophyTitle(total_items_count=148, np_service_name='trophy2', np_communication_id='NPWR21575_00', trophy_set_version='01.07', title_name='Destiny 2', title_detail=None, title_icon_url='https://psnobj.prod.dl.playstation.net/psnobj/NPWR21575_00/45976ee9-344e-423d-940d-5e42fc82e5b8.png', title_platform=frozenset({<PlatformType.PS5: 'PS5'>}), has_trophy_groups=True, progress=9, hidden_flag=False, earned_trophies=TrophySet(bronze=0, silver=1, gold=1, platinum=0), defined_trophies=TrophySet(bronze=8, silver=4, gold=11, platinum=1), last_updated_date_time=datetime.datetime(2022, 9, 11, 18, 37, 19, tzinfo=datetime.timezone.utc), np_title_id=None, rarest_trophies=[])
TrophyTitle(total_items_count=148, np_service_name='trophy2', np_communication_id='NPWR21870_00', trophy_set_version='01.03', title_name='Call of Duty® Vanguard®', title_detail=None, title_icon_url='https://psnobj.prod.dl.playstation.net/psnobj/NPWR21870_00/4f89fc32-db3d-4dab-95b2-0c40fd7bd643.png', title_platform=frozenset({<PlatformType.PS5: 'PS5'>}), has_trophy_groups=False, progress=14, hidden_flag=False, earned_trophies=TrophySet(bronze=3, silver=0, gold=1, platinum=0), defined_trophies=TrophySet(bronze=32, silver=10, gold=2, platinum=1), last_updated_date_time=datetime.datetime(2022, 8, 22, 3, 5, 32, tzinfo=datetime.timezone.utc), np_title_id=None, rarest_trophies=[])
TrophyTitle(total_items_count=148, np_service_name='trophy2', np_communication_id='NPWR21255_00', trophy_set_version='01.04', title_name='Call of Duty®: Black Ops Cold War', title_detail=None, title_icon_url='https://psnobj.prod.dl.playstation.net/psnobj/NPWR21255_00/27e507c2-6b2e-4cc1-ab44-e55d1cc33339.png', title_platform=frozenset({<PlatformType.PS5: 'PS5'>}), has_trophy_groups=True, progress=13, hidden_flag=False, earned_trophies=TrophySet(bronze=5, silver=2, gold=0, platinum=0), defined_trophies=TrophySet(bronze=33, silver=12, gold=2, platinum=1), last_updated_date_time=datetime.datetime(2022, 8, 19, 1, 49, 12, tzinfo=datetime.timezone.utc), np_title_id=None, rarest_trophies=[])
TrophyTitle(total_items_count=148, np_service_name='trophy2', np_communication_id='NPWR23684_00', trophy_set_version='01.00', title_name='MultiVersus Trophies', title_detail=None, title_icon_url='https://psnobj.prod.dl.playstation.net/psnobj/NPWR23684_00/08d0225b-205c-476f-a761-b7bedf1dcbc3.png', title_platform=frozenset({<PlatformType.PS5: 'PS5'>}), has_trophy_groups=False, progress=1, hidden_flag=False, earned_trophies=TrophySet(bronze=1, silver=0, gold=0, platinum=0), defined_trophies=TrophySet(bronze=14, silver=7, gold=7, platinum=1), last_updated_date_time=datetime.datetime(2022, 8, 4, 2, 12, 39, tzinfo=datetime.timezone.utc), np_title_id=None, rarest_trophies=[])
TrophyTitle(total_items_count=148, np_service_name='trophy2', np_communication_id='NPWR22008_00', trophy_set_version='01.00', title_name='Stray', title_detail=None, title_icon_url='https://psnobj.prod.dl.playstation.net/psnobj/NPWR22008_00/6c1d6ee2-469a-4b97-ad63-98ec651ad4f2.png', title_platform=frozenset({<PlatformType.PS5: 'PS5'>}), has_trophy_groups=False, progress=0, hidden_flag=False, earned_trophies=TrophySet(bronze=0, silver=0, gold=0, platinum=0), defined_trophies=TrophySet(bronze=8, silver=9, gold=7, platinum=1), last_updated_date_time=datetime.datetime(2022, 8, 3, 3, 45, 50, tzinfo=datetime.timezone.utc), np_title_id=None, rarest_trophies=[])
TrophyTitle(total_items_count=148, np_service_name='trophy', np_communication_id='NPWR07810_00', trophy_set_version='01.02', title_name='Mortal Kombat X Trophies', title_detail='Mortal Kombat X Trophies', title_icon_url='https://image.api.playstation.com/trophy/np/NPWR07810_00_0054969164A03E16BAADD6EB211B468C189A8ED02D/1C92481E3F14B72FE8ECBC4706B36FABA921AB5E.PNG', title_platform=frozenset({<PlatformType.PS4: 'PS4'>}), has_trophy_groups=True, progress=21, hidden_flag=False, earned_trophies=TrophySet(bronze=18, silver=0, gold=0, platinum=0), defined_trophies=TrophySet(bronze=67, silver=5, gold=1, platinum=1), last_updated_date_time=datetime.datetime(2022, 8, 2, 23, 53, 31, tzinfo=datetime.timezone.utc), np_title_id=None, rarest_trophies=[])
TrophyTitle(total_items_count=148, np_service_name='trophy', np_communication_id='NPWR22009_00', trophy_set_version='01.00', title_name='Stray', title_detail='Trophies for Stray', title_icon_url='https://image.api.playstation.com/trophy/np/NPWR22009_00_005ACAB985A074B7CACA86D6017927613C768B4ABF/6A247B7255EF865DAEA44F8CA5CDBCAEC61DB6B8.PNG', title_platform=frozenset({<PlatformType.PS4: 'PS4'>}), has_trophy_groups=False, progress=13, hidden_flag=False, earned_trophies=TrophySet(bronze=3, silver=3, gold=0, platinum=0), defined_trophies=TrophySet(bronze=8, silver=9, gold=7, platinum=1), last_updated_date_time=datetime.datetime(2022, 8, 2, 17, 12, 48, tzinfo=datetime.timezone.utc), np_title_id=None, rarest_trophies=[])
TrophyTitle(total_items_count=148, np_service_name='trophy2', np_communication_id='NPWR25297_00', trophy_set_version='01.02', title_name='Fall Guys', title_detail=None, title_icon_url='https://psnobj.prod.dl.playstation.net/psnobj/NPWR25297_00/34ff04f4-655c-4b5e-ab44-270a1cb9885f.png', title_platform=frozenset({<PlatformType.PS5: 'PS5'>}), has_trophy_groups=False, progress=17, hidden_flag=False, earned_trophies=TrophySet(bronze=6, silver=0, gold=1, platinum=0), defined_trophies=TrophySet(bronze=21, silver=8, gold=5, platinum=1), last_updated_date_time=datetime.datetime(2022, 7, 28, 21, 45, 40, tzinfo=datetime.timezone.utc), np_title_id=None, rarest_trophies=[])
TrophyTitle(total_items_count=148, np_service_name='trophy', np_communication_id='NPWR11991_00', trophy_set_version='01.02', title_name='ClusterTruck', title_detail='These are the trophies for ClusterTruck!', title_icon_url='https://image.api.playstation.com/trophy/np/NPWR11991_00_00CE191F0CB7C06CB289CD4DB6DAC046E08F299E36/0F7AA3BE25CAC0E68B41BD6ACAD89027D575C6BE.PNG', title_platform=frozenset({<PlatformType.PS4: 'PS4'>}), has_trophy_groups=False, progress=0, hidden_flag=False, earned_trophies=TrophySet(bronze=0, silver=0, gold=0, platinum=0), defined_trophies=TrophySet(bronze=9, silver=3, gold=1, platinum=0), last_updated_date_time=datetime.datetime(2022, 7, 9, 18, 0, 42, tzinfo=datetime.timezone.utc), np_title_id=None, rarest_trophies=[])
TrophyTitle(total_items_count=148, np_service_name='trophy', np_communication_id='NPWR09410_00', trophy_set_version='01.01', title_name='I Am Bread', title_detail='The I Am Bread Trophy set!', title_icon_url='https://image.api.playstation.com/trophy/np/NPWR09410_00_0043B3F7E76F97E9999D6CADFA6A61DCCDC4147035/11F25B8B960BEF8ADDBAC03DD49358B9007B91E1.PNG', title_platform=frozenset({<PlatformType.PS4: 'PS4'>}), has_trophy_groups=False, progress=0, hidden_flag=False, earned_trophies=TrophySet(bronze=0, silver=0, gold=0, platinum=0), defined_trophies=TrophySet(bronze=20, silver=9, gold=5, platinum=1), last_updated_date_time=datetime.datetime(2022, 7, 7, 6, 38, 33, tzinfo=datetime.timezone.utc), np_title_id=None, rarest_trophies=[])
TrophyTitle(total_items_count=148, np_service_name='trophy', np_communication_id='NPWR00603_00', trophy_set_version='01.03', title_name='FALLOUT 3', title_detail='FALLOUT 3 Trophies.', title_icon_url='https://image.api.playstation.com/trophy/np/NPWR00603_00_0023C8068B49173583078A7EA18812E3697A2EF9A2/C96DF96461A6C4699C89A259E51976D6AE2A9D09.PNG', title_platform=frozenset({<PlatformType.PS3: 'PS3'>}), has_trophy_groups=False, progress=1, hidden_flag=False, earned_trophies=TrophySet(bronze=2, silver=0, gold=0, platinum=0), defined_trophies=TrophySet(bronze=41, silver=24, gold=7, platinum=1), last_updated_date_time=datetime.datetime(2022, 7, 7, 6, 38, 17, tzinfo=datetime.timezone.utc), np_title_id=None, rarest_trophies=[])
TrophyTitle(total_items_count=148, np_service_name='trophy', np_communication_id='NPWR09515_00', trophy_set_version='01.02', title_name='Bully', title_detail='Bully Trophy Set', title_icon_url='https://image.api.playstation.com/trophy/np/NPWR09515_00_00E33734D05DD6034D4FB19A34C0CEFB1AD883A95E/83DD2786C76D3C2F50596F887230BBFA1B2E58BB.PNG', title_platform=frozenset({<PlatformType.PS4: 'PS4'>}), has_trophy_groups=False, progress=2, hidden_flag=False, earned_trophies=TrophySet(bronze=2, silver=0, gold=0, platinum=0), defined_trophies=TrophySet(bronze=23, silver=10, gold=4, platinum=1), last_updated_date_time=datetime.datetime(2022, 7, 5, 6, 56, 48, tzinfo=datetime.timezone.utc), np_title_id=None, rarest_trophies=[])
TrophyTitle(total_items_count=148, np_service_name='trophy', np_communication_id='NPWR08622_00', trophy_set_version='01.05', title_name='For Honor', title_detail='For Honor', title_icon_url='https://image.api.playstation.com/trophy/np/NPWR08622_00_00DAA2FDE1E3996234E4C635C7B1EED973D544FAF2/743EC0D270F8D6AE3C85B33D03E75DAE5094C8F0.PNG', title_platform=frozenset({<PlatformType.PS4: 'PS4'>}), has_trophy_groups=True, progress=0, hidden_flag=False, earned_trophies=TrophySet(bronze=0, silver=0, gold=0, platinum=0), defined_trophies=TrophySet(bronze=49, silver=8, gold=3, platinum=1), last_updated_date_time=datetime.datetime(2022, 7, 5, 6, 2, 17, tzinfo=datetime.timezone.utc), np_title_id=None, rarest_trophies=[])
TrophyTitle(total_items_count=148, np_service_name='trophy', np_communication_id='NPWR00734_00', trophy_set_version='01.01', title_name='.detuned', title_detail='An interactive demonstration by .the produkkt.', title_icon_url='https://image.api.playstation.com/trophy/np/NPWR00734_00_001B03C014B67025B61766F0C94EFB37F0C91CEC04/F5D3F0921CBD94B79E45797982754FFCFE7FCEB6.PNG', title_platform=frozenset({<PlatformType.PS3: 'PS3'>}), has_trophy_groups=False, progress=0, hidden_flag=False, earned_trophies=TrophySet(bronze=0, silver=0, gold=0, platinum=0), defined_trophies=TrophySet(bronze=4, silver=5, gold=1, platinum=0), last_updated_date_time=datetime.datetime(2022, 7, 5, 2, 17, 19, tzinfo=datetime.timezone.utc), np_title_id=None, rarest_trophies=[])
TrophyTitle(total_items_count=148, np_service_name='trophy', np_communication_id='NPWR17996_00', trophy_set_version='01.02', title_name='CarX Drift Racing Online', title_detail='Trophy set for CarX Drift Racing Online', title_icon_url='https://image.api.playstation.com/trophy/np/NPWR17996_00_00531BE475606BF5ADC9329BBD5505578088BB1B41/E361451B7C415D7FC684F5A3FA0EA4230D3E7A76.PNG', title_platform=frozenset({<PlatformType.PS4: 'PS4'>}), has_trophy_groups=False, progress=15, hidden_flag=False, earned_trophies=TrophySet(bronze=7, silver=2, gold=0, platinum=0), defined_trophies=TrophySet(bronze=22, silver=9, gold=5, platinum=1), last_updated_date_time=datetime.datetime(2022, 6, 27, 22, 9, 37, tzinfo=datetime.timezone.utc), np_title_id=None, rarest_trophies=[])
TrophyTitle(total_items_count=148, np_service_name='trophy2', np_communication_id='NPWR26498_00', trophy_set_version='01.00', title_name='Finger Fitness', title_detail=None, title_icon_url='https://psnobj.prod.dl.playstation.net/psnobj/NPWR26498_00/be1debb9-1163-4d41-8cc1-fe74cb0d1089.png', title_platform=frozenset({<PlatformType.PS5: 'PS5'>}), has_trophy_groups=False, progress=100, hidden_flag=False, earned_trophies=TrophySet(bronze=1, silver=4, gold=10, platinum=1), defined_trophies=TrophySet(bronze=1, silver=4, gold=10, platinum=1), last_updated_date_time=datetime.datetime(2022, 6, 9, 20, 50, 49, tzinfo=datetime.timezone.utc), np_title_id=None, rarest_trophies=[])
TrophyTitle(total_items_count=148, np_service_name='trophy2', np_communication_id='NPWR21249_00', trophy_set_version='01.01', title_name='Mortal Kombat 11 Trophies', title_detail=None, title_icon_url='https://psnobj.prod.dl.playstation.net/psnobj/NPWR21249_00/b0ca5165-b152-46ce-9584-16b09baabafd.png', title_platform=frozenset({<PlatformType.PS5: 'PS5'>}), has_trophy_groups=False, progress=0, hidden_flag=False, earned_trophies=TrophySet(bronze=0, silver=0, gold=0, platinum=0), defined_trophies=TrophySet(bronze=50, silver=7, gold=1, platinum=1), last_updated_date_time=datetime.datetime(2022, 6, 6, 5, 14, 36, tzinfo=datetime.timezone.utc), np_title_id=None, rarest_trophies=[])
TrophyTitle(total_items_count=148, np_service_name='trophy2', np_communication_id='NPWR21820_00', trophy_set_version='01.00', title_name='HITMAN 3', title_detail=None, title_icon_url='https://psnobj.prod.dl.playstation.net/psnobj/NPWR21820_00/f670a16d-edc6-4d57-9a48-8b0213c09ed2.png', title_platform=frozenset({<PlatformType.PS5: 'PS5'>}), has_trophy_groups=True, progress=0, hidden_flag=False, earned_trophies=TrophySet(bronze=0, silver=0, gold=0, platinum=0), defined_trophies=TrophySet(bronze=66, silver=16, gold=1, platinum=1), last_updated_date_time=datetime.datetime(2022, 5, 5, 23, 37, 37, tzinfo=datetime.timezone.utc), np_title_id=None, rarest_trophies=[])
TrophyTitle(total_items_count=148, np_service_name='trophy', np_communication_id='NPWR06221_00', trophy_set_version='01.06', title_name='Grand Theft Auto V', title_detail='Grand Theft Auto V', title_icon_url='https://image.api.playstation.com/trophy/np/NPWR06221_00_00943B71B23B3A5D98EB6CA419684E0F0A07FA8707/A3E52C438318CCEC6346EB2A31DBF31164A95A25.PNG', title_platform=frozenset({<PlatformType.PS4: 'PS4'>}), has_trophy_groups=True, progress=11, hidden_flag=False, earned_trophies=TrophySet(bronze=8, silver=2, gold=0, platinum=0), defined_trophies=TrophySet(bronze=59, silver=15, gold=3, platinum=1), last_updated_date_time=datetime.datetime(2022, 4, 25, 23, 50, 28, tzinfo=datetime.timezone.utc), np_title_id=None, rarest_trophies=[])
TrophyTitle(total_items_count=148, np_service_name='trophy2', np_communication_id='NPWR22022_00', trophy_set_version='01.04', title_name='Fortnite', title_detail=None, title_icon_url='https://psnobj.prod.dl.playstation.net/psnobj/NPWR22022_00/920d4c14-5908-4085-9cc9-6132e1174146.png', title_platform=frozenset({<PlatformType.PS5: 'PS5'>}), has_trophy_groups=False, progress=57, hidden_flag=False, earned_trophies=TrophySet(bronze=28, silver=3, gold=1, platinum=0), defined_trophies=TrophySet(bronze=32, silver=10, gold=3, platinum=1), last_updated_date_time=datetime.datetime(2022, 4, 17, 18, 7, 12, tzinfo=datetime.timezone.utc), np_title_id=None, rarest_trophies=[])
TrophyTitle(total_items_count=148, np_service_name='trophy', np_communication_id='NPWR12275_00', trophy_set_version='01.04', title_name='Fortnite', title_detail='Trophies for Fortnite', title_icon_url='https://image.api.playstation.com/trophy/np/NPWR12275_00_00832C145FFFB98F0E046033939DDF80F4379651B5/835174B51A4CE2BF6FE090F33BDAE01D523943F0.PNG', title_platform=frozenset({<PlatformType.PS4: 'PS4'>}), has_trophy_groups=False, progress=57, hidden_flag=False, earned_trophies=TrophySet(bronze=28, silver=3, gold=1, platinum=0), defined_trophies=TrophySet(bronze=32, silver=10, gold=3, platinum=1), last_updated_date_time=datetime.datetime(2022, 4, 17, 8, 49, 30, tzinfo=datetime.timezone.utc), np_title_id=None, rarest_trophies=[])
TrophyTitle(total_items_count=148, np_service_name='trophy2', np_communication_id='NPWR21647_00', trophy_set_version='01.05', title_name='Grand Theft Auto V', title_detail=None, title_icon_url='https://psnobj.prod.dl.playstation.net/psnobj/NPWR21647_00/26efdb55-9e6d-4de9-943f-6b95768ae607.png', title_platform=frozenset({<PlatformType.PS5: 'PS5'>}), has_trophy_groups=True, progress=8, hidden_flag=False, earned_trophies=TrophySet(bronze=7, silver=1, gold=0, platinum=0), defined_trophies=TrophySet(bronze=59, silver=15, gold=3, platinum=1), last_updated_date_time=datetime.datetime(2022, 4, 15, 8, 19, 4, tzinfo=datetime.timezone.utc), np_title_id=None, rarest_trophies=[])
TrophyTitle(total_items_count=148, np_service_name='trophy', np_communication_id='NPWR15848_00', trophy_set_version='01.04', title_name='Apex Legends Trophies', title_detail='Apex Legends Trophies', title_icon_url='https://image.api.playstation.com/trophy/np/NPWR15848_00_008BC9A05BFCFBD29B41A5754F800C13CEFABEF9A6/23AF0541103856EFD84691686E19081C4F3A20DE.PNG', title_platform=frozenset({<PlatformType.PS4: 'PS4'>}), has_trophy_groups=False, progress=21, hidden_flag=False, earned_trophies=TrophySet(bronze=4, silver=0, gold=0, platinum=0), defined_trophies=TrophySet(bronze=9, silver=2, gold=1, platinum=0), last_updated_date_time=datetime.datetime(2022, 3, 3, 4, 11, 42, tzinfo=datetime.timezone.utc), np_title_id=None, rarest_trophies=[])
TrophyTitle(total_items_count=148, np_service_name='trophy', np_communication_id='NPWR16815_00', trophy_set_version='01.01', title_name='EA SPORTS™UFC®4', title_detail='EA SPORTS™UFC®4', title_icon_url='https://image.api.playstation.com/trophy/np/NPWR16815_00_00B640A62513984746AC750E7D3F5EEAB7A9680872/E4C20F88BC9DA47B759A4E7B5AD50E4A3BD6E9FF.PNG', title_platform=frozenset({<PlatformType.PS4: 'PS4'>}), has_trophy_groups=False, progress=0, hidden_flag=False, earned_trophies=TrophySet(bronze=0, silver=0, gold=0, platinum=0), defined_trophies=TrophySet(bronze=8, silver=14, gold=5, platinum=1), last_updated_date_time=datetime.datetime(2022, 3, 3, 2, 58, 36, tzinfo=datetime.timezone.utc), np_title_id=None, rarest_trophies=[])
TrophyTitle(total_items_count=148, np_service_name='trophy2', np_communication_id='NPWR21978_00', trophy_set_version='01.00', title_name='Cuisine Royale', title_detail=None, title_icon_url='https://psnobj.prod.dl.playstation.net/psnobj/NPWR21978_00/de862b9d-26a2-4d0c-8d73-c7d4d0073a8b.png', title_platform=frozenset({<PlatformType.PS5: 'PS5'>}), has_trophy_groups=False, progress=0, hidden_flag=False, earned_trophies=TrophySet(bronze=0, silver=0, gold=0, platinum=0), defined_trophies=TrophySet(bronze=9, silver=3, gold=1, platinum=0), last_updated_date_time=datetime.datetime(2022, 3, 2, 3, 35, 46, tzinfo=datetime.timezone.utc), np_title_id=None, rarest_trophies=[])
TrophyTitle(total_items_count=148, np_service_name='trophy2', np_communication_id='NPWR22599_00', trophy_set_version='01.13', title_name='Human Fall Flat', title_detail=None, title_icon_url='https://psnobj.prod.dl.playstation.net/psnobj/NPWR22599_00/0e738318-efd5-40d1-9765-062db2a81656.png', title_platform=frozenset({<PlatformType.PS5: 'PS5'>}), has_trophy_groups=True, progress=1, hidden_flag=False, earned_trophies=TrophySet(bronze=1, silver=0, gold=0, platinum=0), defined_trophies=TrophySet(bronze=84, silver=14, gold=1, platinum=1), last_updated_date_time=datetime.datetime(2022, 2, 7, 21, 21, 27, tzinfo=datetime.timezone.utc), np_title_id=None, rarest_trophies=[])
TrophyTitle(total_items_count=148, np_service_name='trophy', np_communication_id='NPWR21927_00', trophy_set_version='01.00', title_name='60 Seconds! Reatomized', title_detail='60 Seconds! Reatomized', title_icon_url='https://image.api.playstation.com/trophy/np/NPWR21927_00_00E30271D8CD98E7981DF6213D6A53D024D4177D76/25BBCE91B85064760A20AD88A44FE1C5AFEDFE52.PNG', title_platform=frozenset({<PlatformType.PS4: 'PS4'>}), has_trophy_groups=False, progress=22, hidden_flag=False, earned_trophies=TrophySet(bronze=16, silver=0, gold=0, platinum=0), defined_trophies=TrophySet(bronze=54, silver=5, gold=1, platinum=1), last_updated_date_time=datetime.datetime(2022, 1, 23, 5, 18, 37, tzinfo=datetime.timezone.utc), np_title_id=None, rarest_trophies=[])
TrophyTitle(total_items_count=148, np_service_name='trophy', np_communication_id='NPWR20362_00', trophy_set_version='01.00', title_name='Ultimate Custom Night', title_detail='Trophies', title_icon_url='https://image.api.playstation.com/trophy/np/NPWR20362_00_003ACC0CCD272BA4C330E2F791C32C35FA57C1BB13/B917DC254C2E6639E880956FCFAED77C92B48E55.PNG', title_platform=frozenset({<PlatformType.PS4: 'PS4'>}), has_trophy_groups=False, progress=0, hidden_flag=False, earned_trophies=TrophySet(bronze=0, silver=0, gold=0, platinum=0), defined_trophies=TrophySet(bronze=3, silver=6, gold=1, platinum=0), last_updated_date_time=datetime.datetime(2022, 1, 15, 4, 17, 10, tzinfo=datetime.timezone.utc), np_title_id=None, rarest_trophies=[])
TrophyTitle(total_items_count=148, np_service_name='trophy', np_communication_id='NPWR08997_00', trophy_set_version='01.07', title_name='Fallout 4', title_detail='Fallout 4', title_icon_url='https://image.api.playstation.com/trophy/np/NPWR08997_00_00092F05228346B1273A8E999669D7A6EF0D6272D4/AD28FFD593E86DAD390ED190455AA6365D5CF606.PNG', title_platform=frozenset({<PlatformType.PS4: 'PS4'>}), has_trophy_groups=True, progress=1, hidden_flag=False, earned_trophies=TrophySet(bronze=1, silver=0, gold=0, platinum=0), defined_trophies=TrophySet(bronze=66, silver=17, gold=1, platinum=1), last_updated_date_time=datetime.datetime(2022, 1, 9, 5, 20, 2, tzinfo=datetime.timezone.utc), np_title_id=None, rarest_trophies=[])
TrophyTitle(total_items_count=148, np_service_name='trophy2', np_communication_id='NPWR20684_00', trophy_set_version='01.01', title_name="Marvel's Spider-Man: Miles Morales", title_detail=None, title_icon_url='https://psnobj.prod.dl.playstation.net/psnobj/NPWR20684_00/baa4acc4-a8e5-42f6-ae09-3ae51b6a38fb.png', title_platform=frozenset({<PlatformType.PS5: 'PS5'>}), has_trophy_groups=False, progress=23, hidden_flag=False, earned_trophies=TrophySet(bronze=16, silver=0, gold=0, platinum=0), defined_trophies=TrophySet(bronze=37, silver=10, gold=2, platinum=1), last_updated_date_time=datetime.datetime(2022, 1, 3, 5, 29, 4, tzinfo=datetime.timezone.utc), np_title_id=None, rarest_trophies=[])
TrophyTitle(total_items_count=148, np_service_name='trophy', np_communication_id='NPWR19936_00', trophy_set_version='01.02', title_name="Tony Hawk's Pro Skater 1 + 2", title_detail="Tony Hawk's Pro Skater 1 + 2", title_icon_url='https://image.api.playstation.com/trophy/np/NPWR19936_00_0099723C960EAB12181F0B9D79C28A9597EB88CC02/CAD3C30BD5DE7D85533E79FB6C0A5222497DDE0C.PNG', title_platform=frozenset({<PlatformType.PS4: 'PS4'>}), has_trophy_groups=False, progress=0, hidden_flag=False, earned_trophies=TrophySet(bronze=0, silver=0, gold=0, platinum=0), defined_trophies=TrophySet(bronze=19, silver=13, gold=4, platinum=1), last_updated_date_time=datetime.datetime(2022, 1, 2, 3, 41, 42, tzinfo=datetime.timezone.utc), np_title_id=None, rarest_trophies=[])
TrophyTitle(total_items_count=148, np_service_name='trophy', np_communication_id='NPWR12518_00', trophy_set_version='01.00', title_name='God of War', title_detail='God of War', title_icon_url='https://image.api.playstation.com/trophy/np/NPWR12518_00_009C1232E900005FE409857E926767DFE9CAC7F371/CCDC60CADE4B3970C348FEFDE0094BA95C0A802F.PNG', title_platform=frozenset({<PlatformType.PS4: 'PS4'>}), has_trophy_groups=False, progress=0, hidden_flag=False, earned_trophies=TrophySet(bronze=0, silver=0, gold=0, platinum=0), defined_trophies=TrophySet(bronze=22, silver=9, gold=5, platinum=1), last_updated_date_time=datetime.datetime(2021, 12, 27, 19, 48, 36, tzinfo=datetime.timezone.utc), np_title_id=None, rarest_trophies=[])
TrophyTitle(total_items_count=148, np_service_name='trophy', np_communication_id='NPWR23869_00', trophy_set_version='01.04', title_name='MEGA ZOMBIE', title_detail='The trophy set of MEGA ZOMBIE.', title_icon_url='https://image.api.playstation.com/trophy/np/NPWR23869_00_00607CF9A665AE11CA2CDF158441A053C257DAA314/A6292B33AFD930A78513F1EB289E7374FC962722.PNG', title_platform=frozenset({<PlatformType.PS4: 'PS4'>}), has_trophy_groups=False, progress=4, hidden_flag=False, earned_trophies=TrophySet(bronze=1, silver=0, gold=0, platinum=0), defined_trophies=TrophySet(bronze=7, silver=4, gold=1, platinum=0), last_updated_date_time=datetime.datetime(2021, 12, 26, 17, 18, 20, tzinfo=datetime.timezone.utc), np_title_id=None, rarest_trophies=[])
TrophyTitle(total_items_count=148, np_service_name='trophy', np_communication_id='NPWR05326_00', trophy_set_version='01.01', title_name='Injustice: Gods Among Us Ultimate Edition', title_detail='Trophy set for Injustice', title_icon_url='https://image.api.playstation.com/trophy/np/NPWR05326_00_00A75883B9747C770037612EA4D1590CF85E999869/47719D67971CDF2825F8069BDEF868656E45B331.PNG', title_platform=frozenset({<PlatformType.PS4: 'PS4'>}), has_trophy_groups=False, progress=0, hidden_flag=False, earned_trophies=TrophySet(bronze=0, silver=0, gold=0, platinum=0), defined_trophies=TrophySet(bronze=38, silver=10, gold=2, platinum=1), last_updated_date_time=datetime.datetime(2021, 12, 26, 17, 13, 13, tzinfo=datetime.timezone.utc), np_title_id=None, rarest_trophies=[])
TrophyTitle(total_items_count=148, np_service_name='trophy', np_communication_id='NPWR11338_00', trophy_set_version='01.03', title_name='Injustice 2 Trophies', title_detail='Injustice 2 Trophies', title_icon_url='https://image.api.playstation.com/trophy/np/NPWR11338_00_00A7F97446EBD6A26682047666076BA8173FA899BE/8FCCCD2ACE5F0AC5E0C8B0C82E27CD84EA354E33.PNG', title_platform=frozenset({<PlatformType.PS4: 'PS4'>}), has_trophy_groups=True, progress=3, hidden_flag=False, earned_trophies=TrophySet(bronze=3, silver=0, gold=0, platinum=0), defined_trophies=TrophySet(bronze=71, silver=2, gold=1, platinum=1), last_updated_date_time=datetime.datetime(2021, 12, 26, 16, 57, 8, tzinfo=datetime.timezone.utc), np_title_id=None, rarest_trophies=[])
TrophyTitle(total_items_count=148, np_service_name='trophy', np_communication_id='NPWR07518_00', trophy_set_version='01.01', title_name='STREET FIGHTER V', title_detail='STREET FIGHTER V Trophy Set', title_icon_url='https://image.api.playstation.com/trophy/np/NPWR07518_00_003EB126E90C0DE22541DA328FA61D21CFDDBC33E3/5945FDA3F95C69F80B2DA559657898DECFE58BC2.PNG', title_platform=frozenset({<PlatformType.PS4: 'PS4'>}), has_trophy_groups=False, progress=1, hidden_flag=False, earned_trophies=TrophySet(bronze=1, silver=0, gold=0, platinum=0), defined_trophies=TrophySet(bronze=35, silver=5, gold=4, platinum=1), last_updated_date_time=datetime.datetime(2021, 12, 24, 0, 29, 17, tzinfo=datetime.timezone.utc), np_title_id=None, rarest_trophies=[])
TrophyTitle(total_items_count=148, np_service_name='trophy', np_communication_id='NPWR22847_00', trophy_set_version='01.00', title_name='Splitgate', title_detail='Play Splitgate and unlock trophies as you play! Can you unlock them all?', title_icon_url='https://image.api.playstation.com/trophy/np/NPWR22847_00_00D42491CE518404AB300ED00A1B30CB6BC5A02D7F/BC655A6E6B52FC85531AA59EDB89D12F02778688.PNG', title_platform=frozenset({<PlatformType.PS4: 'PS4'>}), has_trophy_groups=False, progress=33, hidden_flag=False, earned_trophies=TrophySet(bronze=7, silver=0, gold=0, platinum=0), defined_trophies=TrophySet(bronze=17, silver=2, gold=0, platinum=0), last_updated_date_time=datetime.datetime(2021, 8, 26, 3, 37, 32, tzinfo=datetime.timezone.utc), np_title_id=None, rarest_trophies=[])
TrophyTitle(total_items_count=148, np_service_name='trophy', np_communication_id='NPWR17501_00', trophy_set_version='01.01', title_name='Rogue Company', title_detail='Rogue Company - Base Game Trophies', title_icon_url='https://image.api.playstation.com/trophy/np/NPWR17501_00_0046500E7E6DA4B43207C198A1D0FFD94C0D6DB5C5/4A3317A4DDD61B2C4689438D1F07894A923D0BE7.PNG', title_platform=frozenset({<PlatformType.PS4: 'PS4'>}), has_trophy_groups=False, progress=44, hidden_flag=False, earned_trophies=TrophySet(bronze=4, silver=4, gold=3, platinum=0), defined_trophies=TrophySet(bronze=5, silver=7, gold=8, platinum=1), last_updated_date_time=datetime.datetime(2021, 8, 10, 2, 14, 29, tzinfo=datetime.timezone.utc), np_title_id=None, rarest_trophies=[])
TrophyTitle(total_items_count=148, np_service_name='trophy', np_communication_id='NPWR15509_00', trophy_set_version='01.07', title_name='Fallout 76', title_detail='Fallout 76', title_icon_url='https://image.api.playstation.com/trophy/np/NPWR15509_00_00FEDEFDF75690C37D4051FC8F80462BB7C362282B/A4D94FEACEEE402B1FFF2742BB5F6E5A3DA1C26C.PNG', title_platform=frozenset({<PlatformType.PS4: 'PS4'>}), has_trophy_groups=True, progress=65, hidden_flag=False, earned_trophies=TrophySet(bronze=32, silver=12, gold=1, platinum=0), defined_trophies=TrophySet(bronze=53, silver=18, gold=1, platinum=1), last_updated_date_time=datetime.datetime(2021, 7, 27, 22, 31, 14, tzinfo=datetime.timezone.utc), np_title_id=None, rarest_trophies=[])
TrophyTitle(total_items_count=148, np_service_name='trophy', np_communication_id='NPWR19321_00', trophy_set_version='01.01', title_name='The Walking Dead: Saints & Sinners', title_detail='The Walking Dead: Saints & Sinners Trophies', title_icon_url='https://image.api.playstation.com/trophy/np/NPWR19321_00_008FE7287476BE9534D657B214EC22755B210B2295/821E6A12565ADE2A2B28223755860FD4422AF417.PNG', title_platform=frozenset({<PlatformType.PS4: 'PS4'>}), has_trophy_groups=False, progress=2, hidden_flag=False, earned_trophies=TrophySet(bronze=2, silver=0, gold=0, platinum=0), defined_trophies=TrophySet(bronze=36, silver=5, gold=4, platinum=1), last_updated_date_time=datetime.datetime(2021, 7, 22, 20, 28, 30, tzinfo=datetime.timezone.utc), np_title_id=None, rarest_trophies=[])
TrophyTitle(total_items_count=148, np_service_name='trophy', np_communication_id='NPWR07466_00', trophy_set_version='01.84', title_name='Rocket League®', title_detail='Rocket League® Trophy Set', title_icon_url='https://image.api.playstation.com/trophy/np/NPWR07466_00_002B372EA023E6E03E3194E148C0B2BF285AD8CE49/7E97D451B278DACDDD0CA8D59AFF7BF62E1A6560.PNG', title_platform=frozenset({<PlatformType.PS4: 'PS4'>}), has_trophy_groups=True, progress=23, hidden_flag=False, earned_trophies=TrophySet(bronze=25, silver=5, gold=1, platinum=0), defined_trophies=TrophySet(bronze=51, silver=24, gold=12, platinum=1), last_updated_date_time=datetime.datetime(2021, 7, 15, 22, 56, 56, tzinfo=datetime.timezone.utc), np_title_id=None, rarest_trophies=[])
TrophyTitle(total_items_count=148, np_service_name='trophy', np_communication_id='NPWR18341_00', trophy_set_version='01.00', title_name='NBA 2K20', title_detail='NBA 2K20 Trophies', title_icon_url='https://image.api.playstation.com/trophy/np/NPWR18341_00_006E5C1FDCA4507719D6C0D83DDCBD4B0177DB47BB/85967650BB9AF7C3A96AC84A1814DC5A147E8967.PNG', title_platform=frozenset({<PlatformType.PS4: 'PS4'>}), has_trophy_groups=False, progress=17, hidden_flag=False, earned_trophies=TrophySet(bronze=12, silver=0, gold=0, platinum=0), defined_trophies=TrophySet(bronze=38, silver=10, gold=2, platinum=1), last_updated_date_time=datetime.datetime(2021, 6, 20, 5, 36, 33, tzinfo=datetime.timezone.utc), np_title_id=None, rarest_trophies=[])
TrophyTitle(total_items_count=148, np_service_name='trophy', np_communication_id='NPWR21140_00', trophy_set_version='01.03', title_name='Swordsman', title_detail='Trophy Set for Swordsman', title_icon_url='https://image.api.playstation.com/trophy/np/NPWR21140_00_00A8C614AD5FFB491D7BD47DC7F271663074B01358/9724BF6EF42E5CD8EFD5E3CCC577B399B66F834A.PNG', title_platform=frozenset({<PlatformType.PS4: 'PS4'>}), has_trophy_groups=False, progress=12, hidden_flag=False, earned_trophies=TrophySet(bronze=4, silver=2, gold=0, platinum=0), defined_trophies=TrophySet(bronze=6, silver=5, gold=8, platinum=1), last_updated_date_time=datetime.datetime(2021, 6, 13, 22, 27, 9, tzinfo=datetime.timezone.utc), np_title_id=None, rarest_trophies=[])
TrophyTitle(total_items_count=148, np_service_name='trophy', np_communication_id='NPWR19742_00', trophy_set_version='01.02', title_name='Stranded Deep', title_detail='Stranded Deep Trophies', title_icon_url='https://image.api.playstation.com/trophy/np/NPWR19742_00_000D1954AA2F2C085234C504104F6F657F2B71C00E/CD3B327923C37C0087EA93A721438A3846F46371.PNG', title_platform=frozenset({<PlatformType.PS4: 'PS4'>}), has_trophy_groups=False, progress=1, hidden_flag=False, earned_trophies=TrophySet(bronze=1, silver=0, gold=0, platinum=0), defined_trophies=TrophySet(bronze=20, silver=10, gold=5, platinum=1), last_updated_date_time=datetime.datetime(2021, 5, 12, 17, 12, 55, tzinfo=datetime.timezone.utc), np_title_id=None, rarest_trophies=[])
TrophyTitle(total_items_count=148, np_service_name='trophy', np_communication_id='NPWR10066_00', trophy_set_version='01.03', title_name='Enter The Gungeon', title_detail='Enter The Gungeon', title_icon_url='https://image.api.playstation.com/trophy/np/NPWR10066_00_0016F031077D3137B2465E51CA9AD043607772E7CC/3895B0E00916D8C49265181DA5A71864018FF70C.PNG', title_platform=frozenset({<PlatformType.PS4: 'PS4'>}), has_trophy_groups=True, progress=0, hidden_flag=False, earned_trophies=TrophySet(bronze=0, silver=0, gold=0, platinum=0), defined_trophies=TrophySet(bronze=40, silver=12, gold=2, platinum=1), last_updated_date_time=datetime.datetime(2021, 4, 1, 2, 49, 14, tzinfo=datetime.timezone.utc), np_title_id=None, rarest_trophies=[])
TrophyTitle(total_items_count=148, np_service_name='trophy', np_communication_id='NPWR21768_00', trophy_set_version='01.00', title_name='Vigor Trophy Set', title_detail='Set of Trophies for Vigor', title_icon_url='https://image.api.playstation.com/trophy/np/NPWR21768_00_0024A058D0C7B050E5A93D6F0C07C0C9E4ADB9E48E/621575D0D7F083658D294262A9EE1DFE6F0A6B78.PNG', title_platform=frozenset({<PlatformType.PS4: 'PS4'>}), has_trophy_groups=False, progress=14, hidden_flag=False, earned_trophies=TrophySet(bronze=3, silver=0, gold=0, platinum=0), defined_trophies=TrophySet(bronze=15, silver=0, gold=1, platinum=0), last_updated_date_time=datetime.datetime(2021, 3, 14, 3, 43, 17, tzinfo=datetime.timezone.utc), np_title_id=None, rarest_trophies=[])
TrophyTitle(total_items_count=148, np_service_name='trophy', np_communication_id='NPWR18513_00', trophy_set_version='01.02', title_name='ONE PIECE: PIRATE WARRIORS 4', title_detail='ONE PIECE: PIRATE WARRIORS 4 Trophy Set', title_icon_url='https://image.api.playstation.com/trophy/np/NPWR18513_00_0030F9119D2E54FB7CD1210E8965AD8CB869EAD98C/B4CC8142C128093AD4E0FD6469A32158B289EF7F.PNG', title_platform=frozenset({<PlatformType.PS4: 'PS4'>}), has_trophy_groups=False, progress=0, hidden_flag=False, earned_trophies=TrophySet(bronze=0, silver=0, gold=0, platinum=0), defined_trophies=TrophySet(bronze=23, silver=13, gold=3, platinum=1), last_updated_date_time=datetime.datetime(2021, 2, 23, 20, 3, 34, tzinfo=datetime.timezone.utc), np_title_id=None, rarest_trophies=[])
TrophyTitle(total_items_count=148, np_service_name='trophy', np_communication_id='NPWR13319_00', trophy_set_version='01.00', title_name='SUPERHOT', title_detail='SUPERHOT', title_icon_url='https://image.api.playstation.com/trophy/np/NPWR13319_00_00FA527470A82AE5A3FA1EF64F4DDDC54A9ABB5FB4/776BFE2FB9F00856B7D994626795D1A07572516E.PNG', title_platform=frozenset({<PlatformType.PS4: 'PS4'>}), has_trophy_groups=False, progress=31, hidden_flag=False, earned_trophies=TrophySet(bronze=5, silver=8, gold=0, platinum=0), defined_trophies=TrophySet(bronze=9, silver=11, gold=6, platinum=1), last_updated_date_time=datetime.datetime(2021, 1, 23, 6, 5, 30, tzinfo=datetime.timezone.utc), np_title_id=None, rarest_trophies=[])
TrophyTitle(total_items_count=148, np_service_name='trophy', np_communication_id='NPWR12325_00', trophy_set_version='01.04', title_name='Gang Beasts', title_detail='Gang Beasts', title_icon_url='https://image.api.playstation.com/trophy/np/NPWR12325_00_0014A58EE1FB0AF010CAF3034410D311C45F06A18D/5481B72DB7650FD4E8A561AE1150191F7EED020F.PNG', title_platform=frozenset({<PlatformType.PS4: 'PS4'>}), has_trophy_groups=False, progress=84, hidden_flag=False, earned_trophies=TrophySet(bronze=16, silver=0, gold=0, platinum=0), defined_trophies=TrophySet(bronze=19, silver=0, gold=0, platinum=0), last_updated_date_time=datetime.datetime(2021, 1, 16, 8, 10, 54, tzinfo=datetime.timezone.utc), np_title_id=None, rarest_trophies=[])
[...]
TrophyTitle(total_items_count=148, np_service_name='trophy', np_communication_id='NPWR17865_00', trophy_set_version='01.04', title_name='Dauntless', title_detail='Dauntless Trophies', title_icon_url='https://image.api.playstation.com/trophy/np/NPWR17865_00_000C88E39FCF2B8F761D874D8456594E3B19197234/BF60B587DC8C59C44F1CB0937A5EE3F90817D92E.PNG', title_platform=frozenset({<PlatformType.PS4: 'PS4'>}), has_trophy_groups=True, progress=0, hidden_flag=False, earned_trophies=TrophySet(bronze=0, silver=0, gold=0, platinum=0), defined_trophies=TrophySet(bronze=29, silver=14, gold=2, platinum=0), last_updated_date_time=datetime.datetime(2020, 11, 30, 0, 17, 11, tzinfo=datetime.timezone.utc), np_title_id=None, rarest_trophies=[])
TrophyTitle(total_items_count=148, np_service_name='trophy', np_communication_id='NPWR21232_00', trophy_set_version='01.16', title_name='Genshin Impact', title_detail='Genshin Impact Trophies', title_icon_url='https://image.api.playstation.com/trophy/np/NPWR21232_00_0095BDA1569E0A38C1CF5A25FA9775CB4C418FA42A/DFEB354B113E766EFDB4F28A40165347BD4A1E93.PNG', title_platform=frozenset({<PlatformType.PS4: 'PS4'>}), has_trophy_groups=True, progress=0, hidden_flag=False, earned_trophies=TrophySet(bronze=0, silver=0, gold=0, platinum=0), defined_trophies=TrophySet(bronze=62, silver=21, gold=10, platinum=0), last_updated_date_time=datetime.datetime(2020, 10, 17, 0, 43, 48, tzinfo=datetime.timezone.utc), np_title_id=None, rarest_trophies=[])
TrophyTitle(total_items_count=148, np_service_name='trophy', np_communication_id='NPWR16728_00', trophy_set_version='01.02', title_name='PUBG: BATTLEGROUNDS', title_detail='PUBG: BATTLEGROUNDS', title_icon_url='https://image.api.playstation.com/trophy/np/NPWR16728_00_00A5683B46A9D79E3EB4400A9488120FE1720C29A7/DB3F01C5DD2E2D6BF05386A93A055DD3BDF1B700.PNG', title_platform=frozenset({<PlatformType.PS4: 'PS4'>}), has_trophy_groups=False, progress=1, hidden_flag=False, earned_trophies=TrophySet(bronze=1, silver=0, gold=0, platinum=0), defined_trophies=TrophySet(bronze=24, silver=8, gold=5, platinum=1), last_updated_date_time=datetime.datetime(2020, 10, 7, 15, 51, 34, tzinfo=datetime.timezone.utc), np_title_id=None, rarest_trophies=[])
TrophyTitle(total_items_count=148, np_service_name='trophy', np_communication_id='NPWR14881_00', trophy_set_version='01.02', title_name='Jump Force', title_detail='JUMP FORCE Trophy Set', title_icon_url='https://image.api.playstation.com/trophy/np/NPWR14881_00_00900EF47ABA41B0908847B3C9A73B7E6833F672CD/9FECCF38AADB6CF4F5B1DB013787609695E4BBF5.PNG', title_platform=frozenset({<PlatformType.PS4: 'PS4'>}), has_trophy_groups=False, progress=8, hidden_flag=False, earned_trophies=TrophySet(bronze=6, silver=0, gold=0, platinum=0), defined_trophies=TrophySet(bronze=36, silver=11, gold=2, platinum=1), last_updated_date_time=datetime.datetime(2020, 10, 3, 3, 51, 57, tzinfo=datetime.timezone.utc), np_title_id=None, rarest_trophies=[])
_________________ test_user__trophy_titles_for_title_forbidden _________________

psnawp_fixture = <psnawp_api.psnawp.PSNAWP object at 0x7f41c8dbfc10>

    @pytest.mark.vcr()
    def test_user__trophy_titles_for_title_forbidden(psnawp_fixture):
        with my_vcr.use_cassette(f"{inspect.currentframe().f_code.co_name}.yaml"):
>           with pytest.raises(PSNAWPForbidden):
E           Failed: DID NOT RAISE <class 'psnawp_api.core.psnawp_exceptions.PSNAWPForbidden'>

tests/unit_tests/test_user.py:184: Failed
________________________ test_user__trophies_forbidden _________________________

endpoint = '/users/2066273503397112667/npCommunicationIds/NPWR15509_00/trophyGroups/default/trophies'
request_builder = <psnawp_api.core.request_builder.RequestBuilder object at 0x7f41c8c20150>
platform = 'PS4', limit = 10

    def _get_trophy_from_endpoint(
        endpoint: str,
        request_builder: RequestBuilder,
        platform: Literal["PS Vita", "PS3", "PS4", "PS5"],
        limit: Optional[int],
    ) -> Iterator[Trophy]:
        offset = 0
        service_name = "trophy2" if platform == "PS5" else "trophy"
        params: dict[str, str | int] = {"npServiceName": service_name}
        limit_per_request = 400
        if limit is not None:
            params = {**params, "limit": min(limit, limit_per_request), "offset": offset}
    
        while True:
            try:
>               response = request_builder.get(
                    url=f"{BASE_PATH['trophies']}{endpoint}",
                    params=params,
                ).json()

src/psnawp_api/models/trophies/trophy.py:119: 
_ _ _ _ _ _ _ _ _ _ _ _ _ _ _ _ _ _ _ _ _ _ _ _ _ _ _ _ _ _ _ _ _ _ _ _ _ _ _ _ 
src/psnawp_api/core/request_builder.py:79: in get
    response_checker(response)
_ _ _ _ _ _ _ _ _ _ _ _ _ _ _ _ _ _ _ _ _ _ _ _ _ _ _ _ _ _ _ _ _ _ _ _ _ _ _ _ 

response = <Response [404]>

    def response_checker(response: requests.Response) -> None:
        """Checks the HTTP(S) response and re-raises them as PSNAWP Exceptions
    
        :param response: :class:`Response <Response>` object
        :type response: requests.Response
    
        :returns: None
    
        """
        if response.status_code == 400:
            raise PSNAWPBadRequest(response.text)
        elif response.status_code == 401:
            raise PSNAWPUnauthorized(response.text)
        elif response.status_code == 403:
            raise PSNAWPForbidden(response.text)
        elif response.status_code == 404:
>           raise PSNAWPNotFound(response.text)
E           psnawp_api.core.psnawp_exceptions.PSNAWPNotFound: {"error": {"referenceId": "063405d3-15ae-11ef-bef6-732aecd0929c", "code": 2240525, "message": "Resource not found"}}

src/psnawp_api/core/request_builder.py:33: PSNAWPNotFound

The above exception was the direct cause of the following exception:

psnawp_fixture = <psnawp_api.psnawp.PSNAWP object at 0x7f41c8dbfc10>

    @pytest.mark.vcr()
    def test_user__trophies_forbidden(psnawp_fixture):
        with my_vcr.use_cassette(f"{inspect.currentframe().f_code.co_name}.yaml"):
            with pytest.raises(PSNAWPForbidden):
>               list(psnawp_fixture.user(online_id="isFakeAccount").trophies("NPWR15509_00", "PS4", limit=10))

tests/unit_tests/test_user.py:213: 
_ _ _ _ _ _ _ _ _ _ _ _ _ _ _ _ _ _ _ _ _ _ _ _ _ _ _ _ _ _ _ _ _ _ _ _ _ _ _ _ 

endpoint = '/users/2066273503397112667/npCommunicationIds/NPWR15509_00/trophyGroups/default/trophies'
request_builder = <psnawp_api.core.request_builder.RequestBuilder object at 0x7f41c8c20150>
platform = 'PS4', limit = 10

    def _get_trophy_from_endpoint(
        endpoint: str,
        request_builder: RequestBuilder,
        platform: Literal["PS Vita", "PS3", "PS4", "PS5"],
        limit: Optional[int],
    ) -> Iterator[Trophy]:
        offset = 0
        service_name = "trophy2" if platform == "PS5" else "trophy"
        params: dict[str, str | int] = {"npServiceName": service_name}
        limit_per_request = 400
        if limit is not None:
            params = {**params, "limit": min(limit, limit_per_request), "offset": offset}
    
        while True:
            try:
                response = request_builder.get(
                    url=f"{BASE_PATH['trophies']}{endpoint}",
                    params=params,
                ).json()
            except PSNAWPNotFound as not_found:
>               raise PSNAWPNotFound("The following user has no trophies for the given game title.") from not_found
E               psnawp_api.core.psnawp_exceptions.PSNAWPNotFound: The following user has no trophies for the given game title.

src/psnawp_api/models/trophies/trophy.py:124: PSNAWPNotFound
__________________ test_user__trophy_groups_summary_forbidden __________________

self = <psnawp_api.models.trophies.trophy_group.TrophyGroupsSummaryBuilder object at 0x7f41c8e3d710>
account_id = '2066273503397112667', platform = 'PS4'

    def user_trophy_groups_summary(
        self,
        account_id: str,
        platform: Literal["PS Vita", "PS3", "PS4", "PS5"],
    ) -> TrophyGroupsSummary:
        """Retrieves the earned trophy groups for a title and their respective trophy count.
    
        This is most commonly seen in games which have expansions where additional trophies are added.
    
        :param account_id: The account whose trophy list is being accessed
        :type account_id: str
        :param platform: The platform this title belongs to.
        :type platform: Literal
    
        :returns: TrophyGroupSummary object containing title and title groups trophy information.
        :rtype: TrophyGroupsSummary
    
        :raises: ``PSNAWPNotFound`` if you don't have any trophies for that game.
    
        :raises: ``PSNAWPForbidden`` If the user's profile is private
    
        """
    
        service_name = "trophy2" if platform == "PS5" else "trophy"
        params = {"npServiceName": service_name}
        try:
>           response = self._request_builder.get(
                url=f"{BASE_PATH['trophies']}{API_PATH['user_title_trophy_group'].format(account_id=account_id, np_communication_id=self.np_communication_id)}",
                params=params,
            ).json()

src/psnawp_api/models/trophies/trophy_group.py:193: 
_ _ _ _ _ _ _ _ _ _ _ _ _ _ _ _ _ _ _ _ _ _ _ _ _ _ _ _ _ _ _ _ _ _ _ _ _ _ _ _ 
src/psnawp_api/core/request_builder.py:79: in get
    response_checker(response)
_ _ _ _ _ _ _ _ _ _ _ _ _ _ _ _ _ _ _ _ _ _ _ _ _ _ _ _ _ _ _ _ _ _ _ _ _ _ _ _ 

response = <Response [404]>

    def response_checker(response: requests.Response) -> None:
        """Checks the HTTP(S) response and re-raises them as PSNAWP Exceptions
    
        :param response: :class:`Response <Response>` object
        :type response: requests.Response
    
        :returns: None
    
        """
        if response.status_code == 400:
            raise PSNAWPBadRequest(response.text)
        elif response.status_code == 401:
            raise PSNAWPUnauthorized(response.text)
        elif response.status_code == 403:
            raise PSNAWPForbidden(response.text)
        elif response.status_code == 404:
>           raise PSNAWPNotFound(response.text)
E           psnawp_api.core.psnawp_exceptions.PSNAWPNotFound: {"error": {"referenceId": "07f00d9f-15ae-11ef-b602-47941dda4bf7", "code": 2240525, "message": "Resource not found"}}

src/psnawp_api/core/request_builder.py:33: PSNAWPNotFound

The above exception was the direct cause of the following exception:

psnawp_fixture = <psnawp_api.psnawp.PSNAWP object at 0x7f41c8dbfc10>

    @pytest.mark.vcr()
    def test_user__trophy_groups_summary_forbidden(psnawp_fixture):
        with my_vcr.use_cassette(f"{inspect.currentframe().f_code.co_name}.yaml"):
            with pytest.raises(PSNAWPForbidden):
>               psnawp_fixture.user(online_id="isFakeAccount").trophy_groups_summary("NPWR15509_00", "PS4")

tests/unit_tests/test_user.py:262: 
_ _ _ _ _ _ _ _ _ _ _ _ _ _ _ _ _ _ _ _ _ _ _ _ _ _ _ _ _ _ _ _ _ _ _ _ _ _ _ _ 
src/psnawp_api/models/user.py:344: in trophy_groups_summary
    ).user_trophy_groups_summary(account_id=self.account_id, platform=platform)
_ _ _ _ _ _ _ _ _ _ _ _ _ _ _ _ _ _ _ _ _ _ _ _ _ _ _ _ _ _ _ _ _ _ _ _ _ _ _ _ 

self = <psnawp_api.models.trophies.trophy_group.TrophyGroupsSummaryBuilder object at 0x7f41c8e3d710>
account_id = '2066273503397112667', platform = 'PS4'

    def user_trophy_groups_summary(
        self,
        account_id: str,
        platform: Literal["PS Vita", "PS3", "PS4", "PS5"],
    ) -> TrophyGroupsSummary:
        """Retrieves the earned trophy groups for a title and their respective trophy count.
    
        This is most commonly seen in games which have expansions where additional trophies are added.
    
        :param account_id: The account whose trophy list is being accessed
        :type account_id: str
        :param platform: The platform this title belongs to.
        :type platform: Literal
    
        :returns: TrophyGroupSummary object containing title and title groups trophy information.
        :rtype: TrophyGroupsSummary
    
        :raises: ``PSNAWPNotFound`` if you don't have any trophies for that game.
    
        :raises: ``PSNAWPForbidden`` If the user's profile is private
    
        """
    
        service_name = "trophy2" if platform == "PS5" else "trophy"
        params = {"npServiceName": service_name}
        try:
            response = self._request_builder.get(
                url=f"{BASE_PATH['trophies']}{API_PATH['user_title_trophy_group'].format(account_id=account_id, np_communication_id=self.np_communication_id)}",
                params=params,
            ).json()
        except PSNAWPNotFound as not_found:
>           raise PSNAWPNotFound("The following user has no trophies for the given game title.") from not_found
E           psnawp_api.core.psnawp_exceptions.PSNAWPNotFound: The following user has no trophies for the given game title.

src/psnawp_api/models/trophies/trophy_group.py:198: PSNAWPNotFound
-------- generated xml file: /home/runner/work/psnawp/psnawp/pytest.xml --------

---------- coverage: platform linux, python 3.11.9-final-0 -----------
Name                                                   Stmts   Miss  Cover
--------------------------------------------------------------------------
src/psnawp_api/__init__.py                                 2      0   100%
src/psnawp_api/core/__init__.py                            4      0   100%
src/psnawp_api/core/authenticator.py                      45      3    93%
src/psnawp_api/core/psnawp_exceptions.py                   9      0   100%
src/psnawp_api/core/request_builder.py                    72     16    78%
src/psnawp_api/models/__init__.py                          0      0   100%
src/psnawp_api/models/client.py                           70      0   100%
src/psnawp_api/models/game_title.py                       22      0   100%
src/psnawp_api/models/group.py                            51      1    98%
src/psnawp_api/models/listing/__init__.py                  2      0   100%
src/psnawp_api/models/listing/pagination_iterator.py      55      3    95%
src/psnawp_api/models/search.py                           21      7    67%
src/psnawp_api/models/title_stats.py                      73      1    99%
src/psnawp_api/models/trophies/__init__.py                 0      0   100%
src/psnawp_api/models/trophies/trophy.py                 110      2    98%
src/psnawp_api/models/trophies/trophy_constants.py        30      2    93%
src/psnawp_api/models/trophies/trophy_group.py            87      2    98%
src/psnawp_api/models/trophies/trophy_summary.py          24      2    92%
src/psnawp_api/models/trophies/trophy_titles.py           84      0   100%
src/psnawp_api/models/trophies/utility_functions.py        7      0   100%
src/psnawp_api/models/user.py                             70      2    97%
src/psnawp_api/psnawp.py                                  33      0   100%
src/psnawp_api/utils/__init__.py                           3      0   100%
src/psnawp_api/utils/endpoints.py                          2      0   100%
src/psnawp_api/utils/misc.py                              17      0   100%
--------------------------------------------------------------------------
TOTAL                                                    893     41    95%

=========================== short test summary info ============================
FAILED tests/unit_tests/test_group.py::test_group__dming_blocked_user - psnawp_api.core.psnawp_exceptions.PSNAWPBadRequest: {"error": {"referenceId": "84e72191-15ad-11ef-9720-f7ea5ba06b96", "code": 2285696, "message": "Bad Request"}}
FAILED tests/unit_tests/test_search.py::test_search__universal_search - psnawp_api.core.psnawp_exceptions.PSNAWPBadRequest: {"error": {"referenceId": "22d5fd39-9f70-4f56-bef9-9c2a1b823fa0", "code": 3415813, "message": "JSON parse error: Cannot construct instance of `com.sony.sie.kamaji.search.universal.model.openapi.SearchDomain`, problem: Unexpected value 'ConceptGameMobileApp'; nested exception is com.fasterxml.jackson.databind.exc.ValueInstantiationException: Cannot construct instance of `com.sony.sie.kamaji.search.universal.model.openapi.SearchDomain`, problem: Unexpected value 'ConceptGameMobileApp'\n at [Source: (org.springframework.util.StreamUtils$NonClosingInputStream); line: 1, column: 53] (through reference chain: com.sony.sie.kamaji.search.universal.model.openapi.UniversalSearchRequest[\"domainRequests\"]->java.util.ArrayList[0]->com.sony.sie.kamaji.search.universal.model.openapi.SearchDomainRequest[\"domain\"])", "reason": "invalid_parameter", "source": "api"}}
FAILED tests/unit_tests/test_search.py::test_search__get_title_id - psnawp_api.core.psnawp_exceptions.PSNAWPBadRequest: {"error": {"referenceId": "bd904960-9fcf-43e6-9084-14a768691e84", "code": 3415813, "message": "JSON parse error: Cannot construct instance of `com.sony.sie.kamaji.search.universal.model.openapi.SearchDomain`, problem: Unexpected value 'ConceptGameMobileApp'; nested exception is com.fasterxml.jackson.databind.exc.ValueInstantiationException: Cannot construct instance of `com.sony.sie.kamaji.search.universal.model.openapi.SearchDomain`, problem: Unexpected value 'ConceptGameMobileApp'\n at [Source: (org.springframework.util.StreamUtils$NonClosingInputStream); line: 1, column: 59] (through reference chain: com.sony.sie.kamaji.search.universal.model.openapi.UniversalSearchRequest[\"domainRequests\"]->java.util.ArrayList[0]->com.sony.sie.kamaji.search.universal.model.openapi.SearchDomainRequest[\"domain\"])", "reason": "invalid_parameter", "source": "api"}}
FAILED tests/unit_tests/test_search.py::test_search__get_title_id_wrong_title - psnawp_api.core.psnawp_exceptions.PSNAWPBadRequest: {"error": {"referenceId": "77fdadda-e71a-46ce-bc29-a5e5cd0f26e1", "code": 3415813, "message": "JSON parse error: Cannot construct instance of `com.sony.sie.kamaji.search.universal.model.openapi.SearchDomain`, problem: Unexpected value 'ConceptGameMobileApp'; nested exception is com.fasterxml.jackson.databind.exc.ValueInstantiationException: Cannot construct instance of `com.sony.sie.kamaji.search.universal.model.openapi.SearchDomain`, problem: Unexpected value 'ConceptGameMobileApp'\n at [Source: (org.springframework.util.StreamUtils$NonClosingInputStream); line: 1, column: 61] (through reference chain: com.sony.sie.kamaji.search.universal.model.openapi.UniversalSearchRequest[\"domainRequests\"]->java.util.ArrayList[0]->com.sony.sie.kamaji.search.universal.model.openapi.SearchDomainRequest[\"domain\"])", "reason": "invalid_parameter", "source": "api"}}
FAILED tests/unit_tests/test_user.py::test_user__get_presence_forbidden - Failed: DID NOT RAISE <class 'psnawp_api.core.psnawp_exceptions.PSNAWPForbidden'>
FAILED tests/unit_tests/test_user.py::test_user__trophy_summary_forbidden - Failed: DID NOT RAISE <class 'psnawp_api.core.psnawp_exceptions.PSNAWPForbidden'>
FAILED tests/unit_tests/test_user.py::test_user__trophy_titles_forbidden - Failed: DID NOT RAISE <class 'psnawp_api.core.psnawp_exceptions.PSNAWPForbidden'>
FAILED tests/unit_tests/test_user.py::test_user__trophy_titles_for_title_forbidden - Failed: DID NOT RAISE <class 'psnawp_api.core.psnawp_exceptions.PSNAWPForbidden'>
FAILED tests/unit_tests/test_user.py::test_user__trophies_forbidden - psnawp_api.core.psnawp_exceptions.PSNAWPNotFound: The following user has no trophies for the given game title.
FAILED tests/unit_tests/test_user.py::test_user__trophy_groups_summary_forbidden - psnawp_api.core.psnawp_exceptions.PSNAWPNotFound: The following user has no trophies for the given game title.
======================== 10 failed, 59 passed in 2.80s =========================
