<?xml version="1.0" encoding="utf-8"?><testsuites><testsuite name="pytest" errors="0" failures="0" skipped="1" tests="6" time="1.068" timestamp="2022-06-27T22:07:54.934475" hostname="fv-az453-374"><testcase classname="tests.unit_tests.psnawp_client_test" name="test__authentication" time="0.031" /><testcase classname="tests.unit_tests.psnawp_client_test" name="test__online_id" time="0.469" /><testcase classname="tests.unit_tests.psnawp_client_test" name="test__account_id" time="0.021" /><testcase classname="tests.unit_tests.psnawp_client_test" name="test__account_devices" time="0.001"><skipped type="pytest.skip" message="Not implemented yet">/home/runner/work/psnawp/psnawp/tests/unit_tests/psnawp_client_test.py:28: Not implemented yet</skipped></testcase><testcase classname="tests.unit_tests.psnawp_client_test" name="test__get_friends" time="0.021" /><testcase classname="tests.unit_tests.psnawp_client_test" name="test__blocked_list" time="0.021" /></testsuite></testsuites>
