<?xml version="1.0" encoding="utf-8"?><testsuites><testsuite name="pytest" errors="0" failures="0" skipped="1" tests="6" time="0.935" timestamp="2022-06-28T01:42:23.792899" hostname="fv-az399-494"><testcase classname="tests.unit_tests.test_psnawp_client" name="test__authentication" time="0.036" /><testcase classname="tests.unit_tests.test_psnawp_client" name="test__online_id" time="0.716" /><testcase classname="tests.unit_tests.test_psnawp_client" name="test__account_id" time="0.024" /><testcase classname="tests.unit_tests.test_psnawp_client" name="test__account_devices" time="0.001"><skipped type="pytest.skip" message="Not implemented yet">/home/runner/work/psnawp/psnawp/tests/unit_tests/test_psnawp_client.py:31: Not implemented yet</skipped></testcase><testcase classname="tests.unit_tests.test_psnawp_client" name="test__get_friends" time="0.024" /><testcase classname="tests.unit_tests.test_psnawp_client" name="test__blocked_list" time="0.025" /></testsuite></testsuites>