<?xml version="1.0" encoding="utf-8"?><testsuites><testsuite name="pytest" errors="0" failures="0" skipped="1" tests="6" time="1.095" timestamp="2022-06-27T20:38:37.996037" hostname="pop-os"><testcase classname="tests.unit_tests.test_psnawp_client" name="test__authentication" time="0.025" /><testcase classname="tests.unit_tests.test_psnawp_client" name="test__online_id" time="0.971" /><testcase classname="tests.unit_tests.test_psnawp_client" name="test__account_id" time="0.014" /><testcase classname="tests.unit_tests.test_psnawp_client" name="test__account_devices" time="0.000"><skipped type="pytest.skip" message="Not implemented yet">/home/kira/drives/samsung-ssd/Programming/Pycharm/psn-python/tests/unit_tests/test_psnawp_client.py:31: Not implemented yet</skipped></testcase><testcase classname="tests.unit_tests.test_psnawp_client" name="test__get_friends" time="0.014" /><testcase classname="tests.unit_tests.test_psnawp_client" name="test__blocked_list" time="0.015" /></testsuite></testsuites>