<?xml version="1.0" encoding="utf-8"?><testsuites><testsuite name="pytest" errors="0" failures="3" skipped="0" tests="69" time="2.629" timestamp="2024-05-20T04:08:05.150170" hostname="fv-az692-597"><testcase classname="tests.unit_tests.test_authenticator" name="test_authenticator__access_token_from_refresh_token" time="0.047" /><testcase classname="tests.unit_tests.test_client" name="test_client__authentication" time="0.021" /><testcase classname="tests.unit_tests.test_client" name="test_client__incorrect_npsso" time="0.015" /><testcase classname="tests.unit_tests.test_client" name="test_client__online_id" time="0.560" /><testcase classname="tests.unit_tests.test_client" name="test_client__account_id" time="0.012" /><testcase classname="tests.unit_tests.test_client" name="test_client__get_profile_legacy" time="0.025" /><testcase classname="tests.unit_tests.test_client" name="test_client__account_devices" time="0.012" /><testcase classname="tests.unit_tests.test_client" name="test_client__get_friends" time="0.031" /><testcase classname="tests.unit_tests.test_client" name="test_client__get_groups" time="0.078" /><testcase classname="tests.unit_tests.test_client" name="test_client__available_to_play" time="0.012" /><testcase classname="tests.unit_tests.test_client" name="test_client__blocked_list" time="0.012" /><testcase classname="tests.unit_tests.test_client" name="test_client__trophy_summary" time="0.012" /><testcase classname="tests.unit_tests.test_client" name="test_client__trophy_titles" time="0.012" /><testcase classname="tests.unit_tests.test_client" name="test_client__trophy_titles_for_title" time="0.012" /><testcase classname="tests.unit_tests.test_client" name="test_client__trophies" time="0.025" /><testcase classname="tests.unit_tests.test_client" name="test_client__trophy_groups_summary" time="0.024" /><testcase classname="tests.unit_tests.test_client" name="test_client__title_stats" time="0.013" /><testcase classname="tests.unit_tests.test_client" name="test_client__repr_and_str" time="0.043" /><testcase classname="tests.unit_tests.test_game_title" name="test_game_title__np_communication_id" time="0.013" /><testcase classname="tests.unit_tests.test_game_title" name="test_game_title__wrong_title_id" time="0.012" /><testcase classname="tests.unit_tests.test_game_title" name="test_game_title__get_title_details" time="0.019" /><testcase classname="tests.unit_tests.test_game_title" name="test_game_title__trophies" time="0.020" /><testcase classname="tests.unit_tests.test_game_title" name="test_game_title__trophy_groups_summary" time="0.019" /><testcase classname="tests.unit_tests.test_game_title" name="test_game_title__trophies_game_not_owned_by_user" time="0.012" /><testcase classname="tests.unit_tests.test_game_title" name="test_game_title__trophy_groups_summary_game_not_owned_by_user" time="0.012" /><testcase classname="tests.unit_tests.test_game_title" name="test_game_title__trophies_invalid_np_communication_id" time="0.012" /><testcase classname="tests.unit_tests.test_game_title" name="test_game_title__trophy_groups_summary_invalid_np_communication_id" time="0.012" /><testcase classname="tests.unit_tests.test_group" name="test_group__group_incorrect_args" time="0.006" /><testcase classname="tests.unit_tests.test_group" name="test_group__group_with_wrong_id" time="0.013" /><testcase classname="tests.unit_tests.test_group" name="test_group__group_with_users" time="0.032" /><testcase classname="tests.unit_tests.test_group" name="test_group__group_with_id" time="0.032" /><testcase classname="tests.unit_tests.test_group" name="test_group__repr_and_str" time="0.019" /><testcase classname="tests.unit_tests.test_group" name="test_group__change_name_dm" time="0.032" /><testcase classname="tests.unit_tests.test_group" name="test_group__dming_blocked_user" time="0.029" /><testcase classname="tests.unit_tests.test_group" name="test_group__change_name" time="0.031" /><testcase classname="tests.unit_tests.test_group" name="test_group__leave_group" time="0.025" /><testcase classname="tests.unit_tests.test_search" name="test_search__universal_search" time="0.013"><failure message="psnawp_api.core.psnawp_exceptions.PSNAWPBadRequest: {&quot;error&quot;: {&quot;referenceId&quot;: &quot;13c30796-75db-4ead-b214-721803d196d6&quot;, &quot;code&quot;: 3415813, &quot;message&quot;: &quot;JSON parse error: Cannot construct instance of `com.sony.sie.kamaji.search.universal.model.openapi.SearchDomain`, problem: Unexpected value 'ConceptGameMobileApp'; nested exception is com.fasterxml.jackson.databind.exc.ValueInstantiationException: Cannot construct instance of `com.sony.sie.kamaji.search.universal.model.openapi.SearchDomain`, problem: Unexpected value 'ConceptGameMobileApp'\n at [Source: (org.springframework.util.StreamUtils$NonClosingInputStream); line: 1, column: 53] (through reference chain: com.sony.sie.kamaji.search.universal.model.openapi.UniversalSearchRequest[\&quot;domainRequests\&quot;]-&gt;java.util.ArrayList[0]-&gt;com.sony.sie.kamaji.search.universal.model.openapi.SearchDomainRequest[\&quot;domain\&quot;])&quot;, &quot;reason&quot;: &quot;invalid_parameter&quot;, &quot;source&quot;: &quot;api&quot;}}">psnawp_fixture = &lt;psnawp_api.psnawp.PSNAWP object at 0x7fa8e0566010&gt;

    @pytest.mark.vcr()
    def test_search__universal_search(psnawp_fixture):
        with my_vcr.use_cassette(f"{inspect.currentframe().f_code.co_name}.yaml"):
            search = psnawp_fixture.search()
&gt;           search.universal_search(search_query="GTA", limit=1)

tests/unit_tests/test_search.py:13: 
_ _ _ _ _ _ _ _ _ _ _ _ _ _ _ _ _ _ _ _ _ _ _ _ _ _ _ _ _ _ _ _ _ _ _ _ _ _ _ _ 
src/psnawp_api/models/search.py:86: in universal_search
    response: dict[str, Any] = self._request_builder.post(url=f"{BASE_PATH['universal_search']}", data=json.dumps(data)).json()
src/psnawp_api/core/request_builder.py:123: in post
    response_checker(response)
_ _ _ _ _ _ _ _ _ _ _ _ _ _ _ _ _ _ _ _ _ _ _ _ _ _ _ _ _ _ _ _ _ _ _ _ _ _ _ _ 

response = &lt;Response [400]&gt;

    def response_checker(response: requests.Response) -&gt; None:
        """Checks the HTTP(S) response and re-raises them as PSNAWP Exceptions
    
        :param response: :class:`Response &lt;Response&gt;` object
        :type response: requests.Response
    
        :returns: None
    
        """
        if response.status_code == 400:
&gt;           raise PSNAWPBadRequest(response.text)
E           psnawp_api.core.psnawp_exceptions.PSNAWPBadRequest: {"error": {"referenceId": "13c30796-75db-4ead-b214-721803d196d6", "code": 3415813, "message": "JSON parse error: Cannot construct instance of `com.sony.sie.kamaji.search.universal.model.openapi.SearchDomain`, problem: Unexpected value 'ConceptGameMobileApp'; nested exception is com.fasterxml.jackson.databind.exc.ValueInstantiationException: Cannot construct instance of `com.sony.sie.kamaji.search.universal.model.openapi.SearchDomain`, problem: Unexpected value 'ConceptGameMobileApp'\n at [Source: (org.springframework.util.StreamUtils$NonClosingInputStream); line: 1, column: 53] (through reference chain: com.sony.sie.kamaji.search.universal.model.openapi.UniversalSearchRequest[\"domainRequests\"]-&gt;java.util.ArrayList[0]-&gt;com.sony.sie.kamaji.search.universal.model.openapi.SearchDomainRequest[\"domain\"])", "reason": "invalid_parameter", "source": "api"}}

src/psnawp_api/core/request_builder.py:27: PSNAWPBadRequest</failure></testcase><testcase classname="tests.unit_tests.test_search" name="test_search__get_title_id" time="0.012"><failure message="psnawp_api.core.psnawp_exceptions.PSNAWPBadRequest: {&quot;error&quot;: {&quot;referenceId&quot;: &quot;2b7d6383-3c94-4737-8cb0-14853e081ca6&quot;, &quot;code&quot;: 3415813, &quot;message&quot;: &quot;JSON parse error: Cannot construct instance of `com.sony.sie.kamaji.search.universal.model.openapi.SearchDomain`, problem: Unexpected value 'ConceptGameMobileApp'; nested exception is com.fasterxml.jackson.databind.exc.ValueInstantiationException: Cannot construct instance of `com.sony.sie.kamaji.search.universal.model.openapi.SearchDomain`, problem: Unexpected value 'ConceptGameMobileApp'\n at [Source: (org.springframework.util.StreamUtils$NonClosingInputStream); line: 1, column: 59] (through reference chain: com.sony.sie.kamaji.search.universal.model.openapi.UniversalSearchRequest[\&quot;domainRequests\&quot;]-&gt;java.util.ArrayList[0]-&gt;com.sony.sie.kamaji.search.universal.model.openapi.SearchDomainRequest[\&quot;domain\&quot;])&quot;, &quot;reason&quot;: &quot;invalid_parameter&quot;, &quot;source&quot;: &quot;api&quot;}}">psnawp_fixture = &lt;psnawp_api.psnawp.PSNAWP object at 0x7fa8e0566010&gt;

    @pytest.mark.vcr()
    def test_search__get_title_id(psnawp_fixture):
        with my_vcr.use_cassette(f"{inspect.currentframe().f_code.co_name}.yaml"):
            search = psnawp_fixture.search()
&gt;           assert search.get_title_id("Minecraft") == ("Minecraft", "CUSA00744_00")

tests/unit_tests/test_search.py:20: 
_ _ _ _ _ _ _ _ _ _ _ _ _ _ _ _ _ _ _ _ _ _ _ _ _ _ _ _ _ _ _ _ _ _ _ _ _ _ _ _ 
src/psnawp_api/models/search.py:117: in get_title_id
    response: dict[str, Any] = self._request_builder.post(url=f"{BASE_PATH['universal_search']}", data=json.dumps(data)).json()
src/psnawp_api/core/request_builder.py:123: in post
    response_checker(response)
_ _ _ _ _ _ _ _ _ _ _ _ _ _ _ _ _ _ _ _ _ _ _ _ _ _ _ _ _ _ _ _ _ _ _ _ _ _ _ _ 

response = &lt;Response [400]&gt;

    def response_checker(response: requests.Response) -&gt; None:
        """Checks the HTTP(S) response and re-raises them as PSNAWP Exceptions
    
        :param response: :class:`Response &lt;Response&gt;` object
        :type response: requests.Response
    
        :returns: None
    
        """
        if response.status_code == 400:
&gt;           raise PSNAWPBadRequest(response.text)
E           psnawp_api.core.psnawp_exceptions.PSNAWPBadRequest: {"error": {"referenceId": "2b7d6383-3c94-4737-8cb0-14853e081ca6", "code": 3415813, "message": "JSON parse error: Cannot construct instance of `com.sony.sie.kamaji.search.universal.model.openapi.SearchDomain`, problem: Unexpected value 'ConceptGameMobileApp'; nested exception is com.fasterxml.jackson.databind.exc.ValueInstantiationException: Cannot construct instance of `com.sony.sie.kamaji.search.universal.model.openapi.SearchDomain`, problem: Unexpected value 'ConceptGameMobileApp'\n at [Source: (org.springframework.util.StreamUtils$NonClosingInputStream); line: 1, column: 59] (through reference chain: com.sony.sie.kamaji.search.universal.model.openapi.UniversalSearchRequest[\"domainRequests\"]-&gt;java.util.ArrayList[0]-&gt;com.sony.sie.kamaji.search.universal.model.openapi.SearchDomainRequest[\"domain\"])", "reason": "invalid_parameter", "source": "api"}}

src/psnawp_api/core/request_builder.py:27: PSNAWPBadRequest</failure></testcase><testcase classname="tests.unit_tests.test_search" name="test_search__get_title_id_wrong_title" time="0.012"><failure message="psnawp_api.core.psnawp_exceptions.PSNAWPBadRequest: {&quot;error&quot;: {&quot;referenceId&quot;: &quot;0b810e5c-8acc-4594-9b3a-6c37f1bdc618&quot;, &quot;code&quot;: 3415813, &quot;message&quot;: &quot;JSON parse error: Cannot construct instance of `com.sony.sie.kamaji.search.universal.model.openapi.SearchDomain`, problem: Unexpected value 'ConceptGameMobileApp'; nested exception is com.fasterxml.jackson.databind.exc.ValueInstantiationException: Cannot construct instance of `com.sony.sie.kamaji.search.universal.model.openapi.SearchDomain`, problem: Unexpected value 'ConceptGameMobileApp'\n at [Source: (org.springframework.util.StreamUtils$NonClosingInputStream); line: 1, column: 61] (through reference chain: com.sony.sie.kamaji.search.universal.model.openapi.UniversalSearchRequest[\&quot;domainRequests\&quot;]-&gt;java.util.ArrayList[0]-&gt;com.sony.sie.kamaji.search.universal.model.openapi.SearchDomainRequest[\&quot;domain\&quot;])&quot;, &quot;reason&quot;: &quot;invalid_parameter&quot;, &quot;source&quot;: &quot;api&quot;}}">psnawp_fixture = &lt;psnawp_api.psnawp.PSNAWP object at 0x7fa8e0566010&gt;

    @pytest.mark.vcr()
    def test_search__get_title_id_wrong_title(psnawp_fixture):
        with my_vcr.use_cassette(f"{inspect.currentframe().f_code.co_name}.yaml"):
            with pytest.raises(PSNAWPNotFound):
                search = psnawp_fixture.search()
&gt;               search.get_title_id("dsfasdfadsf")

tests/unit_tests/test_search.py:30: 
_ _ _ _ _ _ _ _ _ _ _ _ _ _ _ _ _ _ _ _ _ _ _ _ _ _ _ _ _ _ _ _ _ _ _ _ _ _ _ _ 
src/psnawp_api/models/search.py:117: in get_title_id
    response: dict[str, Any] = self._request_builder.post(url=f"{BASE_PATH['universal_search']}", data=json.dumps(data)).json()
src/psnawp_api/core/request_builder.py:123: in post
    response_checker(response)
_ _ _ _ _ _ _ _ _ _ _ _ _ _ _ _ _ _ _ _ _ _ _ _ _ _ _ _ _ _ _ _ _ _ _ _ _ _ _ _ 

response = &lt;Response [400]&gt;

    def response_checker(response: requests.Response) -&gt; None:
        """Checks the HTTP(S) response and re-raises them as PSNAWP Exceptions
    
        :param response: :class:`Response &lt;Response&gt;` object
        :type response: requests.Response
    
        :returns: None
    
        """
        if response.status_code == 400:
&gt;           raise PSNAWPBadRequest(response.text)
E           psnawp_api.core.psnawp_exceptions.PSNAWPBadRequest: {"error": {"referenceId": "0b810e5c-8acc-4594-9b3a-6c37f1bdc618", "code": 3415813, "message": "JSON parse error: Cannot construct instance of `com.sony.sie.kamaji.search.universal.model.openapi.SearchDomain`, problem: Unexpected value 'ConceptGameMobileApp'; nested exception is com.fasterxml.jackson.databind.exc.ValueInstantiationException: Cannot construct instance of `com.sony.sie.kamaji.search.universal.model.openapi.SearchDomain`, problem: Unexpected value 'ConceptGameMobileApp'\n at [Source: (org.springframework.util.StreamUtils$NonClosingInputStream); line: 1, column: 61] (through reference chain: com.sony.sie.kamaji.search.universal.model.openapi.UniversalSearchRequest[\"domainRequests\"]-&gt;java.util.ArrayList[0]-&gt;com.sony.sie.kamaji.search.universal.model.openapi.SearchDomainRequest[\"domain\"])", "reason": "invalid_parameter", "source": "api"}}

src/psnawp_api/core/request_builder.py:27: PSNAWPBadRequest</failure></testcase><testcase classname="tests.unit_tests.test_user" name="test_user__user" time="0.012" /><testcase classname="tests.unit_tests.test_user" name="test_user__user_account_id" time="0.012" /><testcase classname="tests.unit_tests.test_user" name="test_user__user_no_argument" time="0.006" /><testcase classname="tests.unit_tests.test_user" name="test_user__user_wrong_acc_id" time="0.013" /><testcase classname="tests.unit_tests.test_user" name="test_user__prev_online_id" time="0.012" /><testcase classname="tests.unit_tests.test_user" name="test_user__user_not_found" time="0.012" /><testcase classname="tests.unit_tests.test_user" name="test_user__user_acct_id_not_found" time="0.012" /><testcase classname="tests.unit_tests.test_user" name="test_user__get_profile" time="0.019" /><testcase classname="tests.unit_tests.test_user" name="test_user__get_presence" time="0.019" /><testcase classname="tests.unit_tests.test_user" name="test_user__get_presence_forbidden" time="0.019" /><testcase classname="tests.unit_tests.test_user" name="test_user__friendship" time="0.019" /><testcase classname="tests.unit_tests.test_user" name="test_user__is_blocked" time="0.019" /><testcase classname="tests.unit_tests.test_user" name="test_user__trophy_summary" time="0.019" /><testcase classname="tests.unit_tests.test_user" name="test_user__trophy_summary_forbidden" time="0.018" /><testcase classname="tests.unit_tests.test_user" name="test_user__trophy_titles" time="0.023" /><testcase classname="tests.unit_tests.test_user" name="test_user__trophy_titles_forbidden" time="0.018" /><testcase classname="tests.unit_tests.test_user" name="test_user__trophy_titles_pagination_test" time="0.075" /><testcase classname="tests.unit_tests.test_user" name="test_user__trophy_titles_for_title" time="0.019" /><testcase classname="tests.unit_tests.test_user" name="test_user__trophy_titles_for_title_forbidden" time="0.018" /><testcase classname="tests.unit_tests.test_user" name="test_user__trophies" time="0.039" /><testcase classname="tests.unit_tests.test_user" name="test_user__trophies_forbidden" time="0.038" /><testcase classname="tests.unit_tests.test_user" name="test_user__trophies_pagination_test" time="0.041" /><testcase classname="tests.unit_tests.test_user" name="test_user__trophy_groups_summary" time="0.038" /><testcase classname="tests.unit_tests.test_user" name="test_user__trophy_groups_summary_forbidden" time="0.038" /><testcase classname="tests.unit_tests.test_user" name="test_user__title_stats" time="0.069" /><testcase classname="tests.unit_tests.test_user" name="test_user__title_stats_with_limit" time="0.253" /><testcase classname="tests.unit_tests.test_user" name="test_user__title_stats_with_jump" time="0.033" /><testcase classname="tests.unit_tests.test_user" name="test_user__repr_and_str" time="0.013" /><testcase classname="tests.unit_tests.test_utils_misc" name="test_play_duration_to_timedelta_valid_inputs" time="0.001" /><testcase classname="tests.unit_tests.test_utils_misc" name="test_play_duration_to_timedelta_invalid_inputs" time="0.001" /></testsuite></testsuites>