<?xml version="1.0" encoding="utf-8"?><testsuites><testsuite name="pytest" errors="0" failures="0" skipped="0" tests="32" time="1.928" timestamp="2022-09-26T06:22:24.125932" hostname="fv-az340-400"><testcase classname="tests.unit_tests.test_client" name="test_client__authentication" time="0.035" /><testcase classname="tests.unit_tests.test_client" name="test_client__incorrect_npsso" time="0.009" /><testcase classname="tests.unit_tests.test_client" name="test_client__online_id" time="0.788" /><testcase classname="tests.unit_tests.test_client" name="test_client__account_id" time="0.016" /><testcase classname="tests.unit_tests.test_client" name="test_client__get_profile_legacy" time="0.032" /><testcase classname="tests.unit_tests.test_client" name="test_client__account_devices" time="0.017" /><testcase classname="tests.unit_tests.test_client" name="test_client__get_friends" time="0.270" /><testcase classname="tests.unit_tests.test_client" name="test_client__get_groups" time="0.094" /><testcase classname="tests.unit_tests.test_client" name="test_client__available_to_play" time="0.038" /><testcase classname="tests.unit_tests.test_client" name="test_client__blocked_list" time="0.016" /><testcase classname="tests.unit_tests.test_client" name="test_client__repr_and_str" time="0.051" /><testcase classname="tests.unit_tests.test_group" name="test_client__group_incorrect_args" time="0.009" /><testcase classname="tests.unit_tests.test_group" name="test_client__group_with_id" time="0.024" /><testcase classname="tests.unit_tests.test_group" name="test_client__group_with_wrong_id" time="0.016" /><testcase classname="tests.unit_tests.test_group" name="test_client__group_with_users" time="0.038" /><testcase classname="tests.unit_tests.test_group" name="test_client__change_name" time="0.024" /><testcase classname="tests.unit_tests.test_group" name="test_client__change_name_dm" time="0.024" /><testcase classname="tests.unit_tests.test_group" name="test_client__leave_group" time="0.032" /><testcase classname="tests.unit_tests.test_search" name="test_search__universal_search" time="0.017" /><testcase classname="tests.unit_tests.test_search" name="test_search__get_title_details" time="0.011" /><testcase classname="tests.unit_tests.test_user" name="test_user__user" time="0.016" /><testcase classname="tests.unit_tests.test_user" name="test_user__user_account_id" time="0.016" /><testcase classname="tests.unit_tests.test_user" name="test_user__user_no_argument" time="0.009" /><testcase classname="tests.unit_tests.test_user" name="test_user__user_wrong_acc_id" time="0.008" /><testcase classname="tests.unit_tests.test_user" name="test_user__prev_online_id" time="0.017" /><testcase classname="tests.unit_tests.test_user" name="test_user__user_not_found" time="0.011" /><testcase classname="tests.unit_tests.test_user" name="test_user__user_acct_id_not_found" time="0.011" /><testcase classname="tests.unit_tests.test_user" name="test_user__get_presence" time="0.023" /><testcase classname="tests.unit_tests.test_user" name="test_user__get_presence_forbidden" time="0.023" /><testcase classname="tests.unit_tests.test_user" name="test_user__friendship" time="0.023" /><testcase classname="tests.unit_tests.test_user" name="test_user__is_blocked" time="0.023" /><testcase classname="tests.unit_tests.test_user" name="test_user__repr_and_str" time="0.019" /></testsuite></testsuites>