<?xml version="1.0" encoding="utf-8"?><testsuites><testsuite name="pytest" errors="0" failures="0" skipped="0" tests="8" time="0.798" timestamp="2022-09-17T00:04:25.435436" hostname="fv-az249-217"><testcase classname="tests.unit_tests.test_psnawp_client" name="test__authentication" time="0.035" /><testcase classname="tests.unit_tests.test_psnawp_client" name="test__online_id" time="0.512" /><testcase classname="tests.unit_tests.test_psnawp_client" name="test__account_id" time="0.015" /><testcase classname="tests.unit_tests.test_psnawp_client" name="test__get_profile_legacy" time="0.031" /><testcase classname="tests.unit_tests.test_psnawp_client" name="test__account_devices" time="0.015" /><testcase classname="tests.unit_tests.test_psnawp_client" name="test__get_friends" time="0.016" /><testcase classname="tests.unit_tests.test_psnawp_client" name="test__blocked_list" time="0.015" /><testcase classname="tests.unit_tests.test_psnawp_client" name="test__repr_and_str" time="0.050" /></testsuite></testsuites>