<?xml version="1.0" encoding="utf-8"?><testsuites><testsuite name="pytest" errors="0" failures="1" skipped="0" tests="68" time="3.281" timestamp="2023-04-02T19:54:16.354861" hostname="fv-az399-738"><testcase classname="tests.unit_tests.test_authenticator" name="test_authenticator__access_token_from_refresh_token" time="0.054" /><testcase classname="tests.unit_tests.test_client" name="test_client__authentication" time="0.026" /><testcase classname="tests.unit_tests.test_client" name="test_client__incorrect_npsso" time="0.019" /><testcase classname="tests.unit_tests.test_client" name="test_client__online_id" time="0.667" /><testcase classname="tests.unit_tests.test_client" name="test_client__account_id" time="0.015" /><testcase classname="tests.unit_tests.test_client" name="test_client__get_profile_legacy" time="0.029" /><testcase classname="tests.unit_tests.test_client" name="test_client__account_devices" time="0.015" /><testcase classname="tests.unit_tests.test_client" name="test_client__get_friends" time="0.254" /><testcase classname="tests.unit_tests.test_client" name="test_client__get_groups" time="0.085" /><testcase classname="tests.unit_tests.test_client" name="test_client__available_to_play" time="0.028" /><testcase classname="tests.unit_tests.test_client" name="test_client__blocked_list" time="0.015" /><testcase classname="tests.unit_tests.test_client" name="test_client__trophy_summary" time="0.014" /><testcase classname="tests.unit_tests.test_client" name="test_client__trophy_titles" time="0.014" /><testcase classname="tests.unit_tests.test_client" name="test_client__trophy_titles_for_title" time="0.014" /><testcase classname="tests.unit_tests.test_client" name="test_client__trophies" time="0.028" /><testcase classname="tests.unit_tests.test_client" name="test_client__trophy_groups_summary" time="0.027" /><testcase classname="tests.unit_tests.test_client" name="test_client__title_stats" time="0.015" /><testcase classname="tests.unit_tests.test_client" name="test_client__repr_and_str" time="0.065" /><testcase classname="tests.unit_tests.test_game_title" name="test_game_title__np_communication_id" time="0.015" /><testcase classname="tests.unit_tests.test_game_title" name="test_game_title__wrong_title_id" time="0.014" /><testcase classname="tests.unit_tests.test_game_title" name="test_game_title__get_title_details" time="0.021" /><testcase classname="tests.unit_tests.test_game_title" name="test_game_title__trophies" time="0.023" /><testcase classname="tests.unit_tests.test_game_title" name="test_game_title__trophy_groups_summary" time="0.022" /><testcase classname="tests.unit_tests.test_game_title" name="test_game_title__trophies_game_not_owned_by_user" time="0.015" /><testcase classname="tests.unit_tests.test_game_title" name="test_game_title__trophy_groups_summary_game_not_owned_by_user" time="0.015" /><testcase classname="tests.unit_tests.test_game_title" name="test_game_title__trophies_invalid_np_communication_id" time="0.015" /><testcase classname="tests.unit_tests.test_game_title" name="test_game_title__trophy_groups_summary_invalid_np_communication_id" time="0.016" /><testcase classname="tests.unit_tests.test_group" name="test_group__group_incorrect_args" time="0.008" /><testcase classname="tests.unit_tests.test_group" name="test_group__group_with_wrong_id" time="0.015" /><testcase classname="tests.unit_tests.test_group" name="test_group__group_with_users" time="0.035" /><testcase classname="tests.unit_tests.test_group" name="test_group__group_with_id" time="0.036" /><testcase classname="tests.unit_tests.test_group" name="test_group__repr_and_str" time="0.022" /><testcase classname="tests.unit_tests.test_group" name="test_group__change_name_dm" time="0.035" /><testcase classname="tests.unit_tests.test_group" name="test_group__dming_blocked_user" time="0.021" /><testcase classname="tests.unit_tests.test_group" name="test_group__change_name" time="0.035" /><testcase classname="tests.unit_tests.test_group" name="test_group__leave_group" time="0.029" /><testcase classname="tests.unit_tests.test_search" name="test_search__universal_search" time="0.015" /><testcase classname="tests.unit_tests.test_search" name="test_search__get_title_id" time="0.029" /><testcase classname="tests.unit_tests.test_search" name="test_search__get_title_id_wrong_title" time="0.015" /><testcase classname="tests.unit_tests.test_user" name="test_user__user" time="0.015" /><testcase classname="tests.unit_tests.test_user" name="test_user__user_account_id" time="0.015" /><testcase classname="tests.unit_tests.test_user" name="test_user__user_no_argument" time="0.008" /><testcase classname="tests.unit_tests.test_user" name="test_user__user_wrong_acc_id" time="0.015" /><testcase classname="tests.unit_tests.test_user" name="test_user__prev_online_id" time="0.015" /><testcase classname="tests.unit_tests.test_user" name="test_user__user_not_found" time="0.015" /><testcase classname="tests.unit_tests.test_user" name="test_user__user_acct_id_not_found" time="0.015" /><testcase classname="tests.unit_tests.test_user" name="test_user__get_profile" time="0.021" /><testcase classname="tests.unit_tests.test_user" name="test_user__get_presence" time="0.021" /><testcase classname="tests.unit_tests.test_user" name="test_user__get_presence_forbidden" time="0.022" /><testcase classname="tests.unit_tests.test_user" name="test_user__friendship" time="0.021" /><testcase classname="tests.unit_tests.test_user" name="test_user__is_blocked" time="0.021" /><testcase classname="tests.unit_tests.test_user" name="test_user__trophy_summary" time="0.021" /><testcase classname="tests.unit_tests.test_user" name="test_user__trophy_summary_forbidden" time="0.021" /><testcase classname="tests.unit_tests.test_user" name="test_user__trophy_titles" time="0.026" /><testcase classname="tests.unit_tests.test_user" name="test_user__trophy_titles_forbidden" time="0.021" /><testcase classname="tests.unit_tests.test_user" name="test_user__trophy_titles_pagination_test" time="0.073" /><testcase classname="tests.unit_tests.test_user" name="test_user__trophy_titles_for_title" time="0.023"><failure message="AssertionError: assert 'CUSA12057_00' == 'PPSA01506_00'&#10;  - PPSA01506_00&#10;  + CUSA12057_00">psnawp_fixture = &lt;psnawp_api.psnawp.PSNAWP object at 0x7faa0b611150&gt;

    @pytest.mark.vcr()
    def test_user__trophy_titles_for_title(psnawp_fixture):
        with my_vcr.use_cassette(f"{inspect.currentframe().f_code.co_name}.yaml"):
            for trophy_title in psnawp_fixture.user(online_id="jeranther").trophy_titles_for_title(title_ids=["PPSA01506_00", "CUSA12057_00", "CUSA00419_00"]):
                assert {PlatformType.UNKNOWN} == trophy_title.title_platform
                if trophy_title.title_name == "Fallout 76":
                    assert trophy_title.np_communication_id == "NPWR15509_00"
                    assert trophy_title.np_service_name == "trophy"
&gt;                   assert trophy_title.np_title_id == "PPSA01506_00"
E                   AssertionError: assert 'CUSA12057_00' == 'PPSA01506_00'
E                     - PPSA01506_00
E                     + CUSA12057_00

tests/unit_tests/test_user.py:170: AssertionError</failure></testcase><testcase classname="tests.unit_tests.test_user" name="test_user__trophy_titles_for_title_forbidden" time="0.022" /><testcase classname="tests.unit_tests.test_user" name="test_user__trophies" time="0.043" /><testcase classname="tests.unit_tests.test_user" name="test_user__trophies_forbidden" time="0.041" /><testcase classname="tests.unit_tests.test_user" name="test_user__trophies_pagination_test" time="0.046" /><testcase classname="tests.unit_tests.test_user" name="test_user__trophy_groups_summary" time="0.041" /><testcase classname="tests.unit_tests.test_user" name="test_user__trophy_groups_summary_forbidden" time="0.040" /><testcase classname="tests.unit_tests.test_user" name="test_user__title_stats" time="0.072" /><testcase classname="tests.unit_tests.test_user" name="test_user__title_stats_with_limit" time="0.332" /><testcase classname="tests.unit_tests.test_user" name="test_user__repr_and_str" time="0.019" /><testcase classname="tests.unit_tests.test_utils_misc" name="test_play_duration_to_timedelta_valid_inputs" time="0.001" /><testcase classname="tests.unit_tests.test_utils_misc" name="test_play_duration_to_timedelta_invalid_inputs" time="0.003" /></testsuite></testsuites>