<?xml version="1.0" encoding="utf-8"?><testsuites><testsuite name="pytest" errors="0" failures="0" skipped="1" tests="6" time="0.626" timestamp="2022-06-27T23:07:06.941622" hostname="fv-az203-393"><testcase classname="tests.unit_tests.psnawp_client_test" name="test__authentication" time="0.044" /><testcase classname="tests.unit_tests.psnawp_client_test" name="test__online_id" time="0.371" /><testcase classname="tests.unit_tests.psnawp_client_test" name="test__account_id" time="0.028" /><testcase classname="tests.unit_tests.psnawp_client_test" name="test__account_devices" time="0.001"><skipped type="pytest.skip" message="Not implemented yet">/home/runner/work/psnawp/psnawp/tests/unit_tests/psnawp_client_test.py:31: Not implemented yet</skipped></testcase><testcase classname="tests.unit_tests.psnawp_client_test" name="test__get_friends" time="0.027" /><testcase classname="tests.unit_tests.psnawp_client_test" name="test__blocked_list" time="0.030" /></testsuite></testsuites>