============================= test session starts ==============================
platform linux -- Python 3.10.6, pytest-7.1.3, pluggy-1.0.0
rootdir: /home/runner/work/psnawp/psnawp, configfile: pyproject.toml, testpaths: tests
plugins: cov-3.0.0, vcr-1.0.2
collected 8 items

tests/unit_tests/test_psnawp_client.py ........                          [100%]

-------- generated xml file: /home/runner/work/psnawp/psnawp/pytest.xml --------

---------- coverage: platform linux, python 3.10.6-final-0 -----------
Name                                                                                                       Stmts   Miss  Cover
------------------------------------------------------------------------------------------------------------------------------
/opt/hostedtoolcache/Python/3.10.6/x64/lib/python3.10/site-packages/psnawp_api/__init__.py                     1      0   100%
/opt/hostedtoolcache/Python/3.10.6/x64/lib/python3.10/site-packages/psnawp_api/core/__init__.py                0      0   100%
/opt/hostedtoolcache/Python/3.10.6/x64/lib/python3.10/site-packages/psnawp_api/core/authenticator.py          46     11    76%
/opt/hostedtoolcache/Python/3.10.6/x64/lib/python3.10/site-packages/psnawp_api/core/psnawp_exceptions.py       9      3    67%
/opt/hostedtoolcache/Python/3.10.6/x64/lib/python3.10/site-packages/psnawp_api/models/__init__.py              0      0   100%
/opt/hostedtoolcache/Python/3.10.6/x64/lib/python3.10/site-packages/psnawp_api/models/client.py               39      0   100%
/opt/hostedtoolcache/Python/3.10.6/x64/lib/python3.10/site-packages/psnawp_api/models/message_thread.py       37     37     0%
/opt/hostedtoolcache/Python/3.10.6/x64/lib/python3.10/site-packages/psnawp_api/models/search.py               11      6    45%
/opt/hostedtoolcache/Python/3.10.6/x64/lib/python3.10/site-packages/psnawp_api/models/user.py                 50     33    34%
/opt/hostedtoolcache/Python/3.10.6/x64/lib/python3.10/site-packages/psnawp_api/psnawp.py                      20      6    70%
/opt/hostedtoolcache/Python/3.10.6/x64/lib/python3.10/site-packages/psnawp_api/utils/__init__.py               0      0   100%
/opt/hostedtoolcache/Python/3.10.6/x64/lib/python3.10/site-packages/psnawp_api/utils/endpoints.py              2      0   100%
/opt/hostedtoolcache/Python/3.10.6/x64/lib/python3.10/site-packages/psnawp_api/utils/misc.py                  13      0   100%
/opt/hostedtoolcache/Python/3.10.6/x64/lib/python3.10/site-packages/psnawp_api/utils/request_builder.py       48     25    48%
------------------------------------------------------------------------------------------------------------------------------
TOTAL                                                                                                        276    121    56%

============================== 8 passed in 0.82s ===============================
