<?xml version="1.0" encoding="utf-8"?><testsuites><testsuite name="pytest" errors="0" failures="0" skipped="1" tests="6" time="5.965" timestamp="2022-06-27T19:45:24.564006" hostname="pop-os"><testcase classname="tests.unit_tests.test_psnawp_client" name="test__authentication" time="0.839" /><testcase classname="tests.unit_tests.test_psnawp_client" name="test__online_id" time="2.392" /><testcase classname="tests.unit_tests.test_psnawp_client" name="test__account_id" time="0.857" /><testcase classname="tests.unit_tests.test_psnawp_client" name="test__account_devices" time="0.002"><skipped type="pytest.skip" message="Not implemented yet">/home/kira/drives/samsung-ssd/Programming/Pycharm/psn-python/tests/unit_tests/test_psnawp_client.py:31: Not implemented yet</skipped></testcase><testcase classname="tests.unit_tests.test_psnawp_client" name="test__get_friends" time="0.822" /><testcase classname="tests.unit_tests.test_psnawp_client" name="test__blocked_list" time="0.947" /></testsuite></testsuites>