<?xml version="1.0" encoding="utf-8"?><testsuites><testsuite name="pytest" errors="0" failures="0" skipped="1" tests="6" time="1.327" timestamp="2022-06-28T00:40:53.374139" hostname="fv-az178-960"><testcase classname="tests.unit_tests.test_psnawp_client" name="test__authentication" time="0.034" /><testcase classname="tests.unit_tests.test_psnawp_client" name="test__online_id" time="1.097" /><testcase classname="tests.unit_tests.test_psnawp_client" name="test__account_id" time="0.022" /><testcase classname="tests.unit_tests.test_psnawp_client" name="test__account_devices" time="0.000"><skipped type="pytest.skip" message="Not implemented yet">/home/runner/work/psnawp/psnawp/tests/unit_tests/test_psnawp_client.py:31: Not implemented yet</skipped></testcase><testcase classname="tests.unit_tests.test_psnawp_client" name="test__get_friends" time="0.022" /><testcase classname="tests.unit_tests.test_psnawp_client" name="test__blocked_list" time="0.023" /></testsuite></testsuites>