<?xml version="1.0" encoding="utf-8"?><testsuites><testsuite name="pytest" errors="0" failures="0" skipped="0" tests="102" time="159.946" timestamp="2025-05-24T05:06:31.867510+00:00" hostname="fv-az2241-559"><testcase classname="tests.integration_tests.integration_test_psnawp_api.core.test_authenticator" name="test_authenticator__authentication" time="0.128" /><testcase classname="tests.integration_tests.integration_test_psnawp_api.core.test_authenticator" name="test_authenticator__access_token_from_refresh_token" time="3.056" /><testcase classname="tests.integration_tests.integration_test_psnawp_api.core.test_authenticator" name="test_authenticator__incorrect_npsso" time="3.016" /><testcase classname="tests.integration_tests.integration_test_psnawp_api.models.test_client" name="test_client__online_id" time="0.034" /><testcase classname="tests.integration_tests.integration_test_psnawp_api.models.test_client" name="test_client__account_id" time="3.008" /><testcase classname="tests.integration_tests.integration_test_psnawp_api.models.test_client" name="test_client__get_profile_legacy" time="0.023" /><testcase classname="tests.integration_tests.integration_test_psnawp_api.models.test_client" name="test_client__account_devices" time="0.012" /><testcase classname="tests.integration_tests.integration_test_psnawp_api.models.test_client" name="test_client__get_friends" time="3.028" /><testcase classname="tests.integration_tests.integration_test_psnawp_api.models.test_client" name="test_client__friend_requests" time="0.018" /><testcase classname="tests.integration_tests.integration_test_psnawp_api.models.test_client" name="test_client__get_presences" time="3.044" /><testcase classname="tests.integration_tests.integration_test_psnawp_api.models.test_client" name="test_client__get_groups" time="0.013" /><testcase classname="tests.integration_tests.integration_test_psnawp_api.models.test_client" name="test_client__available_to_play" time="3.012" /><testcase classname="tests.integration_tests.integration_test_psnawp_api.models.test_client" name="test_client__blocked_list" time="0.012" /><testcase classname="tests.integration_tests.integration_test_psnawp_api.models.test_client" name="test_client__get_shareable_profile_link" time="0.018" /><testcase classname="tests.integration_tests.integration_test_psnawp_api.models.test_client" name="test_client__trophy_summary" time="3.013" /><testcase classname="tests.integration_tests.integration_test_psnawp_api.models.test_client" name="test_client__trophy_titles" time="0.013" /><testcase classname="tests.integration_tests.integration_test_psnawp_api.models.test_client" name="test_client__trophy_titles_for_title" time="0.013" /><testcase classname="tests.integration_tests.integration_test_psnawp_api.models.test_client" name="test_client__trophies" time="0.014" /><testcase classname="tests.integration_tests.integration_test_psnawp_api.models.test_client" name="test_client__trophies_with_progress" time="3.013" /><testcase classname="tests.integration_tests.integration_test_psnawp_api.models.test_client" name="test_client__trophy_groups_summary" time="0.013" /><testcase classname="tests.integration_tests.integration_test_psnawp_api.models.test_client" name="test_client__trophy_groups_summary_with_progress" time="0.019" /><testcase classname="tests.integration_tests.integration_test_psnawp_api.models.test_client" name="test_client__title_stats" time="3.010" /><testcase classname="tests.integration_tests.integration_test_psnawp_api.models.test_client" name="test_client__game_entitlements_with_limit" time="0.045" /><testcase classname="tests.integration_tests.integration_test_psnawp_api.models.test_client" name="test_client__game_entitlements" time="3.039" /><testcase classname="tests.integration_tests.integration_test_psnawp_api.models.test_client" name="test_client__repr_and_str" time="3.019" /><testcase classname="tests.integration_tests.integration_test_psnawp_api.models.test_client" name="test_client__get_region" time="0.029" /><testcase classname="tests.integration_tests.integration_test_psnawp_api.models.test_game_title" name="test_game_title__np_communication_id" time="3.012" /><testcase classname="tests.integration_tests.integration_test_psnawp_api.models.test_game_title" name="test_game_title__ps3" time="0.006" /><testcase classname="tests.integration_tests.integration_test_psnawp_api.models.test_game_title" name="test_game_title__ps3_illegal_arguments" time="0.006" /><testcase classname="tests.integration_tests.integration_test_psnawp_api.models.test_game_title" name="test_game_title__wrong_title_id" time="0.014" /><testcase classname="tests.integration_tests.integration_test_psnawp_api.models.test_game_title" name="test_game_title__get_title_details" time="3.022" /><testcase classname="tests.integration_tests.integration_test_psnawp_api.models.test_game_title" name="test_game_title__get_localized_title_details" time="0.021" /><testcase classname="tests.integration_tests.integration_test_psnawp_api.models.test_game_title" name="test_game_title__trophies" time="0.021" /><testcase classname="tests.integration_tests.integration_test_psnawp_api.models.test_game_title" name="test_game_title__trophy_groups_summary" time="3.013" /><testcase classname="tests.integration_tests.integration_test_psnawp_api.models.test_game_title" name="test_game_title__trophies_game_not_owned_by_user" time="0.013" /><testcase classname="tests.integration_tests.integration_test_psnawp_api.models.test_game_title" name="test_game_title__trophy_groups_summary_game_not_owned_by_user" time="0.013" /><testcase classname="tests.integration_tests.integration_test_psnawp_api.models.test_game_title" name="test_game_title__trophies_invalid_np_communication_id" time="3.016" /><testcase classname="tests.integration_tests.integration_test_psnawp_api.models.test_game_title" name="test_game_title__trophy_groups_summary_invalid_np_communication_id" time="0.013" /><testcase classname="tests.integration_tests.integration_test_psnawp_api.models.test_game_title" name="test_game_title__title_icon_url" time="0.021" /><testcase classname="tests.integration_tests.integration_test_psnawp_api.models.test_game_title" name="test_game_title__title_icon_url_invalid_platform" time="3.014" /><testcase classname="tests.integration_tests.integration_test_psnawp_api.models.test_group" name="test_group__group_incorrect_args_None" time="0.006" /><testcase classname="tests.integration_tests.integration_test_psnawp_api.models.test_group" name="test_group__group_with_wrong_id" time="0.015" /><testcase classname="tests.integration_tests.integration_test_psnawp_api.models.test_group" name="test_group__group_with_users" time="9.141" /><testcase classname="tests.integration_tests.integration_test_psnawp_api.models.test_group" name="test_group__group_with_id" time="0.022" /><testcase classname="tests.integration_tests.integration_test_psnawp_api.models.test_group" name="test_group__get_group_information" time="3.020" /><testcase classname="tests.integration_tests.integration_test_psnawp_api.models.test_group" name="test_group__repr_and_str" time="0.015" /><testcase classname="tests.integration_tests.integration_test_psnawp_api.models.test_group" name="test_group__change_name_dm" time="0.023" /><testcase classname="tests.integration_tests.integration_test_psnawp_api.models.test_group" name="test_group__dming_blocked_user" time="12.152" /><testcase classname="tests.integration_tests.integration_test_psnawp_api.models.test_group" name="test_group__change_name" time="0.024" /><testcase classname="tests.integration_tests.integration_test_psnawp_api.models.test_group" name="test_group__kick_member" time="3.024" /><testcase classname="tests.integration_tests.integration_test_psnawp_api.models.test_group" name="test_group__kick_member_not_found" time="0.022" /><testcase classname="tests.integration_tests.integration_test_psnawp_api.models.test_group" name="test_group__invite_members" time="0.022" /><testcase classname="tests.integration_tests.integration_test_psnawp_api.models.test_group" name="test_group__invite_members_blocked" time="3.011" /><testcase classname="tests.integration_tests.integration_test_psnawp_api.models.test_group" name="test_group__leave_group" time="0.022" /><testcase classname="tests.integration_tests.integration_test_psnawp_api.models.test_search" name="test_search__universal_search" time="3.019" /><testcase classname="tests.integration_tests.integration_test_psnawp_api.models.test_search" name="test_search__get_game_content_id" time="0.017" /><testcase classname="tests.integration_tests.integration_test_psnawp_api.models.test_search" name="test_search__get_game_content_pagination_test" time="0.028" /><testcase classname="tests.integration_tests.integration_test_psnawp_api.models.test_search" name="test_search__get_addon_content_id" time="3.003" /><testcase classname="tests.integration_tests.integration_test_psnawp_api.models.test_search" name="test_search__get_get_addon_pagination_test" time="0.026" /><testcase classname="tests.integration_tests.integration_test_psnawp_api.models.test_search" name="test_search__get_user_id" time="0.016" /><testcase classname="tests.integration_tests.integration_test_psnawp_api.models.test_search" name="test_search__get_user_pagination_test" time="6.056" /><testcase classname="tests.integration_tests.integration_test_psnawp_api.models.test_search" name="test_search__get_user_pagination__limit_test" time="0.027" /><testcase classname="tests.integration_tests.integration_test_psnawp_api.models.test_user" name="test_user__user" time="0.014" /><testcase classname="tests.integration_tests.integration_test_psnawp_api.models.test_user" name="test_user__user_account_id" time="3.005" /><testcase classname="tests.integration_tests.integration_test_psnawp_api.models.test_user" name="test_user__user_no_argument" time="0.006" /><testcase classname="tests.integration_tests.integration_test_psnawp_api.models.test_user" name="test_user__user_wrong_acc_id" time="0.013" /><testcase classname="tests.integration_tests.integration_test_psnawp_api.models.test_user" name="test_user__prev_online_id" time="0.013" /><testcase classname="tests.integration_tests.integration_test_psnawp_api.models.test_user" name="test_user__user_not_found" time="3.015" /><testcase classname="tests.integration_tests.integration_test_psnawp_api.models.test_user" name="test_user__user_acct_id_not_found" time="0.014" /><testcase classname="tests.integration_tests.integration_test_psnawp_api.models.test_user" name="test_user__get_profile" time="0.022" /><testcase classname="tests.integration_tests.integration_test_psnawp_api.models.test_user" name="test_user__get_presence" time="3.016" /><testcase classname="tests.integration_tests.integration_test_psnawp_api.models.test_user" name="test_user__get_presence_forbidden" time="0.012" /><testcase classname="tests.integration_tests.integration_test_psnawp_api.models.test_user" name="test_user__friendship" time="0.014" /><testcase classname="tests.integration_tests.integration_test_psnawp_api.models.test_user" name="test_user__accept_friend_request" time="0.011" /><testcase classname="tests.integration_tests.integration_test_psnawp_api.models.test_user" name="test_user__remove_friend" time="3.006" /><testcase classname="tests.integration_tests.integration_test_psnawp_api.models.test_user" name="test_user__get_friends" time="0.011" /><testcase classname="tests.integration_tests.integration_test_psnawp_api.models.test_user" name="test_user__get_friends_forbidden" time="0.011" /><testcase classname="tests.integration_tests.integration_test_psnawp_api.models.test_user" name="test_user__is_blocked" time="0.012" /><testcase classname="tests.integration_tests.integration_test_psnawp_api.models.test_user" name="test_user__get_shareable_profile_link" time="3.012" /><testcase classname="tests.integration_tests.integration_test_psnawp_api.models.test_user" name="test_user__trophy_summary" time="0.022" /><testcase classname="tests.integration_tests.integration_test_psnawp_api.models.test_user" name="test_user__trophy_summary_forbidden" time="0.011" /><testcase classname="tests.integration_tests.integration_test_psnawp_api.models.test_user" name="test_user__trophy_titles" time="3.029" /><testcase classname="tests.integration_tests.integration_test_psnawp_api.models.test_user" name="test_user__trophy_titles_forbidden" time="0.011" /><testcase classname="tests.integration_tests.integration_test_psnawp_api.models.test_user" name="test_user__trophy_titles_pagination_test" time="24.408" /><testcase classname="tests.integration_tests.integration_test_psnawp_api.models.test_user" name="test_user__trophy_titles_for_title" time="3.019" /><testcase classname="tests.integration_tests.integration_test_psnawp_api.models.test_user" name="test_user__trophy_titles_for_title_forbidden" time="0.011" /><testcase classname="tests.integration_tests.integration_test_psnawp_api.models.test_user" name="test_user__trophies" time="3.038" /><testcase classname="tests.integration_tests.integration_test_psnawp_api.models.test_user" name="test_user__trophies_with_progress_forbidden" time="0.017" /><testcase classname="tests.integration_tests.integration_test_psnawp_api.models.test_user" name="test_user__trophies_pagination_test" time="3.040" /><testcase classname="tests.integration_tests.integration_test_psnawp_api.models.test_user" name="test_user__trophy_groups_summary" time="3.048" /><testcase classname="tests.integration_tests.integration_test_psnawp_api.models.test_user" name="test_user__trophy_groups_summary_forbidden" time="0.019" /><testcase classname="tests.integration_tests.integration_test_psnawp_api.models.test_user" name="test_user__title_stats" time="0.013" /><testcase classname="tests.integration_tests.integration_test_psnawp_api.models.test_user" name="test_user__title_stats_with_limit" time="6.096" /><testcase classname="tests.integration_tests.integration_test_psnawp_api.models.test_user" name="test_user__title_stats_with_jump" time="3.039" /><testcase classname="tests.integration_tests.integration_test_psnawp_api.models.test_user" name="test_user__repr_and_str" time="0.006" /><testcase classname="tests.integration_tests.integration_test_psnawp_api.models.test_user" name="test_user__get_region" time="3.025" /><testcase classname="tests.integration_tests.integration_test_psnawp_api.utils.test_utils_misc" name="test_play_duration_to_timedelta_valid_inputs" time="0.001" /><testcase classname="tests.integration_tests.integration_test_psnawp_api.utils.test_utils_misc" name="test_play_duration_to_timedelta_invalid_inputs" time="0.001" /><testcase classname="tests.integration_tests.integration_test_psnawp_api.utils.test_utils_misc" name="test_extract_region_from_npid" time="0.001" /><testcase classname="tests.integration_tests.integration_test_psnawp_api.utils.test_utils_misc" name="test_extract_npsso_input" time="0.001" /><testcase classname="tests.integration_tests.integration_test_psnawp_api.utils.test_utils_misc" name="test_extract_npsso_invalid_json" time="0.001" /><testcase classname="tests.integration_tests.integration_test_psnawp_api.utils.test_utils_misc" name="test_extract_npsso_invalid_json_key" time="0.001" /></testsuite></testsuites>