<?xml version="1.0" encoding="utf-8"?><testsuites name="pytest tests"><testsuite name="pytest" errors="0" failures="0" skipped="0" tests="103" time="638.451" timestamp="2026-03-07T01:22:16.727968-05:00" hostname="eluktronics-max-17"><testcase classname="tests.integration_tests.integration_test_psnawp_api.core.test_authenticator" name="test_authenticator__authentication" time="9.175" /><testcase classname="tests.integration_tests.integration_test_psnawp_api.core.test_authenticator" name="test_authenticator__access_token_from_refresh_token" time="18.367" /><testcase classname="tests.integration_tests.integration_test_psnawp_api.core.test_authenticator" name="test_authenticator__incorrect_npsso" time="0.020" /><testcase classname="tests.integration_tests.integration_test_psnawp_api.core.test_exceptions" name="test_exception__exception_parsing" time="9.170" /><testcase classname="tests.integration_tests.integration_test_psnawp_api.models.test_client" name="test_client__online_id" time="6.100" /><testcase classname="tests.integration_tests.integration_test_psnawp_api.models.test_client" name="test_client__account_id" time="3.049" /><testcase classname="tests.integration_tests.integration_test_psnawp_api.models.test_client" name="test_client__get_profile_legacy" time="9.149" /><testcase classname="tests.integration_tests.integration_test_psnawp_api.models.test_client" name="test_client__account_devices" time="3.049" /><testcase classname="tests.integration_tests.integration_test_psnawp_api.models.test_client" name="test_client__get_friends" time="12.201" /><testcase classname="tests.integration_tests.integration_test_psnawp_api.models.test_client" name="test_client__friend_requests" time="6.098" /><testcase classname="tests.integration_tests.integration_test_psnawp_api.models.test_client" name="test_client__get_presences" time="15.251" /><testcase classname="tests.integration_tests.integration_test_psnawp_api.models.test_client" name="test_client__get_groups" time="3.044" /><testcase classname="tests.integration_tests.integration_test_psnawp_api.models.test_client" name="test_client__available_to_play" time="3.052" /><testcase classname="tests.integration_tests.integration_test_psnawp_api.models.test_client" name="test_client__blocked_list" time="3.051" /><testcase classname="tests.integration_tests.integration_test_psnawp_api.models.test_client" name="test_client__get_shareable_profile_link" time="6.099" /><testcase classname="tests.integration_tests.integration_test_psnawp_api.models.test_client" name="test_client__trophy_summary" time="3.050" /><testcase classname="tests.integration_tests.integration_test_psnawp_api.models.test_client" name="test_client__trophy_titles" time="3.676" /><testcase classname="tests.integration_tests.integration_test_psnawp_api.models.test_client" name="test_client__trophy_titles_for_title" time="2.421" /><testcase classname="tests.integration_tests.integration_test_psnawp_api.models.test_client" name="test_client__trophies" time="3.051" /><testcase classname="tests.integration_tests.integration_test_psnawp_api.models.test_client" name="test_client__trophies_with_progress" time="6.098" /><testcase classname="tests.integration_tests.integration_test_psnawp_api.models.test_client" name="test_client__trophy_groups_summary" time="3.051" /><testcase classname="tests.integration_tests.integration_test_psnawp_api.models.test_client" name="test_client__trophy_groups_summary_with_progress" time="8.110" /><testcase classname="tests.integration_tests.integration_test_psnawp_api.models.test_client" name="test_client__title_stats" time="1.041" /><testcase classname="tests.integration_tests.integration_test_psnawp_api.models.test_client" name="test_client__game_entitlements_with_limit" time="15.249" /><testcase classname="tests.integration_tests.integration_test_psnawp_api.models.test_client" name="test_client__game_entitlements" time="18.299" /><testcase classname="tests.integration_tests.integration_test_psnawp_api.models.test_client" name="test_client__repr_and_str" time="6.097" /><testcase classname="tests.integration_tests.integration_test_psnawp_api.models.test_client" name="test_client__get_region" time="9.152" /><testcase classname="tests.integration_tests.integration_test_psnawp_api.models.test_game_title" name="test_game_title__np_communication_id" time="3.048" /><testcase classname="tests.integration_tests.integration_test_psnawp_api.models.test_game_title" name="test_game_title__ps3" time="0.003" /><testcase classname="tests.integration_tests.integration_test_psnawp_api.models.test_game_title" name="test_game_title__ps3_illegal_arguments" time="0.003" /><testcase classname="tests.integration_tests.integration_test_psnawp_api.models.test_game_title" name="test_game_title__wrong_title_id" time="3.044" /><testcase classname="tests.integration_tests.integration_test_psnawp_api.models.test_game_title" name="test_game_title__get_title_details" time="6.098" /><testcase classname="tests.integration_tests.integration_test_psnawp_api.models.test_game_title" name="test_game_title__get_localized_title_details" time="6.100" /><testcase classname="tests.integration_tests.integration_test_psnawp_api.models.test_game_title" name="test_game_title__trophies" time="6.099" /><testcase classname="tests.integration_tests.integration_test_psnawp_api.models.test_game_title" name="test_game_title__trophy_groups_summary" time="6.098" /><testcase classname="tests.integration_tests.integration_test_psnawp_api.models.test_game_title" name="test_game_title__trophies_game_not_owned_by_user" time="3.052" /><testcase classname="tests.integration_tests.integration_test_psnawp_api.models.test_game_title" name="test_game_title__trophy_groups_summary_game_not_owned_by_user" time="3.050" /><testcase classname="tests.integration_tests.integration_test_psnawp_api.models.test_game_title" name="test_game_title__trophies_invalid_np_communication_id" time="3.048" /><testcase classname="tests.integration_tests.integration_test_psnawp_api.models.test_game_title" name="test_game_title__trophy_groups_summary_invalid_np_communication_id" time="3.049" /><testcase classname="tests.integration_tests.integration_test_psnawp_api.models.test_game_title" name="test_game_title__title_icon_url" time="6.101" /><testcase classname="tests.integration_tests.integration_test_psnawp_api.models.test_game_title" name="test_game_title__title_icon_url_invalid_platform" time="3.051" /><testcase classname="tests.integration_tests.integration_test_psnawp_api.models.test_group" name="test_group__group_incorrect_args_None" time="0.004" /><testcase classname="tests.integration_tests.integration_test_psnawp_api.models.test_group" name="test_group__group_with_wrong_id" time="3.043" /><testcase classname="tests.integration_tests.integration_test_psnawp_api.models.test_group" name="test_group__group_with_users" time="12.548" /><testcase classname="tests.integration_tests.integration_test_psnawp_api.models.test_group" name="test_group__group_with_id" time="6.099" /><testcase classname="tests.integration_tests.integration_test_psnawp_api.models.test_group" name="test_group__get_group_information" time="6.099" /><testcase classname="tests.integration_tests.integration_test_psnawp_api.models.test_group" name="test_group__repr_and_str" time="3.049" /><testcase classname="tests.integration_tests.integration_test_psnawp_api.models.test_group" name="test_group__change_name_dm" time="6.102" /><testcase classname="tests.integration_tests.integration_test_psnawp_api.models.test_group" name="test_group__dming_blocked_user" time="6.338" /><testcase classname="tests.integration_tests.integration_test_psnawp_api.models.test_group" name="test_group__change_name" time="6.098" /><testcase classname="tests.integration_tests.integration_test_psnawp_api.models.test_group" name="test_group__kick_member" time="6.100" /><testcase classname="tests.integration_tests.integration_test_psnawp_api.models.test_group" name="test_group__kick_member_not_found" time="6.099" /><testcase classname="tests.integration_tests.integration_test_psnawp_api.models.test_group" name="test_group__invite_members" time="6.099" /><testcase classname="tests.integration_tests.integration_test_psnawp_api.models.test_group" name="test_group__invite_members_blocked" time="6.099" /><testcase classname="tests.integration_tests.integration_test_psnawp_api.models.test_group" name="test_group__leave_group" time="6.101" /><testcase classname="tests.integration_tests.integration_test_psnawp_api.models.test_search" name="test_search__universal_search" time="3.051" /><testcase classname="tests.integration_tests.integration_test_psnawp_api.models.test_search" name="test_search__get_game_content_id" time="3.048" /><testcase classname="tests.integration_tests.integration_test_psnawp_api.models.test_search" name="test_search__get_game_content_pagination_test" time="6.098" /><testcase classname="tests.integration_tests.integration_test_psnawp_api.models.test_search" name="test_search__get_addon_content_id" time="4.880" /><testcase classname="tests.integration_tests.integration_test_psnawp_api.models.test_search" name="test_search__get_get_addon_pagination_test" time="4.266" /><testcase classname="tests.integration_tests.integration_test_psnawp_api.models.test_search" name="test_search__get_user_id" time="3.049" /><testcase classname="tests.integration_tests.integration_test_psnawp_api.models.test_search" name="test_search__get_user_pagination_test" time="21.350" /><testcase classname="tests.integration_tests.integration_test_psnawp_api.models.test_search" name="test_search__get_user_pagination__limit_test" time="6.099" /><testcase classname="tests.integration_tests.integration_test_psnawp_api.models.test_user" name="test_user__user" time="3.049" /><testcase classname="tests.integration_tests.integration_test_psnawp_api.models.test_user" name="test_user__user_account_id" time="3.049" /><testcase classname="tests.integration_tests.integration_test_psnawp_api.models.test_user" name="test_user__user_no_argument" time="0.003" /><testcase classname="tests.integration_tests.integration_test_psnawp_api.models.test_user" name="test_user__user_wrong_acc_id" time="3.045" /><testcase classname="tests.integration_tests.integration_test_psnawp_api.models.test_user" name="test_user__prev_online_id" time="3.049" /><testcase classname="tests.integration_tests.integration_test_psnawp_api.models.test_user" name="test_user__user_not_found" time="3.050" /><testcase classname="tests.integration_tests.integration_test_psnawp_api.models.test_user" name="test_user__user_acct_id_not_found" time="4.984" /><testcase classname="tests.integration_tests.integration_test_psnawp_api.models.test_user" name="test_user__get_profile" time="4.163" /><testcase classname="tests.integration_tests.integration_test_psnawp_api.models.test_user" name="test_user__get_presence" time="0.016" /><testcase classname="tests.integration_tests.integration_test_psnawp_api.models.test_user" name="test_user__get_presence_forbidden" time="0.012" /><testcase classname="tests.integration_tests.integration_test_psnawp_api.models.test_user" name="test_user__friendship" time="3.035" /><testcase classname="tests.integration_tests.integration_test_psnawp_api.models.test_user" name="test_user__accept_friend_request" time="3.049" /><testcase classname="tests.integration_tests.integration_test_psnawp_api.models.test_user" name="test_user__remove_friend" time="3.048" /><testcase classname="tests.integration_tests.integration_test_psnawp_api.models.test_user" name="test_user__get_friends" time="3.050" /><testcase classname="tests.integration_tests.integration_test_psnawp_api.models.test_user" name="test_user__get_friends_forbidden" time="0.009" /><testcase classname="tests.integration_tests.integration_test_psnawp_api.models.test_user" name="test_user__is_blocked" time="3.039" /><testcase classname="tests.integration_tests.integration_test_psnawp_api.models.test_user" name="test_user__get_shareable_profile_link" time="3.051" /><testcase classname="tests.integration_tests.integration_test_psnawp_api.models.test_user" name="test_user__trophy_summary" time="3.067" /><testcase classname="tests.integration_tests.integration_test_psnawp_api.models.test_user" name="test_user__trophy_summary_forbidden" time="0.009" /><testcase classname="tests.integration_tests.integration_test_psnawp_api.models.test_user" name="test_user__trophy_titles" time="9.138" /><testcase classname="tests.integration_tests.integration_test_psnawp_api.models.test_user" name="test_user__trophy_titles_forbidden" time="0.010" /><testcase classname="tests.integration_tests.integration_test_psnawp_api.models.test_user" name="test_user__trophy_titles_pagination_test" time="131.139" /><testcase classname="tests.integration_tests.integration_test_psnawp_api.models.test_user" name="test_user__trophy_titles_for_title" time="6.099" /><testcase classname="tests.integration_tests.integration_test_psnawp_api.models.test_user" name="test_user__trophy_titles_for_title_forbidden" time="0.011" /><testcase classname="tests.integration_tests.integration_test_psnawp_api.models.test_user" name="test_user__trophies" time="12.185" /><testcase classname="tests.integration_tests.integration_test_psnawp_api.models.test_user" name="test_user__trophies_with_progress_forbidden" time="3.062" /><testcase classname="tests.integration_tests.integration_test_psnawp_api.models.test_user" name="test_user__trophies_pagination_test" time="9.168" /><testcase classname="tests.integration_tests.integration_test_psnawp_api.models.test_user" name="test_user__trophy_groups_summary" time="12.198" /><testcase classname="tests.integration_tests.integration_test_psnawp_api.models.test_user" name="test_user__trophy_groups_summary_forbidden" time="3.064" /><testcase classname="tests.integration_tests.integration_test_psnawp_api.models.test_user" name="test_user__title_stats" time="0.010" /><testcase classname="tests.integration_tests.integration_test_psnawp_api.models.test_user" name="test_user__title_stats_with_limit" time="18.390" /><testcase classname="tests.integration_tests.integration_test_psnawp_api.models.test_user" name="test_user__title_stats_with_jump" time="12.198" /><testcase classname="tests.integration_tests.integration_test_psnawp_api.models.test_user" name="test_user__repr_and_str" time="0.005" /><testcase classname="tests.integration_tests.integration_test_psnawp_api.models.test_user" name="test_user__get_region" time="6.093" /><testcase classname="tests.integration_tests.integration_test_psnawp_api.utils.test_utils_misc" name="test_play_duration_to_timedelta_valid_inputs" time="0.001" /><testcase classname="tests.integration_tests.integration_test_psnawp_api.utils.test_utils_misc" name="test_play_duration_to_timedelta_invalid_inputs" time="0.000" /><testcase classname="tests.integration_tests.integration_test_psnawp_api.utils.test_utils_misc" name="test_extract_region_from_npid" time="0.000" /><testcase classname="tests.integration_tests.integration_test_psnawp_api.utils.test_utils_misc" name="test_extract_npsso_input" time="0.000" /><testcase classname="tests.integration_tests.integration_test_psnawp_api.utils.test_utils_misc" name="test_extract_npsso_invalid_json" time="0.000" /><testcase classname="tests.integration_tests.integration_test_psnawp_api.utils.test_utils_misc" name="test_extract_npsso_invalid_json_key" time="0.004" /></testsuite></testsuites>