<?xml version="1.0" encoding="utf-8"?><testsuites><testsuite name="pytest" errors="0" failures="0" skipped="0" tests="8" time="0.773" timestamp="2022-09-17T06:05:37.784580" hostname="fv-az180-481"><testcase classname="tests.unit_tests.test_psnawp_client" name="test__authentication" time="0.028" /><testcase classname="tests.unit_tests.test_psnawp_client" name="test__online_id" time="0.498" /><testcase classname="tests.unit_tests.test_psnawp_client" name="test__account_id" time="0.014" /><testcase classname="tests.unit_tests.test_psnawp_client" name="test__get_profile_legacy" time="0.022" /><testcase classname="tests.unit_tests.test_psnawp_client" name="test__account_devices" time="0.011" /><testcase classname="tests.unit_tests.test_psnawp_client" name="test__get_friends" time="0.011" /><testcase classname="tests.unit_tests.test_psnawp_client" name="test__blocked_list" time="0.011" /><testcase classname="tests.unit_tests.test_psnawp_client" name="test__repr_and_str" time="0.036" /></testsuite></testsuites>