<?xml version="1.0" encoding="utf-8"?><testsuites><testsuite name="pytest" errors="0" failures="0" skipped="0" tests="22" time="1.859" timestamp="2022-09-26T02:53:15.445355" hostname="fv-az196-725"><testcase classname="tests.unit_tests.test_client" name="test_client__authentication" time="0.048" /><testcase classname="tests.unit_tests.test_client" name="test_client__online_id" time="0.623" /><testcase classname="tests.unit_tests.test_client" name="test_client__account_id" time="0.025" /><testcase classname="tests.unit_tests.test_client" name="test_client__get_profile_legacy" time="0.045" /><testcase classname="tests.unit_tests.test_client" name="test_client__account_devices" time="0.022" /><testcase classname="tests.unit_tests.test_client" name="test_client__get_friends" time="0.357" /><testcase classname="tests.unit_tests.test_client" name="test_client__get_groups" time="0.123" /><testcase classname="tests.unit_tests.test_client" name="test_client__available_to_play" time="0.049" /><testcase classname="tests.unit_tests.test_client" name="test_client__blocked_list" time="0.021" /><testcase classname="tests.unit_tests.test_client" name="test_client__repr_and_str" time="0.067" /><testcase classname="tests.unit_tests.test_user" name="test_user__user" time="0.022" /><testcase classname="tests.unit_tests.test_user" name="test_user__user_account_id" time="0.022" /><testcase classname="tests.unit_tests.test_user" name="test_user__user_no_argument" time="0.012" /><testcase classname="tests.unit_tests.test_user" name="test_user__user_wrong_acc_id" time="0.016" /><testcase classname="tests.unit_tests.test_user" name="test_user__prev_online_id" time="0.023" /><testcase classname="tests.unit_tests.test_user" name="test_user__user_not_found" time="0.016" /><testcase classname="tests.unit_tests.test_user" name="test_user__user_acct_id_not_found" time="0.015" /><testcase classname="tests.unit_tests.test_user" name="test_user__get_presence" time="0.033" /><testcase classname="tests.unit_tests.test_user" name="test_user__get_presence_forbidden" time="0.033" /><testcase classname="tests.unit_tests.test_user" name="test_user__friendship" time="0.031" /><testcase classname="tests.unit_tests.test_user" name="test_user__is_blocked" time="0.031" /><testcase classname="tests.unit_tests.test_user" name="test_user__repr_and_str" time="0.024" /></testsuite></testsuites>